#
# There is insufficient memory for the Java Runtime Environment to continue.
# Native memory allocation (malloc) failed to allocate 1877296 bytes for Chunk::new
# Possible reasons:
#   The system is out of physical RAM or swap space
#   The process is running with CompressedOops enabled, and the Java Heap may be blocking the growth of the native heap
# Possible solutions:
#   Reduce memory load on the system
#   Increase physical memory or swap space
#   Check if swap backing store is full
#   Decrease Java heap size (-Xmx/-Xms)
#   Decrease number of Java threads
#   Decrease Java thread stack sizes (-Xss)
#   Set larger code cache with -XX:ReservedCodeCacheSize=
#   JVM is running with Unscaled Compressed Oops mode in which the Java heap is
#     placed in the first 4GB address space. The Java Heap base address is the
#     maximum limit for the native heap growth. Please use -XX:HeapBaseMinAddress
#     to set the Java Heap base and to place the Java Heap above 4GB virtual address.
# This output file may be truncated or incomplete.
#
#  Out of Memory Error (arena.cpp:168), pid=11656, tid=20956
#
# JRE version: Java(TM) SE Runtime Environment (21.0.1+12) (build 21.0.1+12-LTS-29)
# Java VM: Java HotSpot(TM) 64-Bit Server VM (21.0.1+12-LTS-29, mixed mode, sharing, tiered, compressed oops, compressed class ptrs, g1 gc, windows-amd64)
# No core dump will be written. Minidumps are not enabled by default on client versions of Windows
#

---------------  S U M M A R Y ------------

Command Line: -javaagent:C:\Program Files\JetBrains\IntelliJ IDEA Community Edition 2023.2.5\lib\idea_rt.jar=52583:C:\Program Files\JetBrains\IntelliJ IDEA Community Edition 2023.2.5\bin -Dfile.encoding=UTF-8 -Dsun.stdout.encoding=UTF-8 -Dsun.stderr.encoding=UTF-8 com.springboot.blog.SpringbootBlogRestApiApplication

Host: 11th Gen Intel(R) Core(TM) i5-11400H @ 2.70GHz, 12 cores, 7G,  Windows 11 , 64 bit Build 22621 (10.0.22621.2506)
Time: Thu Dec 28 16:46:07 2023 India Standard Time elapsed time: 1.075639 seconds (0d 0h 0m 1s)

---------------  T H R E A D  ---------------

Current thread (0x000002244b5250f0):  JavaThread "C2 CompilerThread1" daemon [_thread_in_native, id=20956, stack(0x0000003cf1600000,0x0000003cf1700000) (1024K)]


Current CompileTask:
C2:   1075 2838   !   4       jdk.internal.loader.BuiltinClassLoader::loadClassOrNull (143 bytes)

Stack: [0x0000003cf1600000,0x0000003cf1700000]
Native frames: (J=compiled Java code, j=interpreted, Vv=VM code, C=native code)
V  [jvm.dll+0x6c9029]
V  [jvm.dll+0x854b81]
V  [jvm.dll+0x856e5e]
V  [jvm.dll+0x857543]
V  [jvm.dll+0x280c06]
V  [jvm.dll+0xc3ead]
V  [jvm.dll+0xc43c3]
V  [jvm.dll+0x3b5732]
V  [jvm.dll+0x382475]
V  [jvm.dll+0x3818ea]
V  [jvm.dll+0x249ad0]
V  [jvm.dll+0x2490b1]
V  [jvm.dll+0x1c9ca1]
V  [jvm.dll+0x2586b9]
V  [jvm.dll+0x256c9a]
V  [jvm.dll+0x3ef1b6]
V  [jvm.dll+0x7fd728]
V  [jvm.dll+0x6c777d]
C  [ucrtbase.dll+0x29363]
C  [KERNEL32.DLL+0x1257d]
C  [ntdll.dll+0x5aa58]


---------------  P R O C E S S  ---------------

Threads class SMR info:
_java_thread_list=0x0000022491c085c0, length=16, elements={
0x000002242e538e80, 0x000002244b10f850, 0x000002244b110810, 0x000002244b113280,
0x000002244b113dd0, 0x000002244b114f60, 0x000002244b1198e0, 0x000002244b124680,
0x000002244b129500, 0x000002244b44b370, 0x000002244b5250f0, 0x000002244b447ef0,
0x000002244b448580, 0x000002244b4492a0, 0x000002244b448c10, 0x0000022491800b50
}

Java Threads: ( => current thread )
  0x000002242e538e80 JavaThread "main"                              [_thread_blocked, id=18644, stack(0x0000003cf0500000,0x0000003cf0600000) (1024K)]
  0x000002244b10f850 JavaThread "Reference Handler"          daemon [_thread_blocked, id=11516, stack(0x0000003cf0d00000,0x0000003cf0e00000) (1024K)]
  0x000002244b110810 JavaThread "Finalizer"                  daemon [_thread_blocked, id=19024, stack(0x0000003cf0e00000,0x0000003cf0f00000) (1024K)]
  0x000002244b113280 JavaThread "Signal Dispatcher"          daemon [_thread_blocked, id=20324, stack(0x0000003cf0f00000,0x0000003cf1000000) (1024K)]
  0x000002244b113dd0 JavaThread "Attach Listener"            daemon [_thread_blocked, id=18504, stack(0x0000003cf1000000,0x0000003cf1100000) (1024K)]
  0x000002244b114f60 JavaThread "Service Thread"             daemon [_thread_blocked, id=16944, stack(0x0000003cf1100000,0x0000003cf1200000) (1024K)]
  0x000002244b1198e0 JavaThread "Monitor Deflation Thread"   daemon [_thread_blocked, id=20036, stack(0x0000003cf1200000,0x0000003cf1300000) (1024K)]
  0x000002244b124680 JavaThread "C2 CompilerThread0"         daemon [_thread_in_native, id=18372, stack(0x0000003cf1300000,0x0000003cf1400000) (1024K)]
  0x000002244b129500 JavaThread "C1 CompilerThread0"         daemon [_thread_in_native, id=15328, stack(0x0000003cf1400000,0x0000003cf1500000) (1024K)]
  0x000002244b44b370 JavaThread "Common-Cleaner"             daemon [_thread_blocked, id=18756, stack(0x0000003cf1500000,0x0000003cf1600000) (1024K)]
=>0x000002244b5250f0 JavaThread "C2 CompilerThread1"         daemon [_thread_in_native, id=20956, stack(0x0000003cf1600000,0x0000003cf1700000) (1024K)]
  0x000002244b447ef0 JavaThread "Monitor Ctrl-Break"         daemon [_thread_in_native, id=20900, stack(0x0000003cf1700000,0x0000003cf1800000) (1024K)]
  0x000002244b448580 JavaThread "Notification Thread"        daemon [_thread_blocked, id=15292, stack(0x0000003cf1800000,0x0000003cf1900000) (1024K)]
  0x000002244b4492a0 JavaThread "Thread-0"                          [_thread_blocked, id=19792, stack(0x0000003cf1900000,0x0000003cf1a00000) (1024K)]
  0x000002244b448c10 JavaThread "restartedMain"                     [_thread_in_Java, id=9596, stack(0x0000003cf1a00000,0x0000003cf1b00000) (1024K)]
  0x0000022491800b50 JavaThread "C2 CompilerThread2"         daemon [_thread_in_native, id=5052, stack(0x0000003cf2600000,0x0000003cf2700000) (1024K)]
Total: 16

Other Threads:
  0x000002244b0f1200 VMThread "VM Thread"                           [id=17012, stack(0x0000003cf0c00000,0x0000003cf0d00000) (1024K)]
  0x000002244b0d85c0 WatcherThread "VM Periodic Task Thread"        [id=14720, stack(0x0000003cf0b00000,0x0000003cf0c00000) (1024K)]
  0x000002242e590040 WorkerThread "GC Thread#0"                     [id=20148, stack(0x0000003cf0600000,0x0000003cf0700000) (1024K)]
  0x00000224911bc3b0 WorkerThread "GC Thread#1"                     [id=16100, stack(0x0000003cf1b00000,0x0000003cf1c00000) (1024K)]
  0x00000224911e1290 WorkerThread "GC Thread#2"                     [id=21264, stack(0x0000003cf1c00000,0x0000003cf1d00000) (1024K)]
  0x00000224911e1630 WorkerThread "GC Thread#3"                     [id=19924, stack(0x0000003cf1d00000,0x0000003cf1e00000) (1024K)]
  0x00000224911e19d0 WorkerThread "GC Thread#4"                     [id=3340, stack(0x0000003cf1e00000,0x0000003cf1f00000) (1024K)]
  0x00000224911e2180 WorkerThread "GC Thread#5"                     [id=20588, stack(0x0000003cf1f00000,0x0000003cf2000000) (1024K)]
  0x000002249160e730 WorkerThread "GC Thread#6"                     [id=17660, stack(0x0000003cf2100000,0x0000003cf2200000) (1024K)]
  0x000002249160ead0 WorkerThread "GC Thread#7"                     [id=18440, stack(0x0000003cf2200000,0x0000003cf2300000) (1024K)]
  0x00000224917ef380 WorkerThread "GC Thread#8"                     [id=18968, stack(0x0000003cf2300000,0x0000003cf2400000) (1024K)]
  0x00000224917ef720 WorkerThread "GC Thread#9"                     [id=17728, stack(0x0000003cf2400000,0x0000003cf2500000) (1024K)]
  0x000002242e5a3200 ConcurrentGCThread "G1 Main Marker"            [id=17260, stack(0x0000003cf0700000,0x0000003cf0800000) (1024K)]
  0x000002242e5a3d00 WorkerThread "G1 Conc#0"                       [id=20828, stack(0x0000003cf0800000,0x0000003cf0900000) (1024K)]
  0x000002242e5fe630 ConcurrentGCThread "G1 Refine#0"               [id=9752, stack(0x0000003cf0900000,0x0000003cf0a00000) (1024K)]
  0x000002244afad520 ConcurrentGCThread "G1 Service"                [id=14824, stack(0x0000003cf0a00000,0x0000003cf0b00000) (1024K)]
Total: 16

Threads with active compile tasks:
C2 CompilerThread0     1084 3003   !   4       java.net.URL::set (114 bytes)
C1 CompilerThread0     1084 3060   !   3       java.lang.Class::getTypeName (46 bytes)
C2 CompilerThread1     1084 2838   !   4       jdk.internal.loader.BuiltinClassLoader::loadClassOrNull (143 bytes)
C2 CompilerThread2     1084 2987       4       org.springframework.core.annotation.MergedAnnotationsCollection$AnnotationsSpliterator::tryAdvance (116 bytes)
Total: 4

VM state: not at safepoint (normal execution)

VM Mutex/Monitor currently owned by a thread:  ([mutex/lock_event])
[0x00007ffb5c5a9178] MethodCompileQueue_lock - owner thread: 0x000002244b129500
[0x00007ffb5c5aa4f8] CodeCache_lock - owner thread: 0x000002244b129500
[0x00007ffb5c5aa678] Compile_lock - owner thread: 0x000002244b129500

Heap address: 0x0000000084000000, size: 1984 MB, Compressed Oops mode: 32-bit

CDS archive(s) mapped at: [0x000002244c000000-0x000002244cc90000-0x000002244cc90000), size 13172736, SharedBaseAddress: 0x000002244c000000, ArchiveRelocationMode: 1.
Compressed class space mapped at: 0x000002244d000000-0x000002248d000000, reserved size: 1073741824
Narrow klass base: 0x000002244c000000, Narrow klass shift: 0, Narrow klass range: 0x100000000

GC Precious Log:
 CardTable entry size: 512
 Card Set container configuration: InlinePtr #cards 5 size 8 Array Of Cards #cards 12 size 40 Howl #buckets 4 coarsen threshold 1843 Howl Bitmap #cards 512 size 80 coarsen threshold 460 Card regions per heap region 1 cards per card region 2048
 CPUs: 12 total, 12 available
 Memory: 7929M
 Large Page Support: Disabled
 NUMA Support: Disabled
 Compressed Oops: Enabled (32-bit)
 Heap Region Size: 1M
 Heap Min Capacity: 8M
 Heap Initial Capacity: 124M
 Heap Max Capacity: 1984M
 Pre-touch: Disabled
 Parallel Workers: 10
 Concurrent Workers: 3
 Concurrent Refinement Workers: 10
 Periodic GC: Disabled

Heap:
 garbage-first heap   total 126976K, used 50395K [0x0000000084000000, 0x0000000100000000)
  region size 1024K, 45 young (46080K), 3 survivors (3072K)
 Metaspace       used 20856K, committed 21184K, reserved 1114112K
  class space    used 2520K, committed 2688K, reserved 1048576K

Heap Regions: E=young(eden), S=young(survivor), O=old, HS=humongous(starts), HC=humongous(continues), CS=collection set, F=free, TAMS=top-at-mark-start, PB=parsable bottom
|   0|0x0000000084000000, 0x0000000084100000, 0x0000000084100000|100%|HS|  |TAMS 0x0000000084000000| PB 0x0000000084000000| Complete 
|   1|0x0000000084100000, 0x0000000084200000, 0x0000000084200000|100%| O|  |TAMS 0x0000000084100000| PB 0x0000000084100000| Untracked 
|   2|0x0000000084200000, 0x0000000084300000, 0x0000000084300000|100%| O|  |TAMS 0x0000000084200000| PB 0x0000000084200000| Untracked 
|   3|0x0000000084300000, 0x0000000084400000, 0x0000000084400000|100%| O|  |TAMS 0x0000000084300000| PB 0x0000000084300000| Untracked 
|   4|0x0000000084400000, 0x0000000084500000, 0x0000000084500000|100%| O|  |TAMS 0x0000000084400000| PB 0x0000000084400000| Untracked 
|   5|0x0000000084500000, 0x0000000084600000, 0x0000000084600000|100%| O|  |TAMS 0x0000000084500000| PB 0x0000000084500000| Untracked 
|   6|0x0000000084600000, 0x00000000846857e0, 0x0000000084700000| 52%| O|  |TAMS 0x0000000084600000| PB 0x0000000084600000| Untracked 
|   7|0x0000000084700000, 0x0000000084700000, 0x0000000084800000|  0%| F|  |TAMS 0x0000000084700000| PB 0x0000000084700000| Untracked 
|   8|0x0000000084800000, 0x0000000084800000, 0x0000000084900000|  0%| F|  |TAMS 0x0000000084800000| PB 0x0000000084800000| Untracked 
|   9|0x0000000084900000, 0x0000000084900000, 0x0000000084a00000|  0%| F|  |TAMS 0x0000000084900000| PB 0x0000000084900000| Untracked 
|  10|0x0000000084a00000, 0x0000000084a00000, 0x0000000084b00000|  0%| F|  |TAMS 0x0000000084a00000| PB 0x0000000084a00000| Untracked 
|  11|0x0000000084b00000, 0x0000000084b00000, 0x0000000084c00000|  0%| F|  |TAMS 0x0000000084b00000| PB 0x0000000084b00000| Untracked 
|  12|0x0000000084c00000, 0x0000000084c00000, 0x0000000084d00000|  0%| F|  |TAMS 0x0000000084c00000| PB 0x0000000084c00000| Untracked 
|  13|0x0000000084d00000, 0x0000000084d00000, 0x0000000084e00000|  0%| F|  |TAMS 0x0000000084d00000| PB 0x0000000084d00000| Untracked 
|  14|0x0000000084e00000, 0x0000000084e00000, 0x0000000084f00000|  0%| F|  |TAMS 0x0000000084e00000| PB 0x0000000084e00000| Untracked 
|  15|0x0000000084f00000, 0x0000000084f00000, 0x0000000085000000|  0%| F|  |TAMS 0x0000000084f00000| PB 0x0000000084f00000| Untracked 
|  16|0x0000000085000000, 0x0000000085000000, 0x0000000085100000|  0%| F|  |TAMS 0x0000000085000000| PB 0x0000000085000000| Untracked 
|  17|0x0000000085100000, 0x0000000085100000, 0x0000000085200000|  0%| F|  |TAMS 0x0000000085100000| PB 0x0000000085100000| Untracked 
|  18|0x0000000085200000, 0x0000000085200000, 0x0000000085300000|  0%| F|  |TAMS 0x0000000085200000| PB 0x0000000085200000| Untracked 
|  19|0x0000000085300000, 0x0000000085300000, 0x0000000085400000|  0%| F|  |TAMS 0x0000000085300000| PB 0x0000000085300000| Untracked 
|  20|0x0000000085400000, 0x0000000085400000, 0x0000000085500000|  0%| F|  |TAMS 0x0000000085400000| PB 0x0000000085400000| Untracked 
|  21|0x0000000085500000, 0x0000000085500000, 0x0000000085600000|  0%| F|  |TAMS 0x0000000085500000| PB 0x0000000085500000| Untracked 
|  22|0x0000000085600000, 0x0000000085600000, 0x0000000085700000|  0%| F|  |TAMS 0x0000000085600000| PB 0x0000000085600000| Untracked 
|  23|0x0000000085700000, 0x0000000085700000, 0x0000000085800000|  0%| F|  |TAMS 0x0000000085700000| PB 0x0000000085700000| Untracked 
|  24|0x0000000085800000, 0x0000000085800000, 0x0000000085900000|  0%| F|  |TAMS 0x0000000085800000| PB 0x0000000085800000| Untracked 
|  25|0x0000000085900000, 0x0000000085900000, 0x0000000085a00000|  0%| F|  |TAMS 0x0000000085900000| PB 0x0000000085900000| Untracked 
|  26|0x0000000085a00000, 0x0000000085a00000, 0x0000000085b00000|  0%| F|  |TAMS 0x0000000085a00000| PB 0x0000000085a00000| Untracked 
|  27|0x0000000085b00000, 0x0000000085b00000, 0x0000000085c00000|  0%| F|  |TAMS 0x0000000085b00000| PB 0x0000000085b00000| Untracked 
|  28|0x0000000085c00000, 0x0000000085c00000, 0x0000000085d00000|  0%| F|  |TAMS 0x0000000085c00000| PB 0x0000000085c00000| Untracked 
|  29|0x0000000085d00000, 0x0000000085d00000, 0x0000000085e00000|  0%| F|  |TAMS 0x0000000085d00000| PB 0x0000000085d00000| Untracked 
|  30|0x0000000085e00000, 0x0000000085e00000, 0x0000000085f00000|  0%| F|  |TAMS 0x0000000085e00000| PB 0x0000000085e00000| Untracked 
|  31|0x0000000085f00000, 0x0000000085f00000, 0x0000000086000000|  0%| F|  |TAMS 0x0000000085f00000| PB 0x0000000085f00000| Untracked 
|  32|0x0000000086000000, 0x0000000086000000, 0x0000000086100000|  0%| F|  |TAMS 0x0000000086000000| PB 0x0000000086000000| Untracked 
|  33|0x0000000086100000, 0x0000000086100000, 0x0000000086200000|  0%| F|  |TAMS 0x0000000086100000| PB 0x0000000086100000| Untracked 
|  34|0x0000000086200000, 0x0000000086200000, 0x0000000086300000|  0%| F|  |TAMS 0x0000000086200000| PB 0x0000000086200000| Untracked 
|  35|0x0000000086300000, 0x0000000086300000, 0x0000000086400000|  0%| F|  |TAMS 0x0000000086300000| PB 0x0000000086300000| Untracked 
|  36|0x0000000086400000, 0x0000000086400000, 0x0000000086500000|  0%| F|  |TAMS 0x0000000086400000| PB 0x0000000086400000| Untracked 
|  37|0x0000000086500000, 0x0000000086500000, 0x0000000086600000|  0%| F|  |TAMS 0x0000000086500000| PB 0x0000000086500000| Untracked 
|  38|0x0000000086600000, 0x0000000086600000, 0x0000000086700000|  0%| F|  |TAMS 0x0000000086600000| PB 0x0000000086600000| Untracked 
|  39|0x0000000086700000, 0x0000000086700000, 0x0000000086800000|  0%| F|  |TAMS 0x0000000086700000| PB 0x0000000086700000| Untracked 
|  40|0x0000000086800000, 0x0000000086800000, 0x0000000086900000|  0%| F|  |TAMS 0x0000000086800000| PB 0x0000000086800000| Untracked 
|  41|0x0000000086900000, 0x0000000086900000, 0x0000000086a00000|  0%| F|  |TAMS 0x0000000086900000| PB 0x0000000086900000| Untracked 
|  42|0x0000000086a00000, 0x0000000086a00000, 0x0000000086b00000|  0%| F|  |TAMS 0x0000000086a00000| PB 0x0000000086a00000| Untracked 
|  43|0x0000000086b00000, 0x0000000086b00000, 0x0000000086c00000|  0%| F|  |TAMS 0x0000000086b00000| PB 0x0000000086b00000| Untracked 
|  44|0x0000000086c00000, 0x0000000086c00000, 0x0000000086d00000|  0%| F|  |TAMS 0x0000000086c00000| PB 0x0000000086c00000| Untracked 
|  45|0x0000000086d00000, 0x0000000086d00000, 0x0000000086e00000|  0%| F|  |TAMS 0x0000000086d00000| PB 0x0000000086d00000| Untracked 
|  46|0x0000000086e00000, 0x0000000086e00000, 0x0000000086f00000|  0%| F|  |TAMS 0x0000000086e00000| PB 0x0000000086e00000| Untracked 
|  47|0x0000000086f00000, 0x0000000086f00000, 0x0000000087000000|  0%| F|  |TAMS 0x0000000086f00000| PB 0x0000000086f00000| Untracked 
|  48|0x0000000087000000, 0x0000000087000000, 0x0000000087100000|  0%| F|  |TAMS 0x0000000087000000| PB 0x0000000087000000| Untracked 
|  49|0x0000000087100000, 0x0000000087100000, 0x0000000087200000|  0%| F|  |TAMS 0x0000000087100000| PB 0x0000000087100000| Untracked 
|  50|0x0000000087200000, 0x0000000087200000, 0x0000000087300000|  0%| F|  |TAMS 0x0000000087200000| PB 0x0000000087200000| Untracked 
|  51|0x0000000087300000, 0x0000000087300000, 0x0000000087400000|  0%| F|  |TAMS 0x0000000087300000| PB 0x0000000087300000| Untracked 
|  52|0x0000000087400000, 0x0000000087400000, 0x0000000087500000|  0%| F|  |TAMS 0x0000000087400000| PB 0x0000000087400000| Untracked 
|  53|0x0000000087500000, 0x0000000087500000, 0x0000000087600000|  0%| F|  |TAMS 0x0000000087500000| PB 0x0000000087500000| Untracked 
|  54|0x0000000087600000, 0x0000000087600000, 0x0000000087700000|  0%| F|  |TAMS 0x0000000087600000| PB 0x0000000087600000| Untracked 
|  55|0x0000000087700000, 0x0000000087700000, 0x0000000087800000|  0%| F|  |TAMS 0x0000000087700000| PB 0x0000000087700000| Untracked 
|  56|0x0000000087800000, 0x0000000087800000, 0x0000000087900000|  0%| F|  |TAMS 0x0000000087800000| PB 0x0000000087800000| Untracked 
|  57|0x0000000087900000, 0x0000000087900000, 0x0000000087a00000|  0%| F|  |TAMS 0x0000000087900000| PB 0x0000000087900000| Untracked 
|  58|0x0000000087a00000, 0x0000000087a00000, 0x0000000087b00000|  0%| F|  |TAMS 0x0000000087a00000| PB 0x0000000087a00000| Untracked 
|  59|0x0000000087b00000, 0x0000000087b00000, 0x0000000087c00000|  0%| F|  |TAMS 0x0000000087b00000| PB 0x0000000087b00000| Untracked 
|  60|0x0000000087c00000, 0x0000000087c00000, 0x0000000087d00000|  0%| F|  |TAMS 0x0000000087c00000| PB 0x0000000087c00000| Untracked 
|  61|0x0000000087d00000, 0x0000000087d00000, 0x0000000087e00000|  0%| F|  |TAMS 0x0000000087d00000| PB 0x0000000087d00000| Untracked 
|  62|0x0000000087e00000, 0x0000000087e00000, 0x0000000087f00000|  0%| F|  |TAMS 0x0000000087e00000| PB 0x0000000087e00000| Untracked 
|  63|0x0000000087f00000, 0x0000000087f00000, 0x0000000088000000|  0%| F|  |TAMS 0x0000000087f00000| PB 0x0000000087f00000| Untracked 
|  64|0x0000000088000000, 0x0000000088000000, 0x0000000088100000|  0%| F|  |TAMS 0x0000000088000000| PB 0x0000000088000000| Untracked 
|  65|0x0000000088100000, 0x0000000088100000, 0x0000000088200000|  0%| F|  |TAMS 0x0000000088100000| PB 0x0000000088100000| Untracked 
|  66|0x0000000088200000, 0x0000000088200000, 0x0000000088300000|  0%| F|  |TAMS 0x0000000088200000| PB 0x0000000088200000| Untracked 
|  67|0x0000000088300000, 0x0000000088300000, 0x0000000088400000|  0%| F|  |TAMS 0x0000000088300000| PB 0x0000000088300000| Untracked 
|  68|0x0000000088400000, 0x0000000088400000, 0x0000000088500000|  0%| F|  |TAMS 0x0000000088400000| PB 0x0000000088400000| Untracked 
|  69|0x0000000088500000, 0x0000000088500000, 0x0000000088600000|  0%| F|  |TAMS 0x0000000088500000| PB 0x0000000088500000| Untracked 
|  70|0x0000000088600000, 0x0000000088600000, 0x0000000088700000|  0%| F|  |TAMS 0x0000000088600000| PB 0x0000000088600000| Untracked 
|  71|0x0000000088700000, 0x0000000088700000, 0x0000000088800000|  0%| F|  |TAMS 0x0000000088700000| PB 0x0000000088700000| Untracked 
|  72|0x0000000088800000, 0x0000000088800000, 0x0000000088900000|  0%| F|  |TAMS 0x0000000088800000| PB 0x0000000088800000| Untracked 
|  73|0x0000000088900000, 0x0000000088900000, 0x0000000088a00000|  0%| F|  |TAMS 0x0000000088900000| PB 0x0000000088900000| Untracked 
|  74|0x0000000088a00000, 0x0000000088a00000, 0x0000000088b00000|  0%| F|  |TAMS 0x0000000088a00000| PB 0x0000000088a00000| Untracked 
|  75|0x0000000088b00000, 0x0000000088b00000, 0x0000000088c00000|  0%| F|  |TAMS 0x0000000088b00000| PB 0x0000000088b00000| Untracked 
|  76|0x0000000088c00000, 0x0000000088c00000, 0x0000000088d00000|  0%| F|  |TAMS 0x0000000088c00000| PB 0x0000000088c00000| Untracked 
|  77|0x0000000088d00000, 0x0000000088d00000, 0x0000000088e00000|  0%| F|  |TAMS 0x0000000088d00000| PB 0x0000000088d00000| Untracked 
|  78|0x0000000088e00000, 0x0000000088e00000, 0x0000000088f00000|  0%| F|  |TAMS 0x0000000088e00000| PB 0x0000000088e00000| Untracked 
|  79|0x0000000088f00000, 0x0000000088fb2da8, 0x0000000089000000| 69%| E|  |TAMS 0x0000000088f00000| PB 0x0000000088f00000| Complete 
|  80|0x0000000089000000, 0x0000000089100000, 0x0000000089100000|100%| E|CS|TAMS 0x0000000089000000| PB 0x0000000089000000| Complete 
|  81|0x0000000089100000, 0x0000000089200000, 0x0000000089200000|100%| E|CS|TAMS 0x0000000089100000| PB 0x0000000089100000| Complete 
|  82|0x0000000089200000, 0x0000000089300000, 0x0000000089300000|100%| E|CS|TAMS 0x0000000089200000| PB 0x0000000089200000| Complete 
|  83|0x0000000089300000, 0x0000000089400000, 0x0000000089400000|100%| E|CS|TAMS 0x0000000089300000| PB 0x0000000089300000| Complete 
|  84|0x0000000089400000, 0x0000000089500000, 0x0000000089500000|100%| E|CS|TAMS 0x0000000089400000| PB 0x0000000089400000| Complete 
|  85|0x0000000089500000, 0x0000000089600000, 0x0000000089600000|100%| E|CS|TAMS 0x0000000089500000| PB 0x0000000089500000| Complete 
|  86|0x0000000089600000, 0x0000000089700000, 0x0000000089700000|100%| E|CS|TAMS 0x0000000089600000| PB 0x0000000089600000| Complete 
|  87|0x0000000089700000, 0x0000000089800000, 0x0000000089800000|100%| E|CS|TAMS 0x0000000089700000| PB 0x0000000089700000| Complete 
|  88|0x0000000089800000, 0x00000000898b1810, 0x0000000089900000| 69%| S|CS|TAMS 0x0000000089800000| PB 0x0000000089800000| Complete 
|  89|0x0000000089900000, 0x0000000089a00000, 0x0000000089a00000|100%| S|CS|TAMS 0x0000000089900000| PB 0x0000000089900000| Complete 
|  90|0x0000000089a00000, 0x0000000089b00000, 0x0000000089b00000|100%| S|CS|TAMS 0x0000000089a00000| PB 0x0000000089a00000| Complete 
|  91|0x0000000089b00000, 0x0000000089c00000, 0x0000000089c00000|100%| E|CS|TAMS 0x0000000089b00000| PB 0x0000000089b00000| Complete 
|  92|0x0000000089c00000, 0x0000000089d00000, 0x0000000089d00000|100%| E|CS|TAMS 0x0000000089c00000| PB 0x0000000089c00000| Complete 
|  93|0x0000000089d00000, 0x0000000089e00000, 0x0000000089e00000|100%| E|CS|TAMS 0x0000000089d00000| PB 0x0000000089d00000| Complete 
|  94|0x0000000089e00000, 0x0000000089f00000, 0x0000000089f00000|100%| E|CS|TAMS 0x0000000089e00000| PB 0x0000000089e00000| Complete 
|  95|0x0000000089f00000, 0x000000008a000000, 0x000000008a000000|100%| E|CS|TAMS 0x0000000089f00000| PB 0x0000000089f00000| Complete 
|  96|0x000000008a000000, 0x000000008a100000, 0x000000008a100000|100%| E|CS|TAMS 0x000000008a000000| PB 0x000000008a000000| Complete 
|  97|0x000000008a100000, 0x000000008a200000, 0x000000008a200000|100%| E|CS|TAMS 0x000000008a100000| PB 0x000000008a100000| Complete 
|  98|0x000000008a200000, 0x000000008a300000, 0x000000008a300000|100%| E|CS|TAMS 0x000000008a200000| PB 0x000000008a200000| Complete 
|  99|0x000000008a300000, 0x000000008a400000, 0x000000008a400000|100%| E|CS|TAMS 0x000000008a300000| PB 0x000000008a300000| Complete 
| 100|0x000000008a400000, 0x000000008a500000, 0x000000008a500000|100%| E|CS|TAMS 0x000000008a400000| PB 0x000000008a400000| Complete 
| 101|0x000000008a500000, 0x000000008a600000, 0x000000008a600000|100%| E|CS|TAMS 0x000000008a500000| PB 0x000000008a500000| Complete 
| 102|0x000000008a600000, 0x000000008a700000, 0x000000008a700000|100%| E|CS|TAMS 0x000000008a600000| PB 0x000000008a600000| Complete 
| 103|0x000000008a700000, 0x000000008a800000, 0x000000008a800000|100%| E|CS|TAMS 0x000000008a700000| PB 0x000000008a700000| Complete 
| 104|0x000000008a800000, 0x000000008a900000, 0x000000008a900000|100%| E|CS|TAMS 0x000000008a800000| PB 0x000000008a800000| Complete 
| 105|0x000000008a900000, 0x000000008aa00000, 0x000000008aa00000|100%| E|CS|TAMS 0x000000008a900000| PB 0x000000008a900000| Complete 
| 106|0x000000008aa00000, 0x000000008ab00000, 0x000000008ab00000|100%| E|CS|TAMS 0x000000008aa00000| PB 0x000000008aa00000| Complete 
| 107|0x000000008ab00000, 0x000000008ac00000, 0x000000008ac00000|100%| E|CS|TAMS 0x000000008ab00000| PB 0x000000008ab00000| Complete 
| 108|0x000000008ac00000, 0x000000008ad00000, 0x000000008ad00000|100%| E|CS|TAMS 0x000000008ac00000| PB 0x000000008ac00000| Complete 
| 109|0x000000008ad00000, 0x000000008ae00000, 0x000000008ae00000|100%| E|CS|TAMS 0x000000008ad00000| PB 0x000000008ad00000| Complete 
| 110|0x000000008ae00000, 0x000000008af00000, 0x000000008af00000|100%| E|CS|TAMS 0x000000008ae00000| PB 0x000000008ae00000| Complete 
| 111|0x000000008af00000, 0x000000008b000000, 0x000000008b000000|100%| E|CS|TAMS 0x000000008af00000| PB 0x000000008af00000| Complete 
| 112|0x000000008b000000, 0x000000008b100000, 0x000000008b100000|100%| E|CS|TAMS 0x000000008b000000| PB 0x000000008b000000| Complete 
| 113|0x000000008b100000, 0x000000008b200000, 0x000000008b200000|100%| E|CS|TAMS 0x000000008b100000| PB 0x000000008b100000| Complete 
| 114|0x000000008b200000, 0x000000008b300000, 0x000000008b300000|100%| E|CS|TAMS 0x000000008b200000| PB 0x000000008b200000| Complete 
| 115|0x000000008b300000, 0x000000008b400000, 0x000000008b400000|100%| E|CS|TAMS 0x000000008b300000| PB 0x000000008b300000| Complete 
| 116|0x000000008b400000, 0x000000008b500000, 0x000000008b500000|100%| E|CS|TAMS 0x000000008b400000| PB 0x000000008b400000| Complete 
| 117|0x000000008b500000, 0x000000008b600000, 0x000000008b600000|100%| E|CS|TAMS 0x000000008b500000| PB 0x000000008b500000| Complete 
| 118|0x000000008b600000, 0x000000008b700000, 0x000000008b700000|100%| E|CS|TAMS 0x000000008b600000| PB 0x000000008b600000| Complete 
| 119|0x000000008b700000, 0x000000008b800000, 0x000000008b800000|100%| E|CS|TAMS 0x000000008b700000| PB 0x000000008b700000| Complete 
| 120|0x000000008b800000, 0x000000008b900000, 0x000000008b900000|100%| E|CS|TAMS 0x000000008b800000| PB 0x000000008b800000| Complete 
| 121|0x000000008b900000, 0x000000008ba00000, 0x000000008ba00000|100%| E|CS|TAMS 0x000000008b900000| PB 0x000000008b900000| Complete 
| 122|0x000000008ba00000, 0x000000008bb00000, 0x000000008bb00000|100%| E|CS|TAMS 0x000000008ba00000| PB 0x000000008ba00000| Complete 
| 123|0x000000008bb00000, 0x000000008bc00000, 0x000000008bc00000|100%| E|  |TAMS 0x000000008bb00000| PB 0x000000008bb00000| Complete 

Card table byte_map: [0x00000224462c0000,0x00000224466a0000] _byte_map_base: 0x0000022445ea0000

Marking Bits: (CMBitMap*) 0x000002242e590f50
 Bits: [0x00000224466a0000, 0x00000224485a0000)

Polling page: 0x000002242dd00000

Metaspace:

Usage:
  Non-class:     17.93 MB used.
      Class:      2.46 MB used.
       Both:     20.39 MB used.

Virtual space:
  Non-class space:       64.00 MB reserved,      18.06 MB ( 28%) committed,  1 nodes.
      Class space:        1.00 GB reserved,       2.62 MB ( <1%) committed,  1 nodes.
             Both:        1.06 GB reserved,      20.69 MB (  2%) committed. 

Chunk freelists:
   Non-Class:  13.19 MB
       Class:  13.20 MB
        Both:  26.39 MB

MaxMetaspaceSize: unlimited
CompressedClassSpaceSize: 1.00 GB
Initial GC threshold: 21.00 MB
Current GC threshold: 21.00 MB
CDS: on
 - commit_granule_bytes: 65536.
 - commit_granule_words: 8192.
 - virtual_space_node_default_size: 8388608.
 - enlarge_chunks_in_place: 1.
 - use_allocation_guard: 0.


Internal statistics:

num_allocs_failed_limit: 0.
num_arena_births: 302.
num_arena_deaths: 0.
num_vsnodes_births: 2.
num_vsnodes_deaths: 0.
num_space_committed: 331.
num_space_uncommitted: 0.
num_chunks_returned_to_freelist: 0.
num_chunks_taken_from_freelist: 1018.
num_chunk_merges: 0.
num_chunk_splits: 682.
num_chunks_enlarged: 493.
num_inconsistent_stats: 0.

CodeHeap 'non-profiled nmethods': size=120000Kb used=1307Kb max_used=1307Kb free=118692Kb
 bounds [0x000002243e460000, 0x000002243e6d0000, 0x0000022445990000]
CodeHeap 'profiled nmethods': size=120000Kb used=6199Kb max_used=6199Kb free=113800Kb
 bounds [0x0000022436990000, 0x0000022436fa0000, 0x000002243dec0000]
CodeHeap 'non-nmethods': size=5760Kb used=1583Kb max_used=1630Kb free=4176Kb
 bounds [0x000002243dec0000, 0x000002243e130000, 0x000002243e460000]
 total_blobs=3575 nmethods=3054 adapters=425
 compilation: enabled
              stopped_count=0, restarted_count=0
 full_count=0

Compilation events (20 events):
Event: 1.071 Thread 0x000002244b129500 3007       3       java.util.ArrayList::hashCodeRange (68 bytes)
Event: 1.071 Thread 0x000002244b124680 nmethod 3000 0x000002243e59ee10 code [0x000002243e59efc0, 0x000002243e59f310]
Event: 1.071 Thread 0x000002244b124680 3002       4       java.net.URLStreamHandler::setURL (156 bytes)
Event: 1.071 Thread 0x000002244b129500 nmethod 3007 0x0000022436f88890 code [0x0000022436f88a60, 0x0000022436f88eb0]
Event: 1.071 Thread 0x000002244b129500 3008       3       java.lang.invoke.DirectMethodHandle$Holder::newInvokeSpecial (28 bytes)
Event: 1.071 Thread 0x000002244b129500 nmethod 3008 0x0000022436f89090 code [0x0000022436f89280, 0x0000022436f899f0]
Event: 1.071 Thread 0x000002244b129500 3006       3       java.util.ArrayList::hashCode (22 bytes)
Event: 1.071 Thread 0x000002244b129500 nmethod 3006 0x0000022436f89b90 code [0x0000022436f89d60, 0x0000022436f8a058]
Event: 1.072 Thread 0x000002244b129500 3009       1       org.springframework.context.annotation.ConfigurationClassBeanDefinitionReader$ConfigurationClassBeanDefinition::getMetadata (5 bytes)
Event: 1.072 Thread 0x000002244b129500 nmethod 3009 0x000002243e59f590 code [0x000002243e59f720, 0x000002243e59f7f0]
Event: 1.072 Thread 0x000002244b129500 3011       3       org.springframework.context.annotation.ConditionEvaluator::shouldSkip (256 bytes)
Event: 1.073 Thread 0x000002244b129500 nmethod 3011 0x0000022436f8a190 code [0x0000022436f8a5c0, 0x0000022436f8c620]
Event: 1.073 Thread 0x000002244b129500 3010       3       java.lang.String::indexOfNonWhitespace (25 bytes)
Event: 1.073 Thread 0x000002244b129500 nmethod 3010 0x0000022436f8cf90 code [0x0000022436f8d160, 0x0000022436f8d410]
Event: 1.073 Thread 0x000002244b129500 3012       3       org.springframework.beans.factory.support.AbstractBeanFactory::hasBeanCreationStarted (18 bytes)
Event: 1.073 Thread 0x000002244b129500 nmethod 3012 0x0000022436f8d510 code [0x0000022436f8d6c0, 0x0000022436f8d8f0]
Event: 1.073 Thread 0x000002244b129500 3014       3       java.util.ImmutableCollections$AbstractImmutableList::<init> (5 bytes)
Event: 1.074 Thread 0x000002244b129500 nmethod 3014 0x0000022436f8d990 code [0x0000022436f8db40, 0x0000022436f8dd68]
Event: 1.074 Thread 0x000002244b129500 3013       1       org.springframework.context.annotation.ConfigurationClass::getResource (5 bytes)
Event: 1.074 Thread 0x000002244b129500 nmethod 3013 0x000002243e59f890 code [0x000002243e59fa20, 0x000002243e59fae8]

GC Heap History (4 events):
Event: 0.379 GC heap before
{Heap before GC invocations=0 (full 0):
 garbage-first heap   total 126976K, used 23552K [0x0000000084000000, 0x0000000100000000)
  region size 1024K, 23 young (23552K), 0 survivors (0K)
 Metaspace       used 5854K, committed 6080K, reserved 1114112K
  class space    used 669K, committed 768K, reserved 1048576K
}
Event: 0.382 GC heap after
{Heap after GC invocations=1 (full 0):
 garbage-first heap   total 126976K, used 6747K [0x0000000084000000, 0x0000000100000000)
  region size 1024K, 3 young (3072K), 3 survivors (3072K)
 Metaspace       used 5854K, committed 6080K, reserved 1114112K
  class space    used 669K, committed 768K, reserved 1048576K
}
Event: 0.664 GC heap before
{Heap before GC invocations=1 (full 0):
 garbage-first heap   total 126976K, used 36443K [0x0000000084000000, 0x0000000100000000)
  region size 1024K, 33 young (33792K), 3 survivors (3072K)
 Metaspace       used 14198K, committed 14528K, reserved 1114112K
  class space    used 1697K, committed 1856K, reserved 1048576K
}
Event: 0.667 GC heap after
{Heap after GC invocations=2 (full 0):
 garbage-first heap   total 126976K, used 9435K [0x0000000084000000, 0x0000000100000000)
  region size 1024K, 3 young (3072K), 3 survivors (3072K)
 Metaspace       used 14198K, committed 14528K, reserved 1114112K
  class space    used 1697K, committed 1856K, reserved 1048576K
}

Dll operation events (13 events):
Event: 0.005 Loaded shared library C:\Program Files\Java\jdk-21\bin\java.dll
Event: 0.033 Loaded shared library C:\Program Files\Java\jdk-21\bin\jsvml.dll
Event: 0.070 Loaded shared library C:\Program Files\Java\jdk-21\bin\zip.dll
Event: 0.072 Loaded shared library C:\Program Files\Java\jdk-21\bin\instrument.dll
Event: 0.075 Loaded shared library C:\Program Files\Java\jdk-21\bin\net.dll
Event: 0.076 Loaded shared library C:\Program Files\Java\jdk-21\bin\nio.dll
Event: 0.078 Loaded shared library C:\Program Files\Java\jdk-21\bin\zip.dll
Event: 0.123 Loaded shared library C:\Program Files\JetBrains\IntelliJ IDEA Community Edition 2023.2.5\bin\breakgen64.dll
Event: 0.128 Loaded shared library C:\Program Files\Java\jdk-21\bin\extnet.dll
Event: 0.145 Loaded shared library C:\Program Files\Java\jdk-21\bin\jimage.dll
Event: 0.306 Loaded shared library C:\Program Files\Java\jdk-21\bin\management.dll
Event: 0.307 Loaded shared library C:\Program Files\Java\jdk-21\bin\management_ext.dll
Event: 0.745 Loaded shared library C:\Program Files\Java\jdk-21\bin\sunmscapi.dll

Deoptimization events (20 events):
Event: 0.978 Thread 0x000002244b448c10 Uncommon trap: trap_request=0xffffffde fr.pc=0x000002243e46cc48 relative=0x00000000000001a8
Event: 0.978 Thread 0x000002244b448c10 Uncommon trap: reason=class_check action=maybe_recompile pc=0x000002243e46cc48 method=java.lang.String.equals(Ljava/lang/Object;)Z @ 8 c2
Event: 0.978 Thread 0x000002244b448c10 DEOPT PACKING pc=0x000002243e46cc48 sp=0x0000003cf1afe6b0
Event: 0.978 Thread 0x000002244b448c10 DEOPT UNPACKING pc=0x000002243df17da2 sp=0x0000003cf1afe638 mode 2
Event: 0.978 Thread 0x000002244b448c10 Uncommon trap: trap_request=0xffffffde fr.pc=0x000002243e46cc48 relative=0x00000000000001a8
Event: 0.978 Thread 0x000002244b448c10 Uncommon trap: reason=class_check action=maybe_recompile pc=0x000002243e46cc48 method=java.lang.String.equals(Ljava/lang/Object;)Z @ 8 c2
Event: 0.978 Thread 0x000002244b448c10 DEOPT PACKING pc=0x000002243e46cc48 sp=0x0000003cf1afe6b0
Event: 0.978 Thread 0x000002244b448c10 DEOPT UNPACKING pc=0x000002243df17da2 sp=0x0000003cf1afe638 mode 2
Event: 0.978 Thread 0x000002244b448c10 Uncommon trap: trap_request=0xffffffde fr.pc=0x000002243e46cc48 relative=0x00000000000001a8
Event: 0.978 Thread 0x000002244b448c10 Uncommon trap: reason=class_check action=maybe_recompile pc=0x000002243e46cc48 method=java.lang.String.equals(Ljava/lang/Object;)Z @ 8 c2
Event: 0.978 Thread 0x000002244b448c10 DEOPT PACKING pc=0x000002243e46cc48 sp=0x0000003cf1afe6b0
Event: 0.978 Thread 0x000002244b448c10 DEOPT UNPACKING pc=0x000002243df17da2 sp=0x0000003cf1afe638 mode 2
Event: 0.978 Thread 0x000002244b448c10 Uncommon trap: trap_request=0xffffffde fr.pc=0x000002243e584c1c relative=0x000000000000049c
Event: 0.978 Thread 0x000002244b448c10 Uncommon trap: reason=class_check action=maybe_recompile pc=0x000002243e584c1c method=java.lang.String.equals(Ljava/lang/Object;)Z @ 8 c2
Event: 0.978 Thread 0x000002244b448c10 DEOPT PACKING pc=0x000002243e584c1c sp=0x0000003cf1afe420
Event: 0.978 Thread 0x000002244b448c10 DEOPT UNPACKING pc=0x000002243df17da2 sp=0x0000003cf1afe2d8 mode 2
Event: 0.978 Thread 0x000002244b448c10 Uncommon trap: trap_request=0xffffffde fr.pc=0x000002243e46cc48 relative=0x00000000000001a8
Event: 0.978 Thread 0x000002244b448c10 Uncommon trap: reason=class_check action=maybe_recompile pc=0x000002243e46cc48 method=java.lang.String.equals(Ljava/lang/Object;)Z @ 8 c2
Event: 0.978 Thread 0x000002244b448c10 DEOPT PACKING pc=0x000002243e46cc48 sp=0x0000003cf1afe360
Event: 0.978 Thread 0x000002244b448c10 DEOPT UNPACKING pc=0x000002243df17da2 sp=0x0000003cf1afe2e8 mode 2

Classes loaded (20 events):
Event: 0.767 Loading class javax/naming/ldap/LdapContext
Event: 0.767 Loading class javax/naming/directory/DirContext
Event: 0.767 Loading class javax/naming/directory/DirContext done
Event: 0.767 Loading class javax/naming/ldap/LdapContext done
Event: 0.890 Loading class java/beans/PropertyVetoException
Event: 0.890 Loading class java/beans/PropertyVetoException done
Event: 0.900 Loading class java/nio/charset/CharacterCodingException
Event: 0.900 Loading class java/nio/charset/CharacterCodingException done
Event: 1.007 Loading class jdk/internal/vm/VMSupport
Event: 1.007 Loading class jdk/internal/vm/VMSupport done
Event: 1.008 Loading class sun/nio/cs/ISO_8859_1$Encoder
Event: 1.008 Loading class sun/nio/cs/ISO_8859_1$Encoder done
Event: 1.008 Loading class sun/nio/cs/Surrogate$Parser
Event: 1.008 Loading class sun/nio/cs/Surrogate$Parser done
Event: 1.008 Loading class sun/nio/cs/Surrogate
Event: 1.008 Loading class sun/nio/cs/Surrogate done
Event: 1.073 Loading class java/lang/UnsupportedClassVersionError
Event: 1.073 Loading class java/lang/ClassFormatError
Event: 1.073 Loading class java/lang/ClassFormatError done
Event: 1.073 Loading class java/lang/UnsupportedClassVersionError done

Classes unloaded (0 events):
No events

Classes redefined (0 events):
No events

Internal exceptions (20 events):
Event: 0.528 Thread 0x000002244b448c10 Exception <a 'java/lang/NoSuchMethodError'{0x000000008b2aafa8}: 'java.lang.Object java.lang.invoke.DirectMethodHandle$Holder.invokeStatic(java.lang.Object, long, java.lang.Object)'> (0x000000008b2aafa8) 
thrown [s\open\src\hotspot\share\interpreter\linkResolver.cpp, line 773]
Event: 0.528 Thread 0x000002244b448c10 Exception <a 'java/lang/NoSuchMethodError'{0x000000008b2ae600}: 'java.lang.Object java.lang.invoke.DirectMethodHandle$Holder.invokeStaticInit(java.lang.Object, long, java.lang.Object)'> (0x000000008b2ae600) 
thrown [s\open\src\hotspot\share\interpreter\linkResolver.cpp, line 773]
Event: 0.528 Thread 0x000002244b448c10 Exception <a 'java/lang/NoSuchMethodError'{0x000000008b2b3d68}: 'java.lang.Object java.lang.invoke.DirectMethodHandle$Holder.newInvokeSpecial(java.lang.Object, long)'> (0x000000008b2b3d68) 
thrown [s\open\src\hotspot\share\interpreter\linkResolver.cpp, line 773]
Event: 0.535 Thread 0x000002244b448c10 Exception <a 'java/lang/NoSuchMethodError'{0x000000008b102ce0}: 'void java.lang.invoke.DirectMethodHandle$Holder.invokeSpecial(java.lang.Object, java.lang.Object, java.lang.Object, java.lang.Object, java.lang.Object)'> (0x000000008b102ce0) 
thrown [s\open\src\hotspot\share\interpreter\linkResolver.cpp, line 773]
Event: 0.536 Thread 0x000002244b448c10 Exception <a 'java/lang/NoSuchMethodError'{0x000000008b10a548}: 'void java.lang.invoke.DirectMethodHandle$Holder.invokeVirtual(java.lang.Object, java.lang.Object, java.lang.Object, java.lang.Object)'> (0x000000008b10a548) 
thrown [s\open\src\hotspot\share\interpreter\linkResolver.cpp, line 773]
Event: 0.556 Thread 0x000002244b448c10 Exception <a 'java/lang/IncompatibleClassChangeError'{0x000000008b06bbc8}: Found class java.lang.Object, but interface was expected> (0x000000008b06bbc8) 
thrown [s\open\src\hotspot\share\interpreter\linkResolver.cpp, line 840]
Event: 0.556 Thread 0x000002244b449930 Exception <a 'java/lang/NoClassDefFoundError'{0x000000008b08b440}: jakarta/validation/Validation> (0x000000008b08b440) 
thrown [s\open\src\hotspot\share\classfile\systemDictionary.cpp, line 301]
Event: 0.558 Thread 0x000002244b448c10 Exception <a 'java/lang/NoSuchMethodError'{0x000000008b0afe88}: 'java.lang.Object java.lang.invoke.DirectMethodHandle$Holder.invokeStaticInit(java.lang.Object, int)'> (0x000000008b0afe88) 
thrown [s\open\src\hotspot\share\interpreter\linkResolver.cpp, line 773]
Event: 0.559 Thread 0x000002244b448c10 Exception <a 'java/lang/NoSuchMethodError'{0x000000008b0b9fc8}: 'java.lang.Object java.lang.invoke.DirectMethodHandle$Holder.invokeStatic(java.lang.Object, int, java.lang.Object)'> (0x000000008b0b9fc8) 
thrown [s\open\src\hotspot\share\interpreter\linkResolver.cpp, line 773]
Event: 0.559 Thread 0x000002244b448c10 Exception <a 'java/lang/NoSuchMethodError'{0x000000008b0bd618}: 'java.lang.Object java.lang.invoke.DirectMethodHandle$Holder.invokeStaticInit(java.lang.Object, int, java.lang.Object)'> (0x000000008b0bd618) 
thrown [s\open\src\hotspot\share\interpreter\linkResolver.cpp, line 773]
Event: 0.691 Thread 0x000002244b448c10 Exception <a 'java/lang/NoSuchMethodError'{0x000000008b65cd68}: 'java.lang.Object java.lang.invoke.DirectMethodHandle$Holder.invokeVirtual(java.lang.Object, java.lang.Object, java.lang.Object)'> (0x000000008b65cd68) 
thrown [s\open\src\hotspot\share\interpreter\linkResolver.cpp, line 773]
Event: 0.694 Thread 0x000002244b448c10 Exception <a 'java/lang/NoSuchMethodError'{0x000000008b6763a0}: 'int java.lang.invoke.DirectMethodHandle$Holder.invokeSpecial(java.lang.Object, java.lang.Object, java.lang.Object, java.lang.Object, java.lang.Object)'> (0x000000008b6763a0) 
thrown [s\open\src\hotspot\share\interpreter\linkResolver.cpp, line 773]
Event: 0.695 Thread 0x000002244b448c10 Exception <a 'java/lang/NoSuchMethodError'{0x000000008b67e608}: 'void java.lang.invoke.DirectMethodHandle$Holder.invokeVirtual(java.lang.Object, java.lang.Object)'> (0x000000008b67e608) 
thrown [s\open\src\hotspot\share\interpreter\linkResolver.cpp, line 773]
Event: 0.699 Thread 0x000002244b449930 Exception <a 'java/lang/NoSuchMethodError'{0x000000008b50a068}: 'long java.lang.invoke.DirectMethodHandle$Holder.invokeSpecial(java.lang.Object, java.lang.Object)'> (0x000000008b50a068) 
thrown [s\open\src\hotspot\share\interpreter\linkResolver.cpp, line 773]
Event: 0.699 Thread 0x000002244b449930 Exception <a 'java/lang/NoSuchMethodError'{0x000000008b513bf8}: 'long java.lang.invoke.DirectMethodHandle$Holder.invokeStatic(java.lang.Object, java.lang.Object)'> (0x000000008b513bf8) 
thrown [s\open\src\hotspot\share\interpreter\linkResolver.cpp, line 773]
Event: 0.700 Thread 0x000002244b449930 Exception <a 'java/lang/NoSuchMethodError'{0x000000008b516f60}: 'long java.lang.invoke.DirectMethodHandle$Holder.invokeStaticInit(java.lang.Object, java.lang.Object)'> (0x000000008b516f60) 
thrown [s\open\src\hotspot\share\interpreter\linkResolver.cpp, line 773]
Event: 0.700 Thread 0x000002244b449930 Exception <a 'java/lang/NoSuchMethodError'{0x000000008b5230a8}: 'long java.lang.invoke.DirectMethodHandle$Holder.invokeInterface(java.lang.Object, java.lang.Object)'> (0x000000008b5230a8) 
thrown [s\open\src\hotspot\share\interpreter\linkResolver.cpp, line 773]
Event: 0.700 Thread 0x000002244b449930 Exception <a 'java/lang/IncompatibleClassChangeError'{0x000000008b526358}: Found class java.lang.Object, but interface was expected> (0x000000008b526358) 
thrown [s\open\src\hotspot\share\interpreter\linkResolver.cpp, line 840]
Event: 0.705 Thread 0x000002244b449930 Exception <a 'java/lang/NoSuchMethodError'{0x000000008b418ce8}: 'java.lang.Object java.lang.invoke.DirectMethodHandle$Holder.invokeVirtual(java.lang.Object, java.lang.Object, java.lang.Object, java.lang.Object)'> (0x000000008b418ce8) 
thrown [s\open\src\hotspot\share\interpreter\linkResolver.cpp, line 773]
Event: 0.788 Thread 0x000002244b448c10 Exception <a 'java/lang/IncompatibleClassChangeError'{0x000000008aa6e4b8}: Found class java.lang.Object, but interface was expected> (0x000000008aa6e4b8) 
thrown [s\open\src\hotspot\share\interpreter\linkResolver.cpp, line 840]

ZGC Phase Switch (0 events):
No events

VM Operations (20 events):
Event: 0.552 Executing VM operation: HandshakeAllThreads (Deoptimize)
Event: 0.552 Executing VM operation: HandshakeAllThreads (Deoptimize) done
Event: 0.591 Executing VM operation: ICBufferFull
Event: 0.591 Executing VM operation: ICBufferFull done
Event: 0.622 Executing VM operation: HandshakeAllThreads (Deoptimize)
Event: 0.622 Executing VM operation: HandshakeAllThreads (Deoptimize) done
Event: 0.654 Executing VM operation: HandshakeAllThreads (Deoptimize)
Event: 0.654 Executing VM operation: HandshakeAllThreads (Deoptimize) done
Event: 0.663 Executing VM operation: G1CollectForAllocation (G1 Evacuation Pause)
Event: 0.667 Executing VM operation: G1CollectForAllocation (G1 Evacuation Pause) done
Event: 0.684 Executing VM operation: HandshakeAllThreads (Deoptimize)
Event: 0.684 Executing VM operation: HandshakeAllThreads (Deoptimize) done
Event: 0.727 Executing VM operation: HandshakeAllThreads (Deoptimize)
Event: 0.727 Executing VM operation: HandshakeAllThreads (Deoptimize) done
Event: 0.751 Executing VM operation: HandshakeAllThreads (Deoptimize)
Event: 0.751 Executing VM operation: HandshakeAllThreads (Deoptimize) done
Event: 0.840 Executing VM operation: ICBufferFull
Event: 0.840 Executing VM operation: ICBufferFull done
Event: 1.008 Executing VM operation: ICBufferFull
Event: 1.008 Executing VM operation: ICBufferFull done

Events (20 events):
Event: 0.020 Thread 0x000002242e538e80 Thread added: 0x000002242e538e80
Event: 0.031 Thread 0x000002244b10f850 Thread added: 0x000002244b10f850
Event: 0.031 Thread 0x000002244b110810 Thread added: 0x000002244b110810
Event: 0.032 Thread 0x000002244b113280 Thread added: 0x000002244b113280
Event: 0.032 Thread 0x000002244b113dd0 Thread added: 0x000002244b113dd0
Event: 0.032 Thread 0x000002244b114f60 Thread added: 0x000002244b114f60
Event: 0.032 Thread 0x000002244b1198e0 Thread added: 0x000002244b1198e0
Event: 0.032 Thread 0x000002244b124680 Thread added: 0x000002244b124680
Event: 0.032 Thread 0x000002244b129500 Thread added: 0x000002244b129500
Event: 0.059 Thread 0x000002244b44b370 Thread added: 0x000002244b44b370
Event: 0.086 Thread 0x000002244b5250f0 Thread added: 0x000002244b5250f0
Event: 0.123 Thread 0x000002244b447ef0 Thread added: 0x000002244b447ef0
Event: 0.123 Thread 0x000002244b448580 Thread added: 0x000002244b448580
Event: 0.333 Thread 0x000002244b4492a0 Thread added: 0x000002244b4492a0
Event: 0.335 Thread 0x000002244b448c10 Thread added: 0x000002244b448c10
Event: 0.554 Thread 0x000002244b449930 Thread added: 0x000002244b449930
Event: 0.749 Thread 0x000002244b449fc0 Thread added: 0x000002244b449fc0
Event: 0.753 Thread 0x0000022491800b50 Thread added: 0x0000022491800b50
Event: 0.760 Thread 0x000002244b449930 Thread exited: 0x000002244b449930
Event: 0.782 Thread 0x000002244b449fc0 Thread exited: 0x000002244b449fc0


Dynamic libraries:
0x00007ff706dd0000 - 0x00007ff706de0000 	C:\Program Files\Java\jdk-21\bin\java.exe
0x00007ffba38f0000 - 0x00007ffba3b07000 	C:\Windows\SYSTEM32\ntdll.dll
0x00007ffba3210000 - 0x00007ffba32d4000 	C:\Windows\System32\KERNEL32.DLL
0x00007ffba10f0000 - 0x00007ffba1496000 	C:\Windows\System32\KERNELBASE.dll
0x00007ffba14a0000 - 0x00007ffba15b1000 	C:\Windows\System32\ucrtbase.dll
0x00007ffb99750000 - 0x00007ffb99769000 	C:\Program Files\Java\jdk-21\bin\jli.dll
0x00007ffb99770000 - 0x00007ffb9978b000 	C:\Program Files\Java\jdk-21\bin\VCRUNTIME140.dll
0x00007ffba3150000 - 0x00007ffba3201000 	C:\Windows\System32\ADVAPI32.dll
0x00007ffba1990000 - 0x00007ffba1a37000 	C:\Windows\System32\msvcrt.dll
0x00007ffba1cb0000 - 0x00007ffba1d55000 	C:\Windows\System32\sechost.dll
0x00007ffba17d0000 - 0x00007ffba18e7000 	C:\Windows\System32\RPCRT4.dll
0x00007ffba1d70000 - 0x00007ffba1f1e000 	C:\Windows\System32\USER32.dll
0x00007ffba0e90000 - 0x00007ffba0eb6000 	C:\Windows\System32\win32u.dll
0x00007ffb861e0000 - 0x00007ffb86473000 	C:\Windows\WinSxS\amd64_microsoft.windows.common-controls_6595b64144ccf1df_6.0.22621.2506_none_270c5ae97388e100\COMCTL32.dll
0x00007ffba3100000 - 0x00007ffba3129000 	C:\Windows\System32\GDI32.dll
0x00007ffba0ec0000 - 0x00007ffba0fd8000 	C:\Windows\System32\gdi32full.dll
0x00007ffba0fe0000 - 0x00007ffba107a000 	C:\Windows\System32\msvcp_win.dll
0x00007ffb96390000 - 0x00007ffb9639a000 	C:\Windows\SYSTEM32\VERSION.dll
0x00007ffba36d0000 - 0x00007ffba3701000 	C:\Windows\System32\IMM32.DLL
0x00007ffb98d80000 - 0x00007ffb98d8c000 	C:\Program Files\Java\jdk-21\bin\vcruntime140_1.dll
0x00007ffb728b0000 - 0x00007ffb7293e000 	C:\Program Files\Java\jdk-21\bin\msvcp140.dll
0x00007ffb5b970000 - 0x00007ffb5c685000 	C:\Program Files\Java\jdk-21\bin\server\jvm.dll
0x00007ffba16a0000 - 0x00007ffba1711000 	C:\Windows\System32\WS2_32.dll
0x00007ffb9fab0000 - 0x00007ffb9fafd000 	C:\Windows\SYSTEM32\POWRPROF.dll
0x00007ffb96460000 - 0x00007ffb96494000 	C:\Windows\SYSTEM32\WINMM.dll
0x00007ffb9fa90000 - 0x00007ffb9faa3000 	C:\Windows\SYSTEM32\UMPDC.dll
0x00007ffb9fd50000 - 0x00007ffb9fd68000 	C:\Windows\SYSTEM32\kernel.appcore.dll
0x00007ffb98d70000 - 0x00007ffb98d7a000 	C:\Program Files\Java\jdk-21\bin\jimage.dll
0x00007ffb9df80000 - 0x00007ffb9e1b3000 	C:\Windows\SYSTEM32\DBGHELP.DLL
0x00007ffba1f20000 - 0x00007ffba22a9000 	C:\Windows\System32\combase.dll
0x00007ffba32e0000 - 0x00007ffba33b7000 	C:\Windows\System32\OLEAUT32.dll
0x00007ffb941c0000 - 0x00007ffb941f2000 	C:\Windows\SYSTEM32\dbgcore.DLL
0x00007ffba15c0000 - 0x00007ffba163a000 	C:\Windows\System32\bcryptPrimitives.dll
0x00007ffb97df0000 - 0x00007ffb97dff000 	C:\Program Files\Java\jdk-21\bin\instrument.dll
0x00007ffb96570000 - 0x00007ffb9658f000 	C:\Program Files\Java\jdk-21\bin\java.dll
0x00007ffba22b0000 - 0x00007ffba2b0a000 	C:\Windows\System32\SHELL32.dll
0x00007ffb9eb90000 - 0x00007ffb9f486000 	C:\Windows\SYSTEM32\windows.storage.dll
0x00007ffb9ea50000 - 0x00007ffb9eb8e000 	C:\Windows\SYSTEM32\wintypes.dll
0x00007ffba1b90000 - 0x00007ffba1c83000 	C:\Windows\System32\SHCORE.dll
0x00007ffba1640000 - 0x00007ffba169e000 	C:\Windows\System32\shlwapi.dll
0x00007ffba0b90000 - 0x00007ffba0bb6000 	C:\Windows\SYSTEM32\profapi.dll
0x00007ffb727d0000 - 0x00007ffb728a7000 	C:\Program Files\Java\jdk-21\bin\jsvml.dll
0x00007ffb8b270000 - 0x00007ffb8b288000 	C:\Program Files\Java\jdk-21\bin\zip.dll
0x00007ffb97460000 - 0x00007ffb97470000 	C:\Program Files\Java\jdk-21\bin\net.dll
0x00007ffb980f0000 - 0x00007ffb98227000 	C:\Windows\SYSTEM32\WINHTTP.dll
0x00007ffba01d0000 - 0x00007ffba0239000 	C:\Windows\system32\mswsock.dll
0x00007ffb93a50000 - 0x00007ffb93a66000 	C:\Program Files\Java\jdk-21\bin\nio.dll
0x00007ffb8af90000 - 0x00007ffb8afaa000 	C:\Program Files\JetBrains\IntelliJ IDEA Community Edition 2023.2.5\bin\breakgen64.dll
0x00007ffb96c40000 - 0x00007ffb96c47000 	C:\Program Files\Java\jdk-21\bin\extnet.dll
0x00007ffb965b0000 - 0x00007ffb965ba000 	C:\Program Files\Java\jdk-21\bin\management.dll
0x00007ffb96500000 - 0x00007ffb9650b000 	C:\Program Files\Java\jdk-21\bin\management_ext.dll
0x00007ffba1d60000 - 0x00007ffba1d68000 	C:\Windows\System32\PSAPI.DLL
0x00007ffb95fe0000 - 0x00007ffb95fee000 	C:\Program Files\Java\jdk-21\bin\sunmscapi.dll
0x00007ffba0c60000 - 0x00007ffba0dc6000 	C:\Windows\System32\CRYPT32.dll
0x00007ffba05c0000 - 0x00007ffba05ed000 	C:\Windows\SYSTEM32\ncrypt.dll
0x00007ffba0580000 - 0x00007ffba05b7000 	C:\Windows\SYSTEM32\NTASN1.dll

dbghelp: loaded successfully - version: 4.0.5 - missing functions: none
symbol engine: initialized successfully - sym options: 0x614 - pdb path: .;C:\Program Files\Java\jdk-21\bin;C:\Windows\SYSTEM32;C:\Windows\WinSxS\amd64_microsoft.windows.common-controls_6595b64144ccf1df_6.0.22621.2506_none_270c5ae97388e100;C:\Program Files\Java\jdk-21\bin\server;C:\Program Files\JetBrains\IntelliJ IDEA Community Edition 2023.2.5\bin

VM Arguments:
jvm_args: -javaagent:C:\Program Files\JetBrains\IntelliJ IDEA Community Edition 2023.2.5\lib\idea_rt.jar=52583:C:\Program Files\JetBrains\IntelliJ IDEA Community Edition 2023.2.5\bin -Dfile.encoding=UTF-8 -Dsun.stdout.encoding=UTF-8 -Dsun.stderr.encoding=UTF-8 
java_command: com.springboot.blog.SpringbootBlogRestApiApplication
java_class_path (initial): D:\Learning\springBoot\Course\RameshUdemy\springboot-blog-rest-api\target\classes;C:\Users\dd397\.m2\repository\org\springframework\boot\spring-boot-starter-data-jpa\3.2.1\spring-boot-starter-data-jpa-3.2.1.jar;C:\Users\dd397\.m2\repository\org\springframework\boot\spring-boot-starter-aop\3.2.1\spring-boot-starter-aop-3.2.1.jar;C:\Users\dd397\.m2\repository\org\springframework\spring-aop\6.1.2\spring-aop-6.1.2.jar;C:\Users\dd397\.m2\repository\org\aspectj\aspectjweaver\1.9.21\aspectjweaver-1.9.21.jar;C:\Users\dd397\.m2\repository\org\springframework\boot\spring-boot-starter-jdbc\3.2.1\spring-boot-starter-jdbc-3.2.1.jar;C:\Users\dd397\.m2\repository\com\zaxxer\HikariCP\5.0.1\HikariCP-5.0.1.jar;C:\Users\dd397\.m2\repository\org\springframework\spring-jdbc\6.1.2\spring-jdbc-6.1.2.jar;C:\Users\dd397\.m2\repository\org\hibernate\orm\hibernate-core\6.4.1.Final\hibernate-core-6.4.1.Final.jar;C:\Users\dd397\.m2\repository\jakarta\persistence\jakarta.persistence-api\3.1.0\jakarta.persistence-api-3.1.0.jar;C:\Users\dd397\.m2\repository\jakarta\transaction\jakarta.transaction-api\2.0.1\jakarta.transaction-api-2.0.1.jar;C:\Users\dd397\.m2\repository\org\jboss\logging\jboss-logging\3.5.3.Final\jboss-logging-3.5.3.Final.jar;C:\Users\dd397\.m2\repository\org\hibernate\common\hibernate-commons-annotations\6.0.6.Final\hibernate-commons-annotations-6.0.6.Final.jar;C:\Users\dd397\.m2\repository\io\smallrye\jandex\3.1.2\jandex-3.1.2.jar;C:\Users\dd397\.m2\repository\com\fasterxml\classmate\1.6.0\classmate-1.6.0.jar;C:\Users\dd397\.m2\repository\net\bytebuddy\byte-buddy\1.14.10\byte-buddy-1.14.10.jar;C:\Users\dd397\.m2\repository\org\glassfish\jaxb\jaxb-runtime\4.0.4\jaxb-runtime-4.0.4.jar;C:\Users\dd397\.m2\repository\org\glassfish\jaxb\jaxb-core\4.0.4\jaxb-core-4.0.4.jar;C:\Users\dd397\.m2\repository\org\eclipse\angus\angus-activation\2.0.1\angus-activation-2.0.1.jar;C:\Users\dd397\.m2\repository\org\glassfish\jaxb\txw2\4.0.4\txw2-4.0.4.jar;C:\Users\dd397\.m2\repository\com\sun\istack\istack-commons-runtime\4.1.2\istack-commons-runtime-4.1.2.jar;C:\Users\dd397\.m2\repository\jakarta\inject\jakarta.inject-api\2.0.1\jakarta.inject-api-2.0.1.jar;C:\Users\dd397\.m2\repository\org\antlr\antlr4-runtime\4.13.0\antlr4-runtime-4.13.0.jar;C:\Users\dd397\.m2\repository\org\springframework\data\spring-data-jpa\3.2.1\spring-data-jpa-3.2.1.jar;C:\Users\dd397\.m2\repository\org\springframework\data\spring-data-commons\3.2.1\spring-data-commons-3.2.1.jar;C:\Users\dd397\.m2\repository\org\springframework\spring-orm\6.1.2\spring-orm-6.1.2.jar;C:\Users\dd397\.m2\repository\org\springframework\spring-context\6.1.2\spring-context-6.1.2.jar;C:\Users\dd397\.m2\repository\org\springframework\spring-tx\6.1.2\spring-tx-6.1.2.jar;C:\Users\dd397\.m2\repository\org\springframework\spring-beans\6.1.2\spring-beans-6.1.2.jar;C:\Users\dd397\.m2\repository\jakarta\annotation\jakarta.annotation-api\2.1.1\jakarta.annotation-api-2.1.1.jar;C:\Users\dd397\.m2\repository\org\slf4j\slf4j-api\2.0.9\slf4j-api-2.0.9.jar;C:\Users\dd397\.m2\repository\org\springframework\spring-aspects\6.1.2\spring-aspects-6.1.2.jar;C:\Users\dd397\.m2\repository\org\springframework\boot\spring-boot-starter-web\3.2.1\spring-boot-starter-web-3.2.1.jar;C:\Users\dd397\.m2\repository\org\springframework\boot\spring-boot-starter\3.2.1\spring-boot-starter-3.2.1.jar;C:\Users\dd397\.m2\repository\org\springframework\boot\spring-boot-starter-logging\3.2.1\spring-boot-starter-logging-3.2.1.jar;C:\Users\dd397\.m2\repository\ch\qos\logback\logback-classic\1.4.14\logback-classic-1.4.14.jar;C:\Users\dd397\.m2\repository\ch\qos\logback\logback-core\1.4.14\logback-core-1.4.14.jar;C:\Users\dd397\.m2\repository\org\apache\logging\log4j\log4j-to-slf4j\2.21.1\log4j-to-slf4j-2.21.1.jar;C:\Users\dd397\.m2\repository\org\apache\logging\log4j\log4j-api\2.21.1\log4j-api-2.21.1.jar;C:\Users\dd397\.m2\repository\org\slf4j\jul-to-slf4j\2.0.9\jul-to-slf4j-2.0.9.jar;C:\Users\dd397\.m2\repository\org\yaml\snakeyaml\2.2\snakeyaml-2.2.jar;C:\Users\dd397\.m2\repository\org\springframework\boot\spring-boot-starter-json\3.2.1\spring-boot-starter-json-3.2.1.jar;C:\Users\dd397\.m2\repository\com\fasterxml\jackson\core\jackson-databind\2.15.3\jackson-databind-2.15.3.jar;C:\Users\dd397\.m2\repository\com\fasterxml\jackson\core\jackson-annotations\2.15.3\jackson-annotations-2.15.3.jar;C:\Users\dd397\.m2\repository\com\fasterxml\jackson\core\jackson-core\2.15.3\jackson-core-2.15.3.jar;C:\Users\dd397\.m2\repository\com\fasterxml\jackson\datatype\jackson-datatype-jdk8\2.15.3\jackson-datatype-jdk8-2.15.3.jar;C:\Users\dd397\.m2\repository\com\fasterxml\jackson\datatype\jackson-datatype-jsr310\2.15.3\jackson-datatype-jsr310-2.15.3.jar;C:\Users\dd397\.m2\repository\com\fasterxml\jackson\module\jackson-module-parameter-names\2.15.3\jackson-module-parameter-names-2.15.3.jar;C:\Users\dd397\.m2\repository\org\springframework\boot\spring-boot-starter-tomcat\3.2.1\spring-boot-starter-tomcat-3.2.1.jar;C:\Users\dd397\.m2\repository\org\apache\tomcat\embed\tomcat-embed-core\10.1.17\tomcat-embed-core-10.1.17.jar;C:\Users\dd397\.m2\repository\org\apache\tomcat\embed\tomcat-embed-el\10.1.17\tomcat-embed-el-10.1.17.jar;C:\Users\dd397\.m2\repository\org\apache\tomcat\embed\tomcat-embed-websocket\10.1.17\tomcat-embed-websocket-10.1.17.jar;C:\Users\dd397\.m2\repository\org\springframework\spring-web\6.1.2\spring-web-6.1.2.jar;C:\Users\dd397\.m2\repository\io\micrometer\micrometer-observation\1.12.1\micrometer-observation-1.12.1.jar;C:\Users\dd397\.m2\repository\io\micrometer\micrometer-commons\1.12.1\micrometer-commons-1.12.1.jar;C:\Users\dd397\.m2\repository\org\springframework\spring-webmvc\6.1.2\spring-webmvc-6.1.2.jar;C:\Users\dd397\.m2\repository\org\springframework\spring-expression\6.1.2\spring-expression-6.1.2.jar;C:\Users\dd397\.m2\repository\org\springframework\boot\spring-boot-devtools\3.2.1\spring-boot-devtools-3.2.1.jar;C:\Users\dd397\.m2\repository\org\springframework\boot\spring-boot\3.2.1\spring-boot-3.2.1.jar;C:\Users\dd397\.m2\repository\org\springframework\boot\spring-boot-autoconfigure\3.2.1\spring-boot-autoconfigure-3.2.1.jar;C:\Users\dd397\.m2\repository\com\mysql\mysql-connector-j\8.1.0\mysql-connector-j-8.1.0.jar;C:\Users\dd397\.m2\repository\org\projectlombok\lombok\1.18.30\lombok-1.18.30.jar;C:\Users\dd397\.m2\repository\jakarta\xml\bind\jakarta.xml.bind-api\4.0.1\jakarta.xml.bind-api-4.0.1.jar;C:\Users\dd397\.m2\repository\jakarta\activation\jakarta.activation-api\2.1.2\jakarta.activation-api-2.1.2.jar;C:\Users\dd397\.m2\repository\org\springframework\spring-core\6.1.2\spring-core-6.1.2.jar;C:\Users\dd397\.m2\repository\org\springframework\spring-jcl\6.1.2\spring-jcl-6.1.2.jar
Launcher Type: SUN_STANDARD

[Global flags]
     intx CICompilerCount                          = 4                                         {product} {ergonomic}
     uint ConcGCThreads                            = 3                                         {product} {ergonomic}
     uint G1ConcRefinementThreads                  = 10                                        {product} {ergonomic}
   size_t G1HeapRegionSize                         = 1048576                                   {product} {ergonomic}
    uintx GCDrainStackTargetSize                   = 64                                        {product} {ergonomic}
   size_t InitialHeapSize                          = 130023424                                 {product} {ergonomic}
   size_t MarkStackSize                            = 4194304                                   {product} {ergonomic}
   size_t MaxHeapSize                              = 2080374784                                {product} {ergonomic}
   size_t MaxNewSize                               = 1247805440                                {product} {ergonomic}
   size_t MinHeapDeltaBytes                        = 1048576                                   {product} {ergonomic}
   size_t MinHeapSize                              = 8388608                                   {product} {ergonomic}
    uintx NonNMethodCodeHeapSize                   = 5839372                                {pd product} {ergonomic}
    uintx NonProfiledCodeHeapSize                  = 122909434                              {pd product} {ergonomic}
    uintx ProfiledCodeHeapSize                     = 122909434                              {pd product} {ergonomic}
    uintx ReservedCodeCacheSize                    = 251658240                              {pd product} {ergonomic}
     bool SegmentedCodeCache                       = true                                      {product} {ergonomic}
   size_t SoftMaxHeapSize                          = 2080374784                             {manageable} {ergonomic}
     bool UseCompressedOops                        = true                           {product lp64_product} {ergonomic}
     bool UseG1GC                                  = true                                      {product} {ergonomic}
     bool UseLargePagesIndividualAllocation        = false                                  {pd product} {ergonomic}

Logging:
Log output configuration:
 #0: stdout all=warning uptime,level,tags foldmultilines=false
 #1: stderr all=off uptime,level,tags foldmultilines=false

Environment Variables:
JAVA_HOME=C:\Program Files\Java\jdk-21
PATH=C:\Program Files\Common Files\Oracle\Java\javapath;C:\Windows\system32;C:\Windows;C:\Windows\System32\Wbem;C:\Windows\System32\WindowsPowerShell\v1.0\;C:\Windows\System32\OpenSSH\;C:\Program Files (x86)\NVIDIA Corporation\PhysX\Common;C:\Program Files\NVIDIA Corporation\NVIDIA NvDLISR;C:\Program Files\dotnet\;C:\Program Files\MySQL\MySQL Server 8.0\bin;C:\Program Files\Java\jdk-21\bin;C:\Program Files\MySQL\MySQL Shell 8.0\bin\;C:\Users\dd397\AppData\Local\Microsoft\WindowsApps;;C:\Users\dd397\AppData\Local\Programs\Microsoft VS Code\bin
USERNAME=dd397
OS=Windows_NT
PROCESSOR_IDENTIFIER=Intel64 Family 6 Model 141 Stepping 1, GenuineIntel
TMP=C:\Users\dd397\AppData\Local\Temp
TEMP=C:\Users\dd397\AppData\Local\Temp




Periodic native trim disabled

---------------  S Y S T E M  ---------------

OS:
 Windows 11 , 64 bit Build 22621 (10.0.22621.2506)
OS uptime: 0 days 23:31 hours

CPU: total 12 (initial active 12) (6 cores per cpu, 2 threads per core) family 6 model 141 stepping 1 microcode 0x34, cx8, cmov, fxsr, ht, mmx, 3dnowpref, sse, sse2, sse3, ssse3, sse4.1, sse4.2, popcnt, lzcnt, tsc, tscinvbit, avx, avx2, aes, erms, clmul, bmi1, bmi2, adx, avx512f, avx512dq, avx512cd, avx512bw, avx512vl, sha, fma, vzeroupper, avx512_vpopcntdq, avx512_vpclmulqdq, avx512_vaes, avx512_vnni, clflush, clflushopt, clwb, avx512_vbmi2, avx512_vbmi, rdtscp, rdpid, fsrm, gfni, avx512_bitalg, f16c, pku, cet_ibt, cet_ss, avx512_ifma
Processor Information for all 12 processors :
  Max Mhz: 2688, Current Mhz: 2688, Mhz Limit: 2688

Memory: 4k page, system-wide physical 7929M (635M free)
TotalPageFile size 32505M (AvailPageFile size 4M)
current process WorkingSet (physical memory assigned to process): 163M, peak: 163M
current process commit charge ("private bytes"): 280M, peak: 281M

vm_info: Java HotSpot(TM) 64-Bit Server VM (21.0.1+12-LTS-29) for windows-amd64 JRE (21.0.1+12-LTS-29), built on 2023-10-05T13:27:09Z by "mach5one" with MS VC++ 17.1 (VS2022)

END.
