#
# There is insufficient memory for the Java Runtime Environment to continue.
# Native memory allocation (mmap) failed to map 65536 bytes for Failed to commit metaspace.
# Possible reasons:
#   The system is out of physical RAM or swap space
#   The process is running with CompressedOops enabled, and the Java Heap may be blocking the growth of the native heap
# Possible solutions:
#   Reduce memory load on the system
#   Increase physical memory or swap space
#   Check if swap backing store is full
#   Decrease Java heap size (-Xmx/-Xms)
#   Decrease number of Java threads
#   Decrease Java thread stack sizes (-Xss)
#   Set larger code cache with -XX:ReservedCodeCacheSize=
#   JVM is running with Unscaled Compressed Oops mode in which the Java heap is
#     placed in the first 4GB address space. The Java Heap base address is the
#     maximum limit for the native heap growth. Please use -XX:HeapBaseMinAddress
#     to set the Java Heap base and to place the Java Heap above 4GB virtual address.
# This output file may be truncated or incomplete.
#
#  Out of Memory Error (virtualSpaceNode.cpp:112), pid=17944, tid=5400
#
# JRE version: Java(TM) SE Runtime Environment (21.0.1+12) (build 21.0.1+12-LTS-29)
# Java VM: Java HotSpot(TM) 64-Bit Server VM (21.0.1+12-LTS-29, mixed mode, sharing, tiered, compressed oops, compressed class ptrs, g1 gc, windows-amd64)
# No core dump will be written. Minidumps are not enabled by default on client versions of Windows
#

---------------  S U M M A R Y ------------

Command Line: -javaagent:C:\Program Files\JetBrains\IntelliJ IDEA Community Edition 2023.2.5\lib\idea_rt.jar=52321:C:\Program Files\JetBrains\IntelliJ IDEA Community Edition 2023.2.5\bin -Dfile.encoding=UTF-8 -Dsun.stdout.encoding=UTF-8 -Dsun.stderr.encoding=UTF-8 com.springboot.blog.SpringbootBlogRestApiApplication

Host: 11th Gen Intel(R) Core(TM) i5-11400H @ 2.70GHz, 12 cores, 7G,  Windows 11 , 64 bit Build 22621 (10.0.22621.2506)
Time: Mon Jan  1 15:54:08 2024 India Standard Time elapsed time: 0.597001 seconds (0d 0h 0m 0s)

---------------  T H R E A D  ---------------

Current thread (0x000001af7d90a710):  JavaThread "restartedMain"        [_thread_in_vm, id=5400, stack(0x0000003527500000,0x0000003527600000) (1024K)]

Stack: [0x0000003527500000,0x0000003527600000]
Native frames: (J=compiled Java code, j=interpreted, Vv=VM code, C=native code)
V  [jvm.dll+0x6c9029]
V  [jvm.dll+0x854b81]
V  [jvm.dll+0x856e5e]
V  [jvm.dll+0x857543]
V  [jvm.dll+0x280c06]
V  [jvm.dll+0x8508ae]
V  [jvm.dll+0x66ca45]
V  [jvm.dll+0x66caaa]
V  [jvm.dll+0x66f2a6]
V  [jvm.dll+0x66f172]
V  [jvm.dll+0x66d41e]
V  [jvm.dll+0x26c581]
V  [jvm.dll+0x2184f7]
V  [jvm.dll+0x20dc4e]
V  [jvm.dll+0x5ac6dc]
V  [jvm.dll+0x21f67a]
V  [jvm.dll+0x7ccde1]
V  [jvm.dll+0x7cde45]
V  [jvm.dll+0x7ce3ef]
V  [jvm.dll+0x7ce098]
V  [jvm.dll+0x26ebdb]
V  [jvm.dll+0x26ee0a]
V  [jvm.dll+0x5cf2e1]
V  [jvm.dll+0x5d18e4]
V  [jvm.dll+0x3d6f32]
V  [jvm.dll+0x3d69d0]
C  0x000001af07547bfc

The last pc belongs to getstatic (printed below).
Java frames: (J=compiled Java code, j=interpreted, Vv=VM code)
j  java.util.stream.IntPipeline.allMatch(Ljava/util/function/IntPredicate;)Z+2 java.base@21.0.1
j  org.springframework.boot.context.properties.source.SystemEnvironmentPropertyMapper.isNumber(Ljava/lang/String;)Z+9
j  org.springframework.boot.context.properties.source.SystemEnvironmentPropertyMapper.processElementValue(Ljava/lang/CharSequence;)Ljava/lang/CharSequence;+14
j  org.springframework.boot.context.properties.source.SystemEnvironmentPropertyMapper$$Lambda+0x000001af100bf3d0.apply(Ljava/lang/Object;)Ljava/lang/Object;+8
j  org.springframework.boot.context.properties.source.ConfigurationPropertyName$ElementsParser.add(IILorg/springframework/boot/context/properties/source/ConfigurationPropertyName$ElementType;Ljava/util/function/Function;)V+112
j  org.springframework.boot.context.properties.source.ConfigurationPropertyName$ElementsParser.parse(Ljava/util/function/Function;)Lorg/springframework/boot/context/properties/source/ConfigurationPropertyName$Elements;+145
j  org.springframework.boot.context.properties.source.ConfigurationPropertyName.adapt(Ljava/lang/CharSequence;CLjava/util/function/Function;)Lorg/springframework/boot/context/properties/source/ConfigurationPropertyName;+29
j  org.springframework.boot.context.properties.source.SystemEnvironmentPropertyMapper.convertName(Ljava/lang/String;)Lorg/springframework/boot/context/properties/source/ConfigurationPropertyName;+9
j  org.springframework.boot.context.properties.source.SystemEnvironmentPropertyMapper.map(Ljava/lang/String;)Lorg/springframework/boot/context/properties/source/ConfigurationPropertyName;+2
j  org.springframework.boot.context.properties.source.SpringIterableConfigurationPropertySource$Mappings.updateMappings([Ljava/lang/String;)V+123
j  org.springframework.boot.context.properties.source.SpringIterableConfigurationPropertySource$Mappings.updateMappings(Ljava/util/function/Supplier;)V+26
j  org.springframework.boot.context.properties.source.SpringIterableConfigurationPropertySource.updateMappings(Lorg/springframework/boot/context/properties/source/SpringIterableConfigurationPropertySource$Mappings;)Lorg/springframework/boot/context/properties/source/SpringIterableConfigurationPropertySource$Mappings;+15
j  org.springframework.boot.context.properties.source.SpringIterableConfigurationPropertySource$$Lambda+0x000001af100be4b0.apply(Ljava/lang/Object;)Ljava/lang/Object;+8
j  org.springframework.boot.context.properties.source.SoftReferenceConfigurationPropertyCache.get(Ljava/util/function/Supplier;Ljava/util/function/UnaryOperator;)Ljava/lang/Object;+16
j  org.springframework.boot.context.properties.source.SpringIterableConfigurationPropertySource.getMappings()Lorg/springframework/boot/context/properties/source/SpringIterableConfigurationPropertySource$Mappings;+16
j  org.springframework.boot.context.properties.source.SpringIterableConfigurationPropertySource.getConfigurationProperty(Lorg/springframework/boot/context/properties/source/ConfigurationPropertyName;)Lorg/springframework/boot/context/properties/source/ConfigurationProperty;+19
j  org.springframework.boot.context.properties.source.ConfigurationPropertySourcesPropertySource.findConfigurationProperty(Lorg/springframework/boot/context/properties/source/ConfigurationPropertyName;)Lorg/springframework/boot/context/properties/source/ConfigurationProperty;+40
j  org.springframework.boot.context.properties.source.ConfigurationPropertySourcesPropertySource.findConfigurationProperty(Ljava/lang/String;)Lorg/springframework/boot/context/properties/source/ConfigurationProperty;+6
j  org.springframework.boot.context.properties.source.ConfigurationPropertySourcesPropertySource.getProperty(Ljava/lang/String;)Ljava/lang/Object;+2
j  org.springframework.boot.env.SpringApplicationJsonEnvironmentPostProcessor$JsonPropertyValue.get(Lorg/springframework/core/env/PropertySource;)Lorg/springframework/boot/env/SpringApplicationJsonEnvironmentPostProcessor$JsonPropertyValue;+22
j  org.springframework.boot.env.SpringApplicationJsonEnvironmentPostProcessor$$Lambda+0x000001af100bbc58.apply(Ljava/lang/Object;)Ljava/lang/Object;+4
j  java.util.stream.ReferencePipeline$3$1.accept(Ljava/lang/Object;)V+12 java.base@21.0.1
j  java.util.Spliterators$ArraySpliterator.tryAdvance(Ljava/util/function/Consumer;)Z+49 java.base@21.0.1
j  java.util.stream.ReferencePipeline.forEachWithCancel(Ljava/util/Spliterator;Ljava/util/stream/Sink;)Z+13 java.base@21.0.1
j  java.util.stream.AbstractPipeline.copyIntoWithCancel(Ljava/util/stream/Sink;Ljava/util/Spliterator;)Z+32 java.base@21.0.1
j  java.util.stream.AbstractPipeline.copyInto(Ljava/util/stream/Sink;Ljava/util/Spliterator;)V+49 java.base@21.0.1
j  java.util.stream.AbstractPipeline.wrapAndCopyInto(Ljava/util/stream/Sink;Ljava/util/Spliterator;)Ljava/util/stream/Sink;+13 java.base@21.0.1
j  java.util.stream.FindOps$FindOp.evaluateSequential(Ljava/util/stream/PipelineHelper;Ljava/util/Spliterator;)Ljava/lang/Object;+14 java.base@21.0.1
j  java.util.stream.AbstractPipeline.evaluate(Ljava/util/stream/TerminalOp;)Ljava/lang/Object;+88 java.base@21.0.1
j  java.util.stream.ReferencePipeline.findFirst()Ljava/util/Optional;+5 java.base@21.0.1
j  org.springframework.boot.env.SpringApplicationJsonEnvironmentPostProcessor.postProcessEnvironment(Lorg/springframework/core/env/ConfigurableEnvironment;Lorg/springframework/boot/SpringApplication;)V+31
j  org.springframework.boot.env.EnvironmentPostProcessorApplicationListener.onApplicationEnvironmentPreparedEvent(Lorg/springframework/boot/context/event/ApplicationEnvironmentPreparedEvent;)V+55
j  org.springframework.boot.env.EnvironmentPostProcessorApplicationListener.onApplicationEvent(Lorg/springframework/context/ApplicationEvent;)V+14
j  org.springframework.context.event.SimpleApplicationEventMulticaster.doInvokeListener(Lorg/springframework/context/ApplicationListener;Lorg/springframework/context/ApplicationEvent;)V+2
j  org.springframework.context.event.SimpleApplicationEventMulticaster.invokeListener(Lorg/springframework/context/ApplicationListener;Lorg/springframework/context/ApplicationEvent;)V+34
j  org.springframework.context.event.SimpleApplicationEventMulticaster.multicastEvent(Lorg/springframework/context/ApplicationEvent;Lorg/springframework/core/ResolvableType;)V+92
j  org.springframework.context.event.SimpleApplicationEventMulticaster.multicastEvent(Lorg/springframework/context/ApplicationEvent;)V+3
j  org.springframework.boot.context.event.EventPublishingRunListener.multicastInitialEvent(Lorg/springframework/context/ApplicationEvent;)V+9
j  org.springframework.boot.context.event.EventPublishingRunListener.environmentPrepared(Lorg/springframework/boot/ConfigurableBootstrapContext;Lorg/springframework/core/env/ConfigurableEnvironment;)V+18
j  org.springframework.boot.SpringApplicationRunListeners.lambda$environmentPrepared$2(Lorg/springframework/boot/ConfigurableBootstrapContext;Lorg/springframework/core/env/ConfigurableEnvironment;Lorg/springframework/boot/SpringApplicationRunListener;)V+3
j  org.springframework.boot.SpringApplicationRunListeners$$Lambda+0x000001af100b88d0.accept(Ljava/lang/Object;)V+12
j  java.lang.Iterable.forEach(Ljava/util/function/Consumer;)V+30 java.base@21.0.1
j  org.springframework.boot.SpringApplicationRunListeners.doWithListeners(Ljava/lang/String;Ljava/util/function/Consumer;Ljava/util/function/Consumer;)V+17
j  org.springframework.boot.SpringApplicationRunListeners.doWithListeners(Ljava/lang/String;Ljava/util/function/Consumer;)V+4
j  org.springframework.boot.SpringApplicationRunListeners.environmentPrepared(Lorg/springframework/boot/ConfigurableBootstrapContext;Lorg/springframework/core/env/ConfigurableEnvironment;)V+10
j  org.springframework.boot.SpringApplication.prepareEnvironment(Lorg/springframework/boot/SpringApplicationRunListeners;Lorg/springframework/boot/DefaultBootstrapContext;Lorg/springframework/boot/ApplicationArguments;)Lorg/springframework/core/env/ConfigurableEnvironment;+27
j  org.springframework.boot.SpringApplication.run([Ljava/lang/String;)Lorg/springframework/context/ConfigurableApplicationContext;+62
j  org.springframework.boot.SpringApplication.run([Ljava/lang/Class;[Ljava/lang/String;)Lorg/springframework/context/ConfigurableApplicationContext;+9
j  org.springframework.boot.SpringApplication.run(Ljava/lang/Class;[Ljava/lang/String;)Lorg/springframework/context/ConfigurableApplicationContext;+9
j  com.springboot.blog.SpringbootBlogRestApiApplication.main([Ljava/lang/String;)V+3
j  java.lang.invoke.LambdaForm$DMH+0x000001af10006000.invokeStatic(Ljava/lang/Object;Ljava/lang/Object;)V+10 java.base@21.0.1
j  java.lang.invoke.LambdaForm$MH+0x000001af10091c00.invoke(Ljava/lang/Object;Ljava/lang/Object;Ljava/lang/Object;)Ljava/lang/Object;+33 java.base@21.0.1
j  java.lang.invoke.Invokers$Holder.invokeExact_MT(Ljava/lang/Object;Ljava/lang/Object;Ljava/lang/Object;Ljava/lang/Object;)Ljava/lang/Object;+20 java.base@21.0.1
j  jdk.internal.reflect.DirectMethodHandleAccessor.invokeImpl(Ljava/lang/Object;[Ljava/lang/Object;)Ljava/lang/Object;+55 java.base@21.0.1
j  jdk.internal.reflect.DirectMethodHandleAccessor.invoke(Ljava/lang/Object;[Ljava/lang/Object;)Ljava/lang/Object;+23 java.base@21.0.1
j  java.lang.reflect.Method.invoke(Ljava/lang/Object;[Ljava/lang/Object;)Ljava/lang/Object;+102 java.base@21.0.1
j  org.springframework.boot.devtools.restart.RestartLauncher.run()V+47
v  ~StubRoutines::call_stub 0x000001af075310e7
getstatic  178 getstatic  [0x000001af07547b60, 0x000001af07547d58]  504 bytes
[MachCode]
  0x000001af07547b60: 4883 ec08 | c5fa 1104 | 24eb 1f48 | 83ec 10c5 | fb11 0424 | eb14 4883 | ec10 4889 | 0424 48c7 
  0x000001af07547b80: 4424 0800 | 0000 00eb | 0150 410f | b755 0148 | 8b4d d0c1 | e202 8b5c | d138 c1eb | 1081 e3ff 
  0x000001af07547ba0: 0000 0081 | fbb2 0000 | 000f 84b4 | 0000 00bb | b200 0000 | e805 0000 | 00e9 9900 | 0000 488b 
  0x000001af07547bc0: d348 8d44 | 2408 4c89 | 6dc0 498b | cfc5 f877 | 4989 afa8 | 0300 0049 | 8987 9803 | 0000 4883 
  0x000001af07547be0: ec20 40f6 | c40f 0f84 | 1900 0000 | 4883 ec08 | 48b8 7069 | 9fa6 fb7f | 0000 ffd0 | 4883 c408 
  0x000001af07547c00: e90c 0000 | 0048 b870 | 699f a6fb | 7f00 00ff | d048 83c4 | 2049 c787 | 9803 0000 | 0000 0000 
  0x000001af07547c20: 49c7 87a8 | 0300 0000 | 0000 0049 | c787 a003 | 0000 0000 | 0000 c5f8 | 7749 837f | 0800 0f84 
  0x000001af07547c40: 0500 0000 | e9b7 92fe | ff4c 8b6d | c04c 8b75 | c84e 8d74 | f500 c341 | 0fb7 5501 | 488b 4dd0 
  0x000001af07547c60: c1e2 0248 | 8b5c d148 | 8b44 d150 | 4c8b 4cd1 | 404d 8b49 | 704d 8b09 | c1e8 1c83 | e00f 0f85 
  0x000001af07547c80: 0b00 0000 | 410f be04 | 1950 e9b1 | 0000 0083 | f801 0f85 | 0b00 0000 | 410f b604 | 1950 e99d 
  0x000001af07547ca0: 0000 0083 | f808 0f85 | 0a00 0000 | 418b 0419 | 50e9 8a00 | 0000 83f8 | 040f 850a | 0000 0041 
  0x000001af07547cc0: 8b04 1950 | e977 0000 | 0083 f802 | 0f85 0b00 | 0000 410f | b704 1950 | e963 0000 | 0083 f803 
  0x000001af07547ce0: 0f85 0b00 | 0000 410f | bf04 1950 | e94f 0000 | 0083 f805 | 0f85 1a00 | 0000 498b | 0419 4883 
  0x000001af07547d00: ec10 4889 | 0424 48c7 | 4424 0800 | 0000 00e9 | 2c00 0000 | 83f8 060f | 8514 0000 | 00c4 c17a 
  0x000001af07547d20: 1004 1948 | 83ec 08c5 | fa11 0424 | e90f 0000 | 00c4 c17b | 1004 1948 | 83ec 10c5 | fb11 0424 
  0x000001af07547d40: 410f b65d | 0349 83c5 | 0349 ba80 | e726 a7fb | 7f00 0041 | ff24 da90 
[/MachCode]

---------------  P R O C E S S  ---------------

Threads class SMR info:
_java_thread_list=0x000001af7d90a590, length=15, elements={
0x000001af6d42ab10, 0x000001af7d098740, 0x000001af7d099550, 0x000001af7d09b930,
0x000001af7d09c7e0, 0x000001af7d09d330, 0x000001af7d09eda0, 0x000001af7d0aac90,
0x000001af7d0b0d70, 0x000001af7d284fa0, 0x000001af7d3f9550, 0x000001af7d532910,
0x000001af7d4adb80, 0x000001af7d9093e0, 0x000001af7d90a710
}

Java Threads: ( => current thread )
  0x000001af6d42ab10 JavaThread "main"                              [_thread_blocked, id=11700, stack(0x0000003526000000,0x0000003526100000) (1024K)]
  0x000001af7d098740 JavaThread "Reference Handler"          daemon [_thread_blocked, id=11436, stack(0x0000003526800000,0x0000003526900000) (1024K)]
  0x000001af7d099550 JavaThread "Finalizer"                  daemon [_thread_blocked, id=16644, stack(0x0000003526900000,0x0000003526a00000) (1024K)]
  0x000001af7d09b930 JavaThread "Signal Dispatcher"          daemon [_thread_blocked, id=7632, stack(0x0000003526a00000,0x0000003526b00000) (1024K)]
  0x000001af7d09c7e0 JavaThread "Attach Listener"            daemon [_thread_blocked, id=12260, stack(0x0000003526b00000,0x0000003526c00000) (1024K)]
  0x000001af7d09d330 JavaThread "Service Thread"             daemon [_thread_blocked, id=18592, stack(0x0000003526c00000,0x0000003526d00000) (1024K)]
  0x000001af7d09eda0 JavaThread "Monitor Deflation Thread"   daemon [_thread_blocked, id=16340, stack(0x0000003526d00000,0x0000003526e00000) (1024K)]
  0x000001af7d0aac90 JavaThread "C2 CompilerThread0"         daemon [_thread_blocked, id=14268, stack(0x0000003526e00000,0x0000003526f00000) (1024K)]
  0x000001af7d0b0d70 JavaThread "C1 CompilerThread0"         daemon [_thread_in_vm, id=19068, stack(0x0000003526f00000,0x0000003527000000) (1024K)]
  0x000001af7d284fa0 JavaThread "Common-Cleaner"             daemon [_thread_blocked, id=14348, stack(0x0000003527000000,0x0000003527100000) (1024K)]
  0x000001af7d3f9550 JavaThread "C2 CompilerThread1"         daemon [_thread_blocked, id=14692, stack(0x0000003527100000,0x0000003527200000) (1024K)]
  0x000001af7d532910 JavaThread "Monitor Ctrl-Break"         daemon [_thread_in_native, id=18008, stack(0x0000003527200000,0x0000003527300000) (1024K)]
  0x000001af7d4adb80 JavaThread "Notification Thread"        daemon [_thread_blocked, id=9224, stack(0x0000003527300000,0x0000003527400000) (1024K)]
  0x000001af7d9093e0 JavaThread "Thread-0"                          [_thread_blocked, id=18824, stack(0x0000003527400000,0x0000003527500000) (1024K)]
=>0x000001af7d90a710 JavaThread "restartedMain"                     [_thread_in_vm, id=5400, stack(0x0000003527500000,0x0000003527600000) (1024K)]
Total: 15

Other Threads:
  0x000001af7d07a1b0 VMThread "VM Thread"                           [id=1132, stack(0x0000003526700000,0x0000003526800000) (1024K)]
  0x000001af7d060710 WatcherThread "VM Periodic Task Thread"        [id=14624, stack(0x0000003526600000,0x0000003526700000) (1024K)]
  0x000001af6d4819a0 WorkerThread "GC Thread#0"                     [id=12896, stack(0x0000003526100000,0x0000003526200000) (1024K)]
  0x000001af7ddd5950 WorkerThread "GC Thread#1"                     [id=7472, stack(0x0000003527600000,0x0000003527700000) (1024K)]
  0x000001af7ddf3f00 WorkerThread "GC Thread#2"                     [id=2448, stack(0x0000003527700000,0x0000003527800000) (1024K)]
  0x000001af7ddf42a0 WorkerThread "GC Thread#3"                     [id=16512, stack(0x0000003527800000,0x0000003527900000) (1024K)]
  0x000001af7dddf040 WorkerThread "GC Thread#4"                     [id=18148, stack(0x0000003527900000,0x0000003527a00000) (1024K)]
  0x000001af7dddf3e0 WorkerThread "GC Thread#5"                     [id=8644, stack(0x0000003527a00000,0x0000003527b00000) (1024K)]
  0x000001af6d4943d0 ConcurrentGCThread "G1 Main Marker"            [id=16540, stack(0x0000003526200000,0x0000003526300000) (1024K)]
  0x000001af6d494ed0 WorkerThread "G1 Conc#0"                       [id=376, stack(0x0000003526300000,0x0000003526400000) (1024K)]
  0x000001af7cf330f0 ConcurrentGCThread "G1 Refine#0"               [id=5988, stack(0x0000003526400000,0x0000003526500000) (1024K)]
  0x000001af7cf33a70 ConcurrentGCThread "G1 Service"                [id=3284, stack(0x0000003526500000,0x0000003526600000) (1024K)]
Total: 12

Threads with active compile tasks:
C1 CompilerThread0      615 1241       3       jdk.internal.org.objectweb.asm.MethodWriter::hasFrames (13 bytes)
Total: 1

VM state: not at safepoint (normal execution)

VM Mutex/Monitor currently owned by a thread:  ([mutex/lock_event])
[0x00007ffba7258578] Metaspace_lock - owner thread: 0x000001af7d90a710

Heap address: 0x0000000084000000, size: 1984 MB, Compressed Oops mode: 32-bit

CDS archive(s) mapped at: [0x000001af0f000000-0x000001af0fc90000-0x000001af0fc90000), size 13172736, SharedBaseAddress: 0x000001af0f000000, ArchiveRelocationMode: 1.
Compressed class space mapped at: 0x000001af10000000-0x000001af50000000, reserved size: 1073741824
Narrow klass base: 0x000001af0f000000, Narrow klass shift: 0, Narrow klass range: 0x100000000

GC Precious Log:
 CardTable entry size: 512
 Card Set container configuration: InlinePtr #cards 5 size 8 Array Of Cards #cards 12 size 40 Howl #buckets 4 coarsen threshold 1843 Howl Bitmap #cards 512 size 80 coarsen threshold 460 Card regions per heap region 1 cards per card region 2048
 CPUs: 12 total, 12 available
 Memory: 7929M
 Large Page Support: Disabled
 NUMA Support: Disabled
 Compressed Oops: Enabled (32-bit)
 Heap Region Size: 1M
 Heap Min Capacity: 8M
 Heap Initial Capacity: 124M
 Heap Max Capacity: 1984M
 Pre-touch: Disabled
 Parallel Workers: 10
 Concurrent Workers: 3
 Concurrent Refinement Workers: 10
 Periodic GC: Disabled

Heap:
 garbage-first heap   total 126976K, used 11885K [0x0000000084000000, 0x0000000100000000)
  region size 1024K, 8 young (8192K), 3 survivors (3072K)
 Metaspace       used 6852K, committed 7040K, reserved 1114112K
  class space    used 786K, committed 896K, reserved 1048576K

Heap Regions: E=young(eden), S=young(survivor), O=old, HS=humongous(starts), HC=humongous(continues), CS=collection set, F=free, TAMS=top-at-mark-start, PB=parsable bottom
|   0|0x0000000084000000, 0x0000000084100000, 0x0000000084100000|100%|HS|  |TAMS 0x0000000084000000| PB 0x0000000084000000| Complete 
|   1|0x0000000084100000, 0x0000000084200000, 0x0000000084200000|100%| O|  |TAMS 0x0000000084100000| PB 0x0000000084100000| Untracked 
|   2|0x0000000084200000, 0x0000000084300000, 0x0000000084300000|100%| O|  |TAMS 0x0000000084200000| PB 0x0000000084200000| Untracked 
|   3|0x0000000084300000, 0x0000000084400000, 0x0000000084400000|100%| O|  |TAMS 0x0000000084300000| PB 0x0000000084300000| Untracked 
|   4|0x0000000084400000, 0x000000008449b480, 0x0000000084500000| 60%| O|  |TAMS 0x0000000084400000| PB 0x0000000084400000| Untracked 
|   5|0x0000000084500000, 0x0000000084500000, 0x0000000084600000|  0%| F|  |TAMS 0x0000000084500000| PB 0x0000000084500000| Untracked 
|   6|0x0000000084600000, 0x0000000084600000, 0x0000000084700000|  0%| F|  |TAMS 0x0000000084600000| PB 0x0000000084600000| Untracked 
|   7|0x0000000084700000, 0x0000000084700000, 0x0000000084800000|  0%| F|  |TAMS 0x0000000084700000| PB 0x0000000084700000| Untracked 
|   8|0x0000000084800000, 0x0000000084800000, 0x0000000084900000|  0%| F|  |TAMS 0x0000000084800000| PB 0x0000000084800000| Untracked 
|   9|0x0000000084900000, 0x0000000084900000, 0x0000000084a00000|  0%| F|  |TAMS 0x0000000084900000| PB 0x0000000084900000| Untracked 
|  10|0x0000000084a00000, 0x0000000084a00000, 0x0000000084b00000|  0%| F|  |TAMS 0x0000000084a00000| PB 0x0000000084a00000| Untracked 
|  11|0x0000000084b00000, 0x0000000084b00000, 0x0000000084c00000|  0%| F|  |TAMS 0x0000000084b00000| PB 0x0000000084b00000| Untracked 
|  12|0x0000000084c00000, 0x0000000084c00000, 0x0000000084d00000|  0%| F|  |TAMS 0x0000000084c00000| PB 0x0000000084c00000| Untracked 
|  13|0x0000000084d00000, 0x0000000084d00000, 0x0000000084e00000|  0%| F|  |TAMS 0x0000000084d00000| PB 0x0000000084d00000| Untracked 
|  14|0x0000000084e00000, 0x0000000084e00000, 0x0000000084f00000|  0%| F|  |TAMS 0x0000000084e00000| PB 0x0000000084e00000| Untracked 
|  15|0x0000000084f00000, 0x0000000084f00000, 0x0000000085000000|  0%| F|  |TAMS 0x0000000084f00000| PB 0x0000000084f00000| Untracked 
|  16|0x0000000085000000, 0x0000000085000000, 0x0000000085100000|  0%| F|  |TAMS 0x0000000085000000| PB 0x0000000085000000| Untracked 
|  17|0x0000000085100000, 0x0000000085100000, 0x0000000085200000|  0%| F|  |TAMS 0x0000000085100000| PB 0x0000000085100000| Untracked 
|  18|0x0000000085200000, 0x0000000085200000, 0x0000000085300000|  0%| F|  |TAMS 0x0000000085200000| PB 0x0000000085200000| Untracked 
|  19|0x0000000085300000, 0x0000000085300000, 0x0000000085400000|  0%| F|  |TAMS 0x0000000085300000| PB 0x0000000085300000| Untracked 
|  20|0x0000000085400000, 0x0000000085400000, 0x0000000085500000|  0%| F|  |TAMS 0x0000000085400000| PB 0x0000000085400000| Untracked 
|  21|0x0000000085500000, 0x0000000085500000, 0x0000000085600000|  0%| F|  |TAMS 0x0000000085500000| PB 0x0000000085500000| Untracked 
|  22|0x0000000085600000, 0x0000000085600000, 0x0000000085700000|  0%| F|  |TAMS 0x0000000085600000| PB 0x0000000085600000| Untracked 
|  23|0x0000000085700000, 0x0000000085700000, 0x0000000085800000|  0%| F|  |TAMS 0x0000000085700000| PB 0x0000000085700000| Untracked 
|  24|0x0000000085800000, 0x0000000085800000, 0x0000000085900000|  0%| F|  |TAMS 0x0000000085800000| PB 0x0000000085800000| Untracked 
|  25|0x0000000085900000, 0x0000000085900000, 0x0000000085a00000|  0%| F|  |TAMS 0x0000000085900000| PB 0x0000000085900000| Untracked 
|  26|0x0000000085a00000, 0x0000000085a00000, 0x0000000085b00000|  0%| F|  |TAMS 0x0000000085a00000| PB 0x0000000085a00000| Untracked 
|  27|0x0000000085b00000, 0x0000000085b00000, 0x0000000085c00000|  0%| F|  |TAMS 0x0000000085b00000| PB 0x0000000085b00000| Untracked 
|  28|0x0000000085c00000, 0x0000000085c00000, 0x0000000085d00000|  0%| F|  |TAMS 0x0000000085c00000| PB 0x0000000085c00000| Untracked 
|  29|0x0000000085d00000, 0x0000000085d00000, 0x0000000085e00000|  0%| F|  |TAMS 0x0000000085d00000| PB 0x0000000085d00000| Untracked 
|  30|0x0000000085e00000, 0x0000000085e00000, 0x0000000085f00000|  0%| F|  |TAMS 0x0000000085e00000| PB 0x0000000085e00000| Untracked 
|  31|0x0000000085f00000, 0x0000000085f00000, 0x0000000086000000|  0%| F|  |TAMS 0x0000000085f00000| PB 0x0000000085f00000| Untracked 
|  32|0x0000000086000000, 0x0000000086000000, 0x0000000086100000|  0%| F|  |TAMS 0x0000000086000000| PB 0x0000000086000000| Untracked 
|  33|0x0000000086100000, 0x0000000086100000, 0x0000000086200000|  0%| F|  |TAMS 0x0000000086100000| PB 0x0000000086100000| Untracked 
|  34|0x0000000086200000, 0x0000000086200000, 0x0000000086300000|  0%| F|  |TAMS 0x0000000086200000| PB 0x0000000086200000| Untracked 
|  35|0x0000000086300000, 0x0000000086300000, 0x0000000086400000|  0%| F|  |TAMS 0x0000000086300000| PB 0x0000000086300000| Untracked 
|  36|0x0000000086400000, 0x0000000086400000, 0x0000000086500000|  0%| F|  |TAMS 0x0000000086400000| PB 0x0000000086400000| Untracked 
|  37|0x0000000086500000, 0x0000000086500000, 0x0000000086600000|  0%| F|  |TAMS 0x0000000086500000| PB 0x0000000086500000| Untracked 
|  38|0x0000000086600000, 0x0000000086600000, 0x0000000086700000|  0%| F|  |TAMS 0x0000000086600000| PB 0x0000000086600000| Untracked 
|  39|0x0000000086700000, 0x0000000086700000, 0x0000000086800000|  0%| F|  |TAMS 0x0000000086700000| PB 0x0000000086700000| Untracked 
|  40|0x0000000086800000, 0x0000000086800000, 0x0000000086900000|  0%| F|  |TAMS 0x0000000086800000| PB 0x0000000086800000| Untracked 
|  41|0x0000000086900000, 0x0000000086900000, 0x0000000086a00000|  0%| F|  |TAMS 0x0000000086900000| PB 0x0000000086900000| Untracked 
|  42|0x0000000086a00000, 0x0000000086a00000, 0x0000000086b00000|  0%| F|  |TAMS 0x0000000086a00000| PB 0x0000000086a00000| Untracked 
|  43|0x0000000086b00000, 0x0000000086b00000, 0x0000000086c00000|  0%| F|  |TAMS 0x0000000086b00000| PB 0x0000000086b00000| Untracked 
|  44|0x0000000086c00000, 0x0000000086c00000, 0x0000000086d00000|  0%| F|  |TAMS 0x0000000086c00000| PB 0x0000000086c00000| Untracked 
|  45|0x0000000086d00000, 0x0000000086d00000, 0x0000000086e00000|  0%| F|  |TAMS 0x0000000086d00000| PB 0x0000000086d00000| Untracked 
|  46|0x0000000086e00000, 0x0000000086e00000, 0x0000000086f00000|  0%| F|  |TAMS 0x0000000086e00000| PB 0x0000000086e00000| Untracked 
|  47|0x0000000086f00000, 0x0000000086f00000, 0x0000000087000000|  0%| F|  |TAMS 0x0000000086f00000| PB 0x0000000086f00000| Untracked 
|  48|0x0000000087000000, 0x0000000087000000, 0x0000000087100000|  0%| F|  |TAMS 0x0000000087000000| PB 0x0000000087000000| Untracked 
|  49|0x0000000087100000, 0x0000000087100000, 0x0000000087200000|  0%| F|  |TAMS 0x0000000087100000| PB 0x0000000087100000| Untracked 
|  50|0x0000000087200000, 0x0000000087200000, 0x0000000087300000|  0%| F|  |TAMS 0x0000000087200000| PB 0x0000000087200000| Untracked 
|  51|0x0000000087300000, 0x0000000087300000, 0x0000000087400000|  0%| F|  |TAMS 0x0000000087300000| PB 0x0000000087300000| Untracked 
|  52|0x0000000087400000, 0x0000000087400000, 0x0000000087500000|  0%| F|  |TAMS 0x0000000087400000| PB 0x0000000087400000| Untracked 
|  53|0x0000000087500000, 0x0000000087500000, 0x0000000087600000|  0%| F|  |TAMS 0x0000000087500000| PB 0x0000000087500000| Untracked 
|  54|0x0000000087600000, 0x0000000087600000, 0x0000000087700000|  0%| F|  |TAMS 0x0000000087600000| PB 0x0000000087600000| Untracked 
|  55|0x0000000087700000, 0x0000000087700000, 0x0000000087800000|  0%| F|  |TAMS 0x0000000087700000| PB 0x0000000087700000| Untracked 
|  56|0x0000000087800000, 0x0000000087800000, 0x0000000087900000|  0%| F|  |TAMS 0x0000000087800000| PB 0x0000000087800000| Untracked 
|  57|0x0000000087900000, 0x0000000087900000, 0x0000000087a00000|  0%| F|  |TAMS 0x0000000087900000| PB 0x0000000087900000| Untracked 
|  58|0x0000000087a00000, 0x0000000087a00000, 0x0000000087b00000|  0%| F|  |TAMS 0x0000000087a00000| PB 0x0000000087a00000| Untracked 
|  59|0x0000000087b00000, 0x0000000087b00000, 0x0000000087c00000|  0%| F|  |TAMS 0x0000000087b00000| PB 0x0000000087b00000| Untracked 
|  60|0x0000000087c00000, 0x0000000087c00000, 0x0000000087d00000|  0%| F|  |TAMS 0x0000000087c00000| PB 0x0000000087c00000| Untracked 
|  61|0x0000000087d00000, 0x0000000087d00000, 0x0000000087e00000|  0%| F|  |TAMS 0x0000000087d00000| PB 0x0000000087d00000| Untracked 
|  62|0x0000000087e00000, 0x0000000087e00000, 0x0000000087f00000|  0%| F|  |TAMS 0x0000000087e00000| PB 0x0000000087e00000| Untracked 
|  63|0x0000000087f00000, 0x0000000087f00000, 0x0000000088000000|  0%| F|  |TAMS 0x0000000087f00000| PB 0x0000000087f00000| Untracked 
|  64|0x0000000088000000, 0x0000000088000000, 0x0000000088100000|  0%| F|  |TAMS 0x0000000088000000| PB 0x0000000088000000| Untracked 
|  65|0x0000000088100000, 0x0000000088100000, 0x0000000088200000|  0%| F|  |TAMS 0x0000000088100000| PB 0x0000000088100000| Untracked 
|  66|0x0000000088200000, 0x0000000088200000, 0x0000000088300000|  0%| F|  |TAMS 0x0000000088200000| PB 0x0000000088200000| Untracked 
|  67|0x0000000088300000, 0x0000000088300000, 0x0000000088400000|  0%| F|  |TAMS 0x0000000088300000| PB 0x0000000088300000| Untracked 
|  68|0x0000000088400000, 0x0000000088400000, 0x0000000088500000|  0%| F|  |TAMS 0x0000000088400000| PB 0x0000000088400000| Untracked 
|  69|0x0000000088500000, 0x0000000088500000, 0x0000000088600000|  0%| F|  |TAMS 0x0000000088500000| PB 0x0000000088500000| Untracked 
|  70|0x0000000088600000, 0x0000000088600000, 0x0000000088700000|  0%| F|  |TAMS 0x0000000088600000| PB 0x0000000088600000| Untracked 
|  71|0x0000000088700000, 0x0000000088700000, 0x0000000088800000|  0%| F|  |TAMS 0x0000000088700000| PB 0x0000000088700000| Untracked 
|  72|0x0000000088800000, 0x0000000088800000, 0x0000000088900000|  0%| F|  |TAMS 0x0000000088800000| PB 0x0000000088800000| Untracked 
|  73|0x0000000088900000, 0x0000000088900000, 0x0000000088a00000|  0%| F|  |TAMS 0x0000000088900000| PB 0x0000000088900000| Untracked 
|  74|0x0000000088a00000, 0x0000000088a00000, 0x0000000088b00000|  0%| F|  |TAMS 0x0000000088a00000| PB 0x0000000088a00000| Untracked 
|  75|0x0000000088b00000, 0x0000000088b00000, 0x0000000088c00000|  0%| F|  |TAMS 0x0000000088b00000| PB 0x0000000088b00000| Untracked 
|  76|0x0000000088c00000, 0x0000000088c00000, 0x0000000088d00000|  0%| F|  |TAMS 0x0000000088c00000| PB 0x0000000088c00000| Untracked 
|  77|0x0000000088d00000, 0x0000000088d00000, 0x0000000088e00000|  0%| F|  |TAMS 0x0000000088d00000| PB 0x0000000088d00000| Untracked 
|  78|0x0000000088e00000, 0x0000000088e00000, 0x0000000088f00000|  0%| F|  |TAMS 0x0000000088e00000| PB 0x0000000088e00000| Untracked 
|  79|0x0000000088f00000, 0x0000000088f00000, 0x0000000089000000|  0%| F|  |TAMS 0x0000000088f00000| PB 0x0000000088f00000| Untracked 
|  80|0x0000000089000000, 0x0000000089000000, 0x0000000089100000|  0%| F|  |TAMS 0x0000000089000000| PB 0x0000000089000000| Untracked 
|  81|0x0000000089100000, 0x0000000089100000, 0x0000000089200000|  0%| F|  |TAMS 0x0000000089100000| PB 0x0000000089100000| Untracked 
|  82|0x0000000089200000, 0x0000000089200000, 0x0000000089300000|  0%| F|  |TAMS 0x0000000089200000| PB 0x0000000089200000| Untracked 
|  83|0x0000000089300000, 0x0000000089300000, 0x0000000089400000|  0%| F|  |TAMS 0x0000000089300000| PB 0x0000000089300000| Untracked 
|  84|0x0000000089400000, 0x0000000089400000, 0x0000000089500000|  0%| F|  |TAMS 0x0000000089400000| PB 0x0000000089400000| Untracked 
|  85|0x0000000089500000, 0x0000000089500000, 0x0000000089600000|  0%| F|  |TAMS 0x0000000089500000| PB 0x0000000089500000| Untracked 
|  86|0x0000000089600000, 0x0000000089600000, 0x0000000089700000|  0%| F|  |TAMS 0x0000000089600000| PB 0x0000000089600000| Untracked 
|  87|0x0000000089700000, 0x0000000089700000, 0x0000000089800000|  0%| F|  |TAMS 0x0000000089700000| PB 0x0000000089700000| Untracked 
|  88|0x0000000089800000, 0x0000000089800000, 0x0000000089900000|  0%| F|  |TAMS 0x0000000089800000| PB 0x0000000089800000| Untracked 
|  89|0x0000000089900000, 0x0000000089900000, 0x0000000089a00000|  0%| F|  |TAMS 0x0000000089900000| PB 0x0000000089900000| Untracked 
|  90|0x0000000089a00000, 0x0000000089a00000, 0x0000000089b00000|  0%| F|  |TAMS 0x0000000089a00000| PB 0x0000000089a00000| Untracked 
|  91|0x0000000089b00000, 0x0000000089b00000, 0x0000000089c00000|  0%| F|  |TAMS 0x0000000089b00000| PB 0x0000000089b00000| Untracked 
|  92|0x0000000089c00000, 0x0000000089c00000, 0x0000000089d00000|  0%| F|  |TAMS 0x0000000089c00000| PB 0x0000000089c00000| Untracked 
|  93|0x0000000089d00000, 0x0000000089d00000, 0x0000000089e00000|  0%| F|  |TAMS 0x0000000089d00000| PB 0x0000000089d00000| Untracked 
|  94|0x0000000089e00000, 0x0000000089e00000, 0x0000000089f00000|  0%| F|  |TAMS 0x0000000089e00000| PB 0x0000000089e00000| Untracked 
|  95|0x0000000089f00000, 0x0000000089f00000, 0x000000008a000000|  0%| F|  |TAMS 0x0000000089f00000| PB 0x0000000089f00000| Untracked 
|  96|0x000000008a000000, 0x000000008a000000, 0x000000008a100000|  0%| F|  |TAMS 0x000000008a000000| PB 0x000000008a000000| Untracked 
|  97|0x000000008a100000, 0x000000008a100000, 0x000000008a200000|  0%| F|  |TAMS 0x000000008a100000| PB 0x000000008a100000| Untracked 
|  98|0x000000008a200000, 0x000000008a300000, 0x000000008a300000|100%| S|CS|TAMS 0x000000008a200000| PB 0x000000008a200000| Complete 
|  99|0x000000008a300000, 0x000000008a400000, 0x000000008a400000|100%| S|CS|TAMS 0x000000008a300000| PB 0x000000008a300000| Complete 
| 100|0x000000008a400000, 0x000000008a500000, 0x000000008a500000|100%| S|CS|TAMS 0x000000008a400000| PB 0x000000008a400000| Complete 
| 101|0x000000008a500000, 0x000000008a500000, 0x000000008a600000|  0%| F|  |TAMS 0x000000008a500000| PB 0x000000008a500000| Untracked 
| 102|0x000000008a600000, 0x000000008a600000, 0x000000008a700000|  0%| F|  |TAMS 0x000000008a600000| PB 0x000000008a600000| Untracked 
| 103|0x000000008a700000, 0x000000008a700000, 0x000000008a800000|  0%| F|  |TAMS 0x000000008a700000| PB 0x000000008a700000| Untracked 
| 104|0x000000008a800000, 0x000000008a800000, 0x000000008a900000|  0%| F|  |TAMS 0x000000008a800000| PB 0x000000008a800000| Untracked 
| 105|0x000000008a900000, 0x000000008a900000, 0x000000008aa00000|  0%| F|  |TAMS 0x000000008a900000| PB 0x000000008a900000| Untracked 
| 106|0x000000008aa00000, 0x000000008aa00000, 0x000000008ab00000|  0%| F|  |TAMS 0x000000008aa00000| PB 0x000000008aa00000| Untracked 
| 107|0x000000008ab00000, 0x000000008ab00000, 0x000000008ac00000|  0%| F|  |TAMS 0x000000008ab00000| PB 0x000000008ab00000| Untracked 
| 108|0x000000008ac00000, 0x000000008ac00000, 0x000000008ad00000|  0%| F|  |TAMS 0x000000008ac00000| PB 0x000000008ac00000| Untracked 
| 109|0x000000008ad00000, 0x000000008ad00000, 0x000000008ae00000|  0%| F|  |TAMS 0x000000008ad00000| PB 0x000000008ad00000| Untracked 
| 110|0x000000008ae00000, 0x000000008ae00000, 0x000000008af00000|  0%| F|  |TAMS 0x000000008ae00000| PB 0x000000008ae00000| Untracked 
| 111|0x000000008af00000, 0x000000008af00000, 0x000000008b000000|  0%| F|  |TAMS 0x000000008af00000| PB 0x000000008af00000| Untracked 
| 112|0x000000008b000000, 0x000000008b000000, 0x000000008b100000|  0%| F|  |TAMS 0x000000008b000000| PB 0x000000008b000000| Untracked 
| 113|0x000000008b100000, 0x000000008b100000, 0x000000008b200000|  0%| F|  |TAMS 0x000000008b100000| PB 0x000000008b100000| Untracked 
| 114|0x000000008b200000, 0x000000008b200000, 0x000000008b300000|  0%| F|  |TAMS 0x000000008b200000| PB 0x000000008b200000| Untracked 
| 115|0x000000008b300000, 0x000000008b300000, 0x000000008b400000|  0%| F|  |TAMS 0x000000008b300000| PB 0x000000008b300000| Untracked 
| 116|0x000000008b400000, 0x000000008b400000, 0x000000008b500000|  0%| F|  |TAMS 0x000000008b400000| PB 0x000000008b400000| Untracked 
| 117|0x000000008b500000, 0x000000008b500000, 0x000000008b600000|  0%| F|  |TAMS 0x000000008b500000| PB 0x000000008b500000| Untracked 
| 118|0x000000008b600000, 0x000000008b600000, 0x000000008b700000|  0%| F|  |TAMS 0x000000008b600000| PB 0x000000008b600000| Untracked 
| 119|0x000000008b700000, 0x000000008b7770d0, 0x000000008b800000| 46%| E|  |TAMS 0x000000008b700000| PB 0x000000008b700000| Complete 
| 120|0x000000008b800000, 0x000000008b900000, 0x000000008b900000|100%| E|CS|TAMS 0x000000008b800000| PB 0x000000008b800000| Complete 
| 121|0x000000008b900000, 0x000000008ba00000, 0x000000008ba00000|100%| E|CS|TAMS 0x000000008b900000| PB 0x000000008b900000| Complete 
| 122|0x000000008ba00000, 0x000000008bb00000, 0x000000008bb00000|100%| E|CS|TAMS 0x000000008ba00000| PB 0x000000008ba00000| Complete 
| 123|0x000000008bb00000, 0x000000008bc00000, 0x000000008bc00000|100%| E|CS|TAMS 0x000000008bb00000| PB 0x000000008bb00000| Complete 

Card table byte_map: [0x000001af780d0000,0x000001af784b0000] _byte_map_base: 0x000001af77cb0000

Marking Bits: (CMBitMap*) 0x000001af6d4820a0
 Bits: [0x000001af784b0000, 0x000001af7a3b0000)

Polling page: 0x000001af77030000

Metaspace:

Usage:
  Non-class:      5.92 MB used.
      Class:    786.17 KB used.
       Both:      6.69 MB used.

Virtual space:
  Non-class space:       64.00 MB reserved,       6.00 MB (  9%) committed,  1 nodes.
      Class space:        1.00 GB reserved,     896.00 KB ( <1%) committed,  1 nodes.
             Both:        1.06 GB reserved,       6.88 MB ( <1%) committed. 

Chunk freelists:
   Non-Class:  9.14 MB
       Class:  15.00 MB
        Both:  24.13 MB

MaxMetaspaceSize: unlimited
CompressedClassSpaceSize: 1.00 GB
Initial GC threshold: 21.00 MB
Current GC threshold: 21.00 MB
CDS: on
 - commit_granule_bytes: 65536.
 - commit_granule_words: 8192.
 - virtual_space_node_default_size: 8388608.
 - enlarge_chunks_in_place: 1.
 - use_allocation_guard: 0.


Internal statistics:

num_allocs_failed_limit: 0.
num_arena_births: 162.
num_arena_deaths: 0.
num_vsnodes_births: 2.
num_vsnodes_deaths: 0.
num_space_committed: 110.
num_space_uncommitted: 0.
num_chunks_returned_to_freelist: 0.
num_chunks_taken_from_freelist: 368.
num_chunk_merges: 0.
num_chunk_splits: 213.
num_chunks_enlarged: 117.
num_inconsistent_stats: 0.

CodeHeap 'non-profiled nmethods': size=120000Kb used=478Kb max_used=478Kb free=119521Kb
 bounds [0x000001af07ad0000, 0x000001af07d40000, 0x000001af0f000000]
CodeHeap 'profiled nmethods': size=120000Kb used=2278Kb max_used=2278Kb free=117721Kb
 bounds [0x000001af00000000, 0x000001af00270000, 0x000001af07530000]
CodeHeap 'non-nmethods': size=5760Kb used=1504Kb max_used=1530Kb free=4255Kb
 bounds [0x000001af07530000, 0x000001af077a0000, 0x000001af07ad0000]
 total_blobs=1727 nmethods=1255 adapters=377
 compilation: enabled
              stopped_count=0, restarted_count=0
 full_count=0

Compilation events (20 events):
Event: 0.594 Thread 0x000001af7d0b0d70 nmethod 1246 0x000001af07b47310 code [0x000001af07b474a0, 0x000001af07b47568]
Event: 0.594 Thread 0x000001af7d0b0d70 1250       3       java.lang.Character::toLowerCase (6 bytes)
Event: 0.594 Thread 0x000001af7d0b0d70 nmethod 1250 0x000001af00234510 code [0x000001af002346e0, 0x000001af00234940]
Event: 0.595 Thread 0x000001af7d0b0d70 1251       3       java.lang.Character::toLowerCase (9 bytes)
Event: 0.595 Thread 0x000001af7d0b0d70 nmethod 1251 0x000001af00234a90 code [0x000001af00234c40, 0x000001af00234e38]
Event: 0.595 Thread 0x000001af7d0b0d70 1252       3       org.springframework.boot.context.properties.source.ConfigurationPropertyName$ElementsParser::isAlphaNumeric (20 bytes)
Event: 0.595 Thread 0x000001af7d0b0d70 nmethod 1252 0x000001af00234f10 code [0x000001af002350c0, 0x000001af00235420]
Event: 0.595 Thread 0x000001af7d0b0d70 1253       3       org.springframework.boot.context.properties.source.ConfigurationPropertyName$ElementsParser::updateType (109 bytes)
Event: 0.595 Thread 0x000001af7d0b0d70 nmethod 1253 0x000001af00235510 code [0x000001af002357e0, 0x000001af002369b0]
Event: 0.595 Thread 0x000001af7d0b0d70 1255       3       org.springframework.boot.context.properties.source.ConfigurationPropertyName$ElementsParser::isValidChar (30 bytes)
Event: 0.595 Thread 0x000001af7d0b0d70 nmethod 1255 0x000001af00236c90 code [0x000001af00236e40, 0x000001af00237218]
Event: 0.595 Thread 0x000001af7d0b0d70 1247       3       org.springframework.boot.context.properties.source.ConfigurationPropertyName$ElementsParser::isAlpha (18 bytes)
Event: 0.595 Thread 0x000001af7d0b0d70 nmethod 1247 0x000001af00237310 code [0x000001af002374a0, 0x000001af00237620]
Event: 0.595 Thread 0x000001af7d0b0d70 1248       3       org.springframework.boot.context.properties.source.ConfigurationPropertyName$Elements::charAt (49 bytes)
Event: 0.595 Thread 0x000001af7d0b0d70 nmethod 1248 0x000001af00237690 code [0x000001af00237860, 0x000001af00237c08]
Event: 0.595 Thread 0x000001af7d0b0d70 1244       1       org.springframework.boot.context.properties.source.ConfigurationPropertyName$ElementType::isIndexed (5 bytes)
Event: 0.595 Thread 0x000001af7d0b0d70 nmethod 1244 0x000001af07b47610 code [0x000001af07b477a0, 0x000001af07b47870]
Event: 0.595 Thread 0x000001af7d0b0d70 1239       3       jdk.internal.org.objectweb.asm.MethodWriter::visitEnd (1 bytes)
Event: 0.595 Thread 0x000001af7d0b0d70 nmethod 1239 0x000001af00237d90 code [0x000001af00237f20, 0x000001af00238030]
Event: 0.595 Thread 0x000001af7d0b0d70 1240       3       jdk.internal.org.objectweb.asm.MethodWriter::computeMethodInfoSize (571 bytes)

GC Heap History (2 events):
Event: 0.507 GC heap before
{Heap before GC invocations=0 (full 0):
 garbage-first heap   total 126976K, used 23552K [0x0000000084000000, 0x0000000100000000)
  region size 1024K, 23 young (23552K), 0 survivors (0K)
 Metaspace       used 5479K, committed 5696K, reserved 1114112K
  class space    used 612K, committed 704K, reserved 1048576K
}
Event: 0.510 GC heap after
{Heap after GC invocations=1 (full 0):
 garbage-first heap   total 126976K, used 7789K [0x0000000084000000, 0x0000000100000000)
  region size 1024K, 3 young (3072K), 3 survivors (3072K)
 Metaspace       used 5479K, committed 5696K, reserved 1114112K
  class space    used 612K, committed 704K, reserved 1048576K
}

Dll operation events (12 events):
Event: 0.009 Loaded shared library C:\Program Files\Java\jdk-21\bin\java.dll
Event: 0.039 Loaded shared library C:\Program Files\Java\jdk-21\bin\jsvml.dll
Event: 0.095 Loaded shared library C:\Program Files\Java\jdk-21\bin\zip.dll
Event: 0.099 Loaded shared library C:\Program Files\Java\jdk-21\bin\instrument.dll
Event: 0.103 Loaded shared library C:\Program Files\Java\jdk-21\bin\net.dll
Event: 0.104 Loaded shared library C:\Program Files\Java\jdk-21\bin\nio.dll
Event: 0.109 Loaded shared library C:\Program Files\Java\jdk-21\bin\zip.dll
Event: 0.189 Loaded shared library C:\Program Files\JetBrains\IntelliJ IDEA Community Edition 2023.2.5\bin\breakgen64.dll
Event: 0.197 Loaded shared library C:\Program Files\Java\jdk-21\bin\extnet.dll
Event: 0.226 Loaded shared library C:\Program Files\Java\jdk-21\bin\jimage.dll
Event: 0.440 Loaded shared library C:\Program Files\Java\jdk-21\bin\management.dll
Event: 0.441 Loaded shared library C:\Program Files\Java\jdk-21\bin\management_ext.dll

Deoptimization events (20 events):
Event: 0.510 Thread 0x000001af7d098740 DEOPT PACKING pc=0x000001af07afb9e0 sp=0x00000035268ff180
Event: 0.510 Thread 0x000001af7d098740 DEOPT UNPACKING pc=0x000001af07587da2 sp=0x00000035268ff110 mode 2
Event: 0.524 Thread 0x000001af7d90a710 Uncommon trap: trap_request=0xffffffc6 fr.pc=0x000001af07b2d69c relative=0x0000000000000c3c
Event: 0.524 Thread 0x000001af7d90a710 Uncommon trap: reason=bimorphic_or_optimized_type_check action=maybe_recompile pc=0x000001af07b2d69c method=java.util.HashMap.putVal(ILjava/lang/Object;Ljava/lang/Object;ZZ)Ljava/lang/Object; @ 56 c2
Event: 0.524 Thread 0x000001af7d90a710 DEOPT PACKING pc=0x000001af07b2d69c sp=0x00000035275fd8f0
Event: 0.524 Thread 0x000001af7d90a710 DEOPT UNPACKING pc=0x000001af07587da2 sp=0x00000035275fd820 mode 2
Event: 0.524 Thread 0x000001af7d90a710 Uncommon trap: trap_request=0xffffffc6 fr.pc=0x000001af07b2d69c relative=0x0000000000000c3c
Event: 0.524 Thread 0x000001af7d90a710 Uncommon trap: reason=bimorphic_or_optimized_type_check action=maybe_recompile pc=0x000001af07b2d69c method=java.util.HashMap.putVal(ILjava/lang/Object;Ljava/lang/Object;ZZ)Ljava/lang/Object; @ 56 c2
Event: 0.524 Thread 0x000001af7d90a710 DEOPT PACKING pc=0x000001af07b2d69c sp=0x00000035275fd8f0
Event: 0.524 Thread 0x000001af7d90a710 DEOPT UNPACKING pc=0x000001af07587da2 sp=0x00000035275fd820 mode 2
Event: 0.524 Thread 0x000001af7d90a710 Uncommon trap: trap_request=0xffffffc6 fr.pc=0x000001af07b2d69c relative=0x0000000000000c3c
Event: 0.524 Thread 0x000001af7d90a710 Uncommon trap: reason=bimorphic_or_optimized_type_check action=maybe_recompile pc=0x000001af07b2d69c method=java.util.HashMap.putVal(ILjava/lang/Object;Ljava/lang/Object;ZZ)Ljava/lang/Object; @ 56 c2
Event: 0.524 Thread 0x000001af7d90a710 DEOPT PACKING pc=0x000001af07b2d69c sp=0x00000035275fd8f0
Event: 0.524 Thread 0x000001af7d90a710 DEOPT UNPACKING pc=0x000001af07587da2 sp=0x00000035275fd820 mode 2
Event: 0.524 Thread 0x000001af7d90a710 Uncommon trap: trap_request=0xffffffc6 fr.pc=0x000001af07b2d69c relative=0x0000000000000c3c
Event: 0.524 Thread 0x000001af7d90a710 Uncommon trap: reason=bimorphic_or_optimized_type_check action=maybe_recompile pc=0x000001af07b2d69c method=java.util.HashMap.putVal(ILjava/lang/Object;Ljava/lang/Object;ZZ)Ljava/lang/Object; @ 56 c2
Event: 0.524 Thread 0x000001af7d90a710 DEOPT PACKING pc=0x000001af07b2d69c sp=0x00000035275fd8f0
Event: 0.524 Thread 0x000001af7d90a710 DEOPT UNPACKING pc=0x000001af07587da2 sp=0x00000035275fd820 mode 2
Event: 0.528 Thread 0x000001af7d90a710 DEOPT PACKING pc=0x000001af000acbb9 sp=0x00000035275fa350
Event: 0.528 Thread 0x000001af7d90a710 DEOPT UNPACKING pc=0x000001af075888e2 sp=0x00000035275f9858 mode 0

Classes loaded (20 events):
Event: 0.565 Loading class java/time/Month done
Event: 0.565 Loading class java/time/YearMonth
Event: 0.565 Loading class java/time/YearMonth done
Event: 0.565 Loading class java/time/MonthDay
Event: 0.566 Loading class java/time/MonthDay done
Event: 0.567 Loading class sun/reflect/generics/tree/CharSignature
Event: 0.567 Loading class sun/reflect/generics/tree/CharSignature done
Event: 0.567 Loading class sun/reflect/generics/tree/ArrayTypeSignature
Event: 0.567 Loading class sun/reflect/generics/tree/ArrayTypeSignature done
Event: 0.568 Loading class java/net/UnknownHostException
Event: 0.568 Loading class java/net/UnknownHostException done
Event: 0.573 Loading class sun/reflect/generics/tree/ByteSignature
Event: 0.573 Loading class sun/reflect/generics/tree/ByteSignature done
Event: 0.592 Loading class java/util/function/UnaryOperator
Event: 0.592 Loading class java/util/function/UnaryOperator done
Event: 0.592 Loading class java/util/ConcurrentModificationException
Event: 0.592 Loading class java/util/ConcurrentModificationException done
Event: 0.595 Loading class java/lang/ProcessEnvironment$CheckedKeySet
Event: 0.595 Loading class java/lang/ProcessEnvironment$CheckedKeySet done
Event: 0.596 Loading class java/util/stream/MatchOps$MatchKind

Classes unloaded (0 events):
No events

Classes redefined (0 events):
No events

Internal exceptions (20 events):
Event: 0.182 Thread 0x000001af6d42ab10 Exception <a 'java/lang/NoSuchMethodError'{0x000000008b5d3908}: 'void java.lang.invoke.DirectMethodHandle$Holder.invokeStatic(java.lang.Object, java.lang.Object, java.lang.Object)'> (0x000000008b5d3908) 
thrown [s\open\src\hotspot\share\interpreter\linkResolver.cpp, line 773]
Event: 0.185 Thread 0x000001af6d42ab10 Exception <a 'java/lang/NoSuchMethodError'{0x000000008b5eae10}: 'java.lang.Object java.lang.invoke.Invokers$Holder.invokeExact_MT(java.lang.Object, java.lang.Object, java.lang.Object, java.lang.Object, java.lang.Object)'> (0x000000008b5eae10) 
thrown [s\open\src\hotspot\share\interpreter\linkResolver.cpp, line 773]
Event: 0.198 Thread 0x000001af7d532910 Exception <a 'java/lang/NoSuchMethodError'{0x000000008b475ee0}: 'void java.lang.invoke.DirectMethodHandle$Holder.invokeStatic(java.lang.Object, java.lang.Object)'> (0x000000008b475ee0) 
thrown [s\open\src\hotspot\share\interpreter\linkResolver.cpp, line 773]
Event: 0.262 Thread 0x000001af6d42ab10 Exception <a 'java/lang/ClassNotFoundException'{0x000000008b131c18}: javax/smartcardio/CardPermission> (0x000000008b131c18) 
thrown [s\open\src\hotspot\share\classfile\systemDictionary.cpp, line 312]
Event: 0.265 Thread 0x000001af6d42ab10 Exception <a 'java/io/FileNotFoundException'{0x000000008b140410}> (0x000000008b140410) 
thrown [s\open\src\hotspot\share\prims\jni.cpp, line 520]
Event: 0.284 Thread 0x000001af6d42ab10 Exception <a 'java/lang/NoSuchMethodError'{0x000000008b1ca618}: 'java.lang.Object java.lang.invoke.DirectMethodHandle$Holder.invokeSpecial(java.lang.Object, java.lang.Object, java.lang.Object, long, java.lang.Object)'> (0x000000008b1ca618) 
thrown [s\open\src\hotspot\share\interpreter\linkResolver.cpp, line 773]
Event: 0.284 Thread 0x000001af6d42ab10 Exception <a 'java/lang/NoSuchMethodError'{0x000000008b1cdf68}: 'java.lang.Object java.lang.invoke.Invokers$Holder.linkToTargetMethod(java.lang.Object, long, java.lang.Object, java.lang.Object)'> (0x000000008b1cdf68) 
thrown [s\open\src\hotspot\share\interpreter\linkResolver.cpp, line 773]
Event: 0.347 Thread 0x000001af6d42ab10 Exception <a 'java/lang/NoSuchMethodError'{0x000000008afcd310}: 'void java.lang.invoke.DirectMethodHandle$Holder.invokeStatic(java.lang.Object, java.lang.Object, java.lang.Object, java.lang.Object)'> (0x000000008afcd310) 
thrown [s\open\src\hotspot\share\interpreter\linkResolver.cpp, line 773]
Event: 0.370 Thread 0x000001af6d42ab10 Exception <a 'java/lang/NoSuchMethodError'{0x000000008aee9188}: 'int java.lang.invoke.DirectMethodHandle$Holder.invokeStaticInit(java.lang.Object, java.lang.Object)'> (0x000000008aee9188) 
thrown [s\open\src\hotspot\share\interpreter\linkResolver.cpp, line 773]
Event: 0.378 Thread 0x000001af6d42ab10 Exception <a 'java/lang/NoSuchMethodError'{0x000000008ad33db8}: 'void java.lang.invoke.DirectMethodHandle$Holder.invokeInterface(java.lang.Object, java.lang.Object, java.lang.Object, java.lang.Object)'> (0x000000008ad33db8) 
thrown [s\open\src\hotspot\share\interpreter\linkResolver.cpp, line 773]
Event: 0.419 Thread 0x000001af6d42ab10 Exception <a 'java/lang/NoSuchMethodError'{0x000000008ab38b88}: 'java.lang.Object java.lang.invoke.DirectMethodHandle$Holder.invokeInterface(java.lang.Object, java.lang.Object)'> (0x000000008ab38b88) 
thrown [s\open\src\hotspot\share\interpreter\linkResolver.cpp, line 773]
Event: 0.424 Thread 0x000001af6d42ab10 Exception <a 'java/lang/NoSuchMethodError'{0x000000008ab82fc0}: 'java.lang.Object java.lang.invoke.DirectMethodHandle$Holder.invokeSpecialIFC(java.lang.Object, java.lang.Object, java.lang.Object, java.lang.Object)'> (0x000000008ab82fc0) 
thrown [s\open\src\hotspot\share\interpreter\linkResolver.cpp, line 773]
Event: 0.426 Thread 0x000001af6d42ab10 Exception <a 'java/lang/NoSuchMethodError'{0x000000008aba3280}: 'java.lang.Object java.lang.invoke.DirectMethodHandle$Holder.invokeInterface(java.lang.Object, java.lang.Object, java.lang.Object)'> (0x000000008aba3280) 
thrown [s\open\src\hotspot\share\interpreter\linkResolver.cpp, line 773]
Event: 0.444 Thread 0x000001af6d42ab10 Exception <a 'java/lang/NoSuchMethodError'{0x000000008aabc048}: 'int java.lang.invoke.DirectMethodHandle$Holder.invokeSpecial(java.lang.Object, java.lang.Object, java.lang.Object)'> (0x000000008aabc048) 
thrown [s\open\src\hotspot\share\interpreter\linkResolver.cpp, line 773]
Event: 0.472 Thread 0x000001af7d90a710 Exception <a 'java/lang/NoSuchMethodError'{0x000000008a604c40}: 'void java.lang.invoke.DirectMethodHandle$Holder.invokeSpecial(java.lang.Object, java.lang.Object, java.lang.Object)'> (0x000000008a604c40) 
thrown [s\open\src\hotspot\share\interpreter\linkResolver.cpp, line 773]
Event: 0.486 Thread 0x000001af7d90a710 Exception <a 'java/lang/NoSuchMethodError'{0x000000008a6e0c18}: 'int java.lang.invoke.DirectMethodHandle$Holder.invokeStaticInit(java.lang.Object, java.lang.Object, java.lang.Object)'> (0x000000008a6e0c18) 
thrown [s\open\src\hotspot\share\interpreter\linkResolver.cpp, line 773]
Event: 0.493 Thread 0x000001af7d90a710 Exception <a 'java/lang/NoSuchMethodError'{0x000000008a53b768}: 'java.lang.Object java.lang.invoke.DirectMethodHandle$Holder.newInvokeSpecial(java.lang.Object, java.lang.Object, java.lang.Object, java.lang.Object, java.lang.Object)'> (0x000000008a53b768) 
thrown [s\open\src\hotspot\share\interpreter\linkResolver.cpp, line 773]
Event: 0.497 Thread 0x000001af7d90a710 Exception <a 'java/lang/NoSuchMethodError'{0x000000008a58bf60}: 'java.lang.Object java.lang.invoke.DirectMethodHandle$Holder.invokeStaticInit(java.lang.Object, java.lang.Object, java.lang.Object)'> (0x000000008a58bf60) 
thrown [s\open\src\hotspot\share\interpreter\linkResolver.cpp, line 773]
Event: 0.511 Thread 0x000001af7d90a710 Exception <a 'java/lang/IncompatibleClassChangeError'{0x000000008bb0e358}: Found class java.lang.Object, but interface was expected> (0x000000008bb0e358) 
thrown [s\open\src\hotspot\share\interpreter\linkResolver.cpp, line 840]
Event: 0.523 Thread 0x000001af7d90a710 Exception <a 'sun/nio/fs/WindowsException'{0x000000008bbf4c80}> (0x000000008bbf4c80) 
thrown [s\open\src\hotspot\share\prims\jni.cpp, line 520]

ZGC Phase Switch (0 events):
No events

VM Operations (12 events):
Event: 0.229 Executing VM operation: HandshakeAllThreads (Deoptimize)
Event: 0.229 Executing VM operation: HandshakeAllThreads (Deoptimize) done
Event: 0.417 Executing VM operation: HandshakeAllThreads (Deoptimize)
Event: 0.417 Executing VM operation: HandshakeAllThreads (Deoptimize) done
Event: 0.417 Executing VM operation: HandshakeAllThreads (Deoptimize)
Event: 0.417 Executing VM operation: HandshakeAllThreads (Deoptimize) done
Event: 0.504 Executing VM operation: ICBufferFull
Event: 0.504 Executing VM operation: ICBufferFull done
Event: 0.507 Executing VM operation: G1CollectForAllocation (G1 Evacuation Pause)
Event: 0.510 Executing VM operation: G1CollectForAllocation (G1 Evacuation Pause) done
Event: 0.524 Executing VM operation: HandshakeAllThreads (Deoptimize)
Event: 0.524 Executing VM operation: HandshakeAllThreads (Deoptimize) done

Events (15 events):
Event: 0.024 Thread 0x000001af6d42ab10 Thread added: 0x000001af6d42ab10
Event: 0.036 Thread 0x000001af7d098740 Thread added: 0x000001af7d098740
Event: 0.037 Thread 0x000001af7d099550 Thread added: 0x000001af7d099550
Event: 0.037 Thread 0x000001af7d09b930 Thread added: 0x000001af7d09b930
Event: 0.037 Thread 0x000001af7d09c7e0 Thread added: 0x000001af7d09c7e0
Event: 0.037 Thread 0x000001af7d09d330 Thread added: 0x000001af7d09d330
Event: 0.037 Thread 0x000001af7d09eda0 Thread added: 0x000001af7d09eda0
Event: 0.037 Thread 0x000001af7d0aac90 Thread added: 0x000001af7d0aac90
Event: 0.037 Thread 0x000001af7d0b0d70 Thread added: 0x000001af7d0b0d70
Event: 0.080 Thread 0x000001af7d284fa0 Thread added: 0x000001af7d284fa0
Event: 0.122 Thread 0x000001af7d3f9550 Thread added: 0x000001af7d3f9550
Event: 0.190 Thread 0x000001af7d532910 Thread added: 0x000001af7d532910
Event: 0.190 Thread 0x000001af7d4adb80 Thread added: 0x000001af7d4adb80
Event: 0.469 Thread 0x000001af7d9093e0 Thread added: 0x000001af7d9093e0
Event: 0.471 Thread 0x000001af7d90a710 Thread added: 0x000001af7d90a710


Dynamic libraries:
0x00007ff69c290000 - 0x00007ff69c2a0000 	C:\Program Files\Java\jdk-21\bin\java.exe
0x00007ffbf5cb0000 - 0x00007ffbf5ec7000 	C:\Windows\SYSTEM32\ntdll.dll
0x00007ffbf4a00000 - 0x00007ffbf4ac4000 	C:\Windows\System32\KERNEL32.DLL
0x00007ffbf3200000 - 0x00007ffbf35a6000 	C:\Windows\System32\KERNELBASE.dll
0x00007ffbf3840000 - 0x00007ffbf3951000 	C:\Windows\System32\ucrtbase.dll
0x00007ffbeab10000 - 0x00007ffbeab29000 	C:\Program Files\Java\jdk-21\bin\jli.dll
0x00007ffbeba20000 - 0x00007ffbeba3b000 	C:\Program Files\Java\jdk-21\bin\VCRUNTIME140.dll
0x00007ffbf55a0000 - 0x00007ffbf5651000 	C:\Windows\System32\ADVAPI32.dll
0x00007ffbf4ce0000 - 0x00007ffbf4d87000 	C:\Windows\System32\msvcrt.dll
0x00007ffbf5810000 - 0x00007ffbf58b5000 	C:\Windows\System32\sechost.dll
0x00007ffbf47f0000 - 0x00007ffbf4907000 	C:\Windows\System32\RPCRT4.dll
0x00007ffbf5050000 - 0x00007ffbf51fe000 	C:\Windows\System32\USER32.dll
0x00007ffbf30a0000 - 0x00007ffbf30c6000 	C:\Windows\System32\win32u.dll
0x00007ffbd6610000 - 0x00007ffbd68a3000 	C:\Windows\WinSxS\amd64_microsoft.windows.common-controls_6595b64144ccf1df_6.0.22621.2506_none_270c5ae97388e100\COMCTL32.dll
0x00007ffbf5660000 - 0x00007ffbf5689000 	C:\Windows\System32\GDI32.dll
0x00007ffbf3720000 - 0x00007ffbf3838000 	C:\Windows\System32\gdi32full.dll
0x00007ffbf3960000 - 0x00007ffbf39fa000 	C:\Windows\System32\msvcp_win.dll
0x00007ffbe8650000 - 0x00007ffbe865a000 	C:\Windows\SYSTEM32\VERSION.dll
0x00007ffbf5010000 - 0x00007ffbf5041000 	C:\Windows\System32\IMM32.DLL
0x00007ffbed5f0000 - 0x00007ffbed5fc000 	C:\Program Files\Java\jdk-21\bin\vcruntime140_1.dll
0x00007ffbcf960000 - 0x00007ffbcf9ee000 	C:\Program Files\Java\jdk-21\bin\msvcp140.dll
0x00007ffba6620000 - 0x00007ffba7335000 	C:\Program Files\Java\jdk-21\bin\server\jvm.dll
0x00007ffbf5690000 - 0x00007ffbf5701000 	C:\Windows\System32\WS2_32.dll
0x00007ffbf1e70000 - 0x00007ffbf1ebd000 	C:\Windows\SYSTEM32\POWRPROF.dll
0x00007ffbe8840000 - 0x00007ffbe8874000 	C:\Windows\SYSTEM32\WINMM.dll
0x00007ffbf1e50000 - 0x00007ffbf1e63000 	C:\Windows\SYSTEM32\UMPDC.dll
0x00007ffbf2110000 - 0x00007ffbf2128000 	C:\Windows\SYSTEM32\kernel.appcore.dll
0x00007ffbec800000 - 0x00007ffbec80a000 	C:\Program Files\Java\jdk-21\bin\jimage.dll
0x00007ffbf0880000 - 0x00007ffbf0ab3000 	C:\Windows\SYSTEM32\DBGHELP.DLL
0x00007ffbf5200000 - 0x00007ffbf5589000 	C:\Windows\System32\combase.dll
0x00007ffbf5710000 - 0x00007ffbf57e7000 	C:\Windows\System32\OLEAUT32.dll
0x00007ffbe4f80000 - 0x00007ffbe4fb2000 	C:\Windows\SYSTEM32\dbgcore.DLL
0x00007ffbf3020000 - 0x00007ffbf309a000 	C:\Windows\System32\bcryptPrimitives.dll
0x00007ffbe8230000 - 0x00007ffbe823f000 	C:\Program Files\Java\jdk-21\bin\instrument.dll
0x00007ffbe9a00000 - 0x00007ffbe9a1f000 	C:\Program Files\Java\jdk-21\bin\java.dll
0x00007ffbf3e80000 - 0x00007ffbf46da000 	C:\Windows\System32\SHELL32.dll
0x00007ffbf0f50000 - 0x00007ffbf1846000 	C:\Windows\SYSTEM32\windows.storage.dll
0x00007ffbf0e10000 - 0x00007ffbf0f4e000 	C:\Windows\SYSTEM32\wintypes.dll
0x00007ffbf46f0000 - 0x00007ffbf47e3000 	C:\Windows\System32\SHCORE.dll
0x00007ffbf4d90000 - 0x00007ffbf4dee000 	C:\Windows\System32\shlwapi.dll
0x00007ffbf2f50000 - 0x00007ffbf2f76000 	C:\Windows\SYSTEM32\profapi.dll
0x00007ffbc5ae0000 - 0x00007ffbc5bb7000 	C:\Program Files\Java\jdk-21\bin\jsvml.dll
0x00007ffbe99c0000 - 0x00007ffbe99d8000 	C:\Program Files\Java\jdk-21\bin\zip.dll
0x00007ffbea0d0000 - 0x00007ffbea0e0000 	C:\Program Files\Java\jdk-21\bin\net.dll
0x00007ffbea3f0000 - 0x00007ffbea527000 	C:\Windows\SYSTEM32\WINHTTP.dll
0x00007ffbf2590000 - 0x00007ffbf25f9000 	C:\Windows\system32\mswsock.dll
0x00007ffbe99e0000 - 0x00007ffbe99f6000 	C:\Program Files\Java\jdk-21\bin\nio.dll
0x00007ffbd4ac0000 - 0x00007ffbd4ada000 	C:\Program Files\JetBrains\IntelliJ IDEA Community Edition 2023.2.5\bin\breakgen64.dll
0x00007ffbe99b0000 - 0x00007ffbe99b7000 	C:\Program Files\Java\jdk-21\bin\extnet.dll
0x00007ffbd8b90000 - 0x00007ffbd8b9a000 	C:\Program Files\Java\jdk-21\bin\management.dll
0x00007ffbd8b20000 - 0x00007ffbd8b2b000 	C:\Program Files\Java\jdk-21\bin\management_ext.dll
0x00007ffbf5970000 - 0x00007ffbf5978000 	C:\Windows\System32\PSAPI.DLL

dbghelp: loaded successfully - version: 4.0.5 - missing functions: none
symbol engine: initialized successfully - sym options: 0x614 - pdb path: .;C:\Program Files\Java\jdk-21\bin;C:\Windows\SYSTEM32;C:\Windows\WinSxS\amd64_microsoft.windows.common-controls_6595b64144ccf1df_6.0.22621.2506_none_270c5ae97388e100;C:\Program Files\Java\jdk-21\bin\server;C:\Program Files\JetBrains\IntelliJ IDEA Community Edition 2023.2.5\bin

VM Arguments:
jvm_args: -javaagent:C:\Program Files\JetBrains\IntelliJ IDEA Community Edition 2023.2.5\lib\idea_rt.jar=52321:C:\Program Files\JetBrains\IntelliJ IDEA Community Edition 2023.2.5\bin -Dfile.encoding=UTF-8 -Dsun.stdout.encoding=UTF-8 -Dsun.stderr.encoding=UTF-8 
java_command: com.springboot.blog.SpringbootBlogRestApiApplication
java_class_path (initial): D:\Learning\springBoot\Course\RameshUdemy\springboot-blog-rest-api\target\classes;C:\Users\dd397\.m2\repository\org\springframework\boot\spring-boot-starter-data-jpa\3.2.1\spring-boot-starter-data-jpa-3.2.1.jar;C:\Users\dd397\.m2\repository\org\springframework\boot\spring-boot-starter-aop\3.2.1\spring-boot-starter-aop-3.2.1.jar;C:\Users\dd397\.m2\repository\org\aspectj\aspectjweaver\1.9.21\aspectjweaver-1.9.21.jar;C:\Users\dd397\.m2\repository\org\springframework\boot\spring-boot-starter-jdbc\3.2.1\spring-boot-starter-jdbc-3.2.1.jar;C:\Users\dd397\.m2\repository\com\zaxxer\HikariCP\5.0.1\HikariCP-5.0.1.jar;C:\Users\dd397\.m2\repository\org\springframework\spring-jdbc\6.1.2\spring-jdbc-6.1.2.jar;C:\Users\dd397\.m2\repository\org\hibernate\orm\hibernate-core\6.4.1.Final\hibernate-core-6.4.1.Final.jar;C:\Users\dd397\.m2\repository\jakarta\persistence\jakarta.persistence-api\3.1.0\jakarta.persistence-api-3.1.0.jar;C:\Users\dd397\.m2\repository\jakarta\transaction\jakarta.transaction-api\2.0.1\jakarta.transaction-api-2.0.1.jar;C:\Users\dd397\.m2\repository\org\jboss\logging\jboss-logging\3.5.3.Final\jboss-logging-3.5.3.Final.jar;C:\Users\dd397\.m2\repository\org\hibernate\common\hibernate-commons-annotations\6.0.6.Final\hibernate-commons-annotations-6.0.6.Final.jar;C:\Users\dd397\.m2\repository\io\smallrye\jandex\3.1.2\jandex-3.1.2.jar;C:\Users\dd397\.m2\repository\com\fasterxml\classmate\1.6.0\classmate-1.6.0.jar;C:\Users\dd397\.m2\repository\net\bytebuddy\byte-buddy\1.14.10\byte-buddy-1.14.10.jar;C:\Users\dd397\.m2\repository\org\glassfish\jaxb\jaxb-runtime\4.0.4\jaxb-runtime-4.0.4.jar;C:\Users\dd397\.m2\repository\org\glassfish\jaxb\jaxb-core\4.0.4\jaxb-core-4.0.4.jar;C:\Users\dd397\.m2\repository\org\eclipse\angus\angus-activation\2.0.1\angus-activation-2.0.1.jar;C:\Users\dd397\.m2\repository\org\glassfish\jaxb\txw2\4.0.4\txw2-4.0.4.jar;C:\Users\dd397\.m2\repository\com\sun\istack\istack-commons-runtime\4.1.2\istack-commons-runtime-4.1.2.jar;C:\Users\dd397\.m2\repository\jakarta\inject\jakarta.inject-api\2.0.1\jakarta.inject-api-2.0.1.jar;C:\Users\dd397\.m2\repository\org\antlr\antlr4-runtime\4.13.0\antlr4-runtime-4.13.0.jar;C:\Users\dd397\.m2\repository\org\springframework\data\spring-data-jpa\3.2.1\spring-data-jpa-3.2.1.jar;C:\Users\dd397\.m2\repository\org\springframework\data\spring-data-commons\3.2.1\spring-data-commons-3.2.1.jar;C:\Users\dd397\.m2\repository\org\springframework\spring-orm\6.1.2\spring-orm-6.1.2.jar;C:\Users\dd397\.m2\repository\org\springframework\spring-context\6.1.2\spring-context-6.1.2.jar;C:\Users\dd397\.m2\repository\org\springframework\spring-tx\6.1.2\spring-tx-6.1.2.jar;C:\Users\dd397\.m2\repository\org\springframework\spring-beans\6.1.2\spring-beans-6.1.2.jar;C:\Users\dd397\.m2\repository\jakarta\annotation\jakarta.annotation-api\2.1.1\jakarta.annotation-api-2.1.1.jar;C:\Users\dd397\.m2\repository\org\slf4j\slf4j-api\2.0.9\slf4j-api-2.0.9.jar;C:\Users\dd397\.m2\repository\org\springframework\spring-aspects\6.1.2\spring-aspects-6.1.2.jar;C:\Users\dd397\.m2\repository\org\springframework\boot\spring-boot-starter-web\3.2.1\spring-boot-starter-web-3.2.1.jar;C:\Users\dd397\.m2\repository\org\springframework\boot\spring-boot-starter\3.2.1\spring-boot-starter-3.2.1.jar;C:\Users\dd397\.m2\repository\org\springframework\boot\spring-boot-starter-logging\3.2.1\spring-boot-starter-logging-3.2.1.jar;C:\Users\dd397\.m2\repository\ch\qos\logback\logback-classic\1.4.14\logback-classic-1.4.14.jar;C:\Users\dd397\.m2\repository\ch\qos\logback\logback-core\1.4.14\logback-core-1.4.14.jar;C:\Users\dd397\.m2\repository\org\apache\logging\log4j\log4j-to-slf4j\2.21.1\log4j-to-slf4j-2.21.1.jar;C:\Users\dd397\.m2\repository\org\apache\logging\log4j\log4j-api\2.21.1\log4j-api-2.21.1.jar;C:\Users\dd397\.m2\repository\org\slf4j\jul-to-slf4j\2.0.9\jul-to-slf4j-2.0.9.jar;C:\Users\dd397\.m2\repository\org\yaml\snakeyaml\2.2\snakeyaml-2.2.jar;C:\Users\dd397\.m2\repository\org\springframework\boot\spring-boot-starter-json\3.2.1\spring-boot-starter-json-3.2.1.jar;C:\Users\dd397\.m2\repository\com\fasterxml\jackson\core\jackson-databind\2.15.3\jackson-databind-2.15.3.jar;C:\Users\dd397\.m2\repository\com\fasterxml\jackson\core\jackson-annotations\2.15.3\jackson-annotations-2.15.3.jar;C:\Users\dd397\.m2\repository\com\fasterxml\jackson\core\jackson-core\2.15.3\jackson-core-2.15.3.jar;C:\Users\dd397\.m2\repository\com\fasterxml\jackson\datatype\jackson-datatype-jdk8\2.15.3\jackson-datatype-jdk8-2.15.3.jar;C:\Users\dd397\.m2\repository\com\fasterxml\jackson\datatype\jackson-datatype-jsr310\2.15.3\jackson-datatype-jsr310-2.15.3.jar;C:\Users\dd397\.m2\repository\com\fasterxml\jackson\module\jackson-module-parameter-names\2.15.3\jackson-module-parameter-names-2.15.3.jar;C:\Users\dd397\.m2\repository\org\springframework\boot\spring-boot-starter-tomcat\3.2.1\spring-boot-starter-tomcat-3.2.1.jar;C:\Users\dd397\.m2\repository\org\apache\tomcat\embed\tomcat-embed-core\10.1.17\tomcat-embed-core-10.1.17.jar;C:\Users\dd397\.m2\repository\org\apache\tomcat\embed\tomcat-embed-websocket\10.1.17\tomcat-embed-websocket-10.1.17.jar;C:\Users\dd397\.m2\repository\org\springframework\spring-web\6.1.2\spring-web-6.1.2.jar;C:\Users\dd397\.m2\repository\io\micrometer\micrometer-observation\1.12.1\micrometer-observation-1.12.1.jar;C:\Users\dd397\.m2\repository\io\micrometer\micrometer-commons\1.12.1\micrometer-commons-1.12.1.jar;C:\Users\dd397\.m2\repository\org\springframework\spring-webmvc\6.1.2\spring-webmvc-6.1.2.jar;C:\Users\dd397\.m2\repository\org\springframework\spring-expression\6.1.2\spring-expression-6.1.2.jar;C:\Users\dd397\.m2\repository\org\springframework\boot\spring-boot-starter-validation\3.2.1\spring-boot-starter-validation-3.2.1.jar;C:\Users\dd397\.m2\repository\org\apache\tomcat\embed\tomcat-embed-el\10.1.17\tomcat-embed-el-10.1.17.jar;C:\Users\dd397\.m2\repository\org\hibernate\validator\hibernate-validator\8.0.1.Final\hibernate-validator-8.0.1.Final.jar;C:\Users\dd397\.m2\repository\jakarta\validation\jakarta.validation-api\3.0.2\jakarta.validation-api-3.0.2.jar;C:\Users\dd397\.m2\repository\org\springframework\boot\spring-boot-devtools\3.2.1\spring-boot-devtools-3.2.1.jar;C:\Users\dd397\.m2\repository\org\springframework\boot\spring-boot\3.2.1\spring-boot-3.2.1.jar;C:\Users\dd397\.m2\repository\org\springframework\boot\spring-boot-autoconfigure\3.2.1\spring-boot-autoconfigure-3.2.1.jar;C:\Users\dd397\.m2\repository\com\mysql\mysql-connector-j\8.1.0\mysql-connector-j-8.1.0.jar;C:\Users\dd397\.m2\repository\org\projectlombok\lombok\1.18.30\lombok-1.18.30.jar;C:\Users\dd397\.m2\repository\org\modelmapper\modelmapper\3.2.0\modelmapper-3.2.0.jar;C:\Users\dd397\.m2\repository\jakarta\xml\bind\jakarta.xml.bind-api\4.0.1\jakarta.xml.bind-api-4.0.1.jar;C:\Users\dd397\.m2\repository\jakarta\activation\jakarta.activation-api\2.1.2\jakarta.activation-api-2.1.2.jar;C:\Users\dd397\.m2\repository\org\springframework\spring-core\6.1.2\spring-core-6.1.2.jar;C:\Users\dd397\.m2\repository\org\springframework\spring-jcl\6.1.2\spring-jcl-6.1.2.jar;C:\Users\dd397\.m2\repository\org\springframework\boot\spring-boot-starter-security\3.2.1\spring-boot-starter-security-3.2.1.jar;C:\Users\dd397\.m2\repository\org\springframework\spring-aop\6.1.2\spring-aop-6.1.2.jar;C:\Users\dd397\.m2\repository\org\springframework\security\spring-security-config\6.2.1\spring-security-config-6.2.1.jar;C:\Users\dd397\.m2\repository\org\springframework\security\spring-security-core\6.2.1\spring-security-core-6.2.1.jar;C:\Users\dd397\.m2\repository\org\springframework\security\spring-security-crypto\6.2.1\spring-security-crypto-6.2.1.jar;C:\Users\dd397\.m2\repository\org\springframework\security\spring-security-web\6.2.1\spring-security-web-6.2.1.jar
Launcher Type: SUN_STANDARD

[Global flags]
     intx CICompilerCount                          = 4                                         {product} {ergonomic}
     uint ConcGCThreads                            = 3                                         {product} {ergonomic}
     uint G1ConcRefinementThreads                  = 10                                        {product} {ergonomic}
   size_t G1HeapRegionSize                         = 1048576                                   {product} {ergonomic}
    uintx GCDrainStackTargetSize                   = 64                                        {product} {ergonomic}
   size_t InitialHeapSize                          = 130023424                                 {product} {ergonomic}
   size_t MarkStackSize                            = 4194304                                   {product} {ergonomic}
   size_t MaxHeapSize                              = 2080374784                                {product} {ergonomic}
   size_t MaxNewSize                               = 1247805440                                {product} {ergonomic}
   size_t MinHeapDeltaBytes                        = 1048576                                   {product} {ergonomic}
   size_t MinHeapSize                              = 8388608                                   {product} {ergonomic}
    uintx NonNMethodCodeHeapSize                   = 5839372                                {pd product} {ergonomic}
    uintx NonProfiledCodeHeapSize                  = 122909434                              {pd product} {ergonomic}
    uintx ProfiledCodeHeapSize                     = 122909434                              {pd product} {ergonomic}
    uintx ReservedCodeCacheSize                    = 251658240                              {pd product} {ergonomic}
     bool SegmentedCodeCache                       = true                                      {product} {ergonomic}
   size_t SoftMaxHeapSize                          = 2080374784                             {manageable} {ergonomic}
     bool UseCompressedOops                        = true                           {product lp64_product} {ergonomic}
     bool UseG1GC                                  = true                                      {product} {ergonomic}
     bool UseLargePagesIndividualAllocation        = false                                  {pd product} {ergonomic}

Logging:
Log output configuration:
 #0: stdout all=warning uptime,level,tags foldmultilines=false
 #1: stderr all=off uptime,level,tags foldmultilines=false

Environment Variables:
JAVA_HOME=C:\Program Files\Java\jdk-21
PATH=C:\Program Files\Common Files\Oracle\Java\javapath;C:\Windows\system32;C:\Windows;C:\Windows\System32\Wbem;C:\Windows\System32\WindowsPowerShell\v1.0\;C:\Windows\System32\OpenSSH\;C:\Program Files (x86)\NVIDIA Corporation\PhysX\Common;C:\Program Files\NVIDIA Corporation\NVIDIA NvDLISR;C:\Program Files\dotnet\;C:\Program Files\MySQL\MySQL Server 8.0\bin;C:\Program Files\Java\jdk-21\bin;C:\Program Files\MySQL\MySQL Shell 8.0\bin\;C:\Users\dd397\AppData\Local\Microsoft\WindowsApps;;C:\Users\dd397\AppData\Local\Programs\Microsoft VS Code\bin
USERNAME=dd397
OS=Windows_NT
PROCESSOR_IDENTIFIER=Intel64 Family 6 Model 141 Stepping 1, GenuineIntel
TMP=C:\Users\dd397\AppData\Local\Temp
TEMP=C:\Users\dd397\AppData\Local\Temp




Periodic native trim disabled

---------------  S Y S T E M  ---------------

OS:
 Windows 11 , 64 bit Build 22621 (10.0.22621.2506)
OS uptime: 0 days 6:22 hours

CPU: total 12 (initial active 12) (6 cores per cpu, 2 threads per core) family 6 model 141 stepping 1 microcode 0x34, cx8, cmov, fxsr, ht, mmx, 3dnowpref, sse, sse2, sse3, ssse3, sse4.1, sse4.2, popcnt, lzcnt, tsc, tscinvbit, avx, avx2, aes, erms, clmul, bmi1, bmi2, adx, avx512f, avx512dq, avx512cd, avx512bw, avx512vl, sha, fma, vzeroupper, avx512_vpopcntdq, avx512_vpclmulqdq, avx512_vaes, avx512_vnni, clflush, clflushopt, clwb, avx512_vbmi2, avx512_vbmi, rdtscp, rdpid, fsrm, gfni, avx512_bitalg, f16c, pku, cet_ibt, cet_ss, avx512_ifma
Processor Information for all 12 processors :
  Max Mhz: 2688, Current Mhz: 2688, Mhz Limit: 2688

Memory: 4k page, system-wide physical 7929M (616M free)
TotalPageFile size 32505M (AvailPageFile size 1M)
current process WorkingSet (physical memory assigned to process): 87M, peak: 87M
current process commit charge ("private bytes"): 228M, peak: 228M

vm_info: Java HotSpot(TM) 64-Bit Server VM (21.0.1+12-LTS-29) for windows-amd64 JRE (21.0.1+12-LTS-29), built on 2023-10-05T13:27:09Z by "mach5one" with MS VC++ 17.1 (VS2022)

END.
