#
# There is insufficient memory for the Java Runtime Environment to continue.
# Native memory allocation (malloc) failed to allocate 786256 bytes for Chunk::new
# Possible reasons:
#   The system is out of physical RAM or swap space
#   The process is running with CompressedOops enabled, and the Java Heap may be blocking the growth of the native heap
# Possible solutions:
#   Reduce memory load on the system
#   Increase physical memory or swap space
#   Check if swap backing store is full
#   Decrease Java heap size (-Xmx/-Xms)
#   Decrease number of Java threads
#   Decrease Java thread stack sizes (-Xss)
#   Set larger code cache with -XX:ReservedCodeCacheSize=
#   JVM is running with Zero Based Compressed Oops mode in which the Java heap is
#     placed in the first 32GB address space. The Java Heap base address is the
#     maximum limit for the native heap growth. Please use -XX:HeapBaseMinAddress
#     to set the Java Heap base and to place the Java Heap above 32GB virtual address.
# This output file may be truncated or incomplete.
#
#  Out of Memory Error (arena.cpp:168), pid=21556, tid=23072
#
# JRE version: Java(TM) SE Runtime Environment (21.0.1+12) (build 21.0.1+12-LTS-29)
# Java VM: Java HotSpot(TM) 64-Bit Server VM (21.0.1+12-LTS-29, mixed mode, sharing, tiered, compressed oops, compressed class ptrs, g1 gc, windows-amd64)
# No core dump will be written. Minidumps are not enabled by default on client versions of Windows
#

---------------  S U M M A R Y ------------

Command Line: -javaagent:C:\Program Files\JetBrains\IntelliJ IDEA Community Edition 2023.2.5\lib\idea_rt.jar=63202:C:\Program Files\JetBrains\IntelliJ IDEA Community Edition 2023.2.5\bin -Dfile.encoding=UTF-8 -Dsun.stdout.encoding=UTF-8 -Dsun.stderr.encoding=UTF-8 com.springboot.blog.SpringbootBlogRestApiApplication

Host: 11th Gen Intel(R) Core(TM) i5-11400H @ 2.70GHz, 12 cores, 15G,  Windows 11 , 64 bit Build 22621 (10.0.22621.3672)
Time: Sun Jun 16 11:44:20 2024 India Standard Time elapsed time: 2184.228459 seconds (0d 0h 36m 24s)

---------------  T H R E A D  ---------------

Current thread (0x00000244e336aa80):  JavaThread "C2 CompilerThread1" daemon [_thread_in_native, id=23072, stack(0x0000005b2cd00000,0x0000005b2ce00000) (1024K)]


Current CompileTask:
C2:2184228 12766       4       org.springframework.beans.factory.support.DefaultListableBeanFactory::findAnnotationOnBean (174 bytes)

Stack: [0x0000005b2cd00000,0x0000005b2ce00000]
Native frames: (J=compiled Java code, j=interpreted, Vv=VM code, C=native code)
V  [jvm.dll+0x6c9029]
V  [jvm.dll+0x854b81]
V  [jvm.dll+0x856e5e]
V  [jvm.dll+0x857543]
V  [jvm.dll+0x280c06]
V  [jvm.dll+0xc3ead]
V  [jvm.dll+0xc43c3]
V  [jvm.dll+0x2f3f3f]
V  [jvm.dll+0x5f40a6]
V  [jvm.dll+0x252bef]
V  [jvm.dll+0x24b323]
V  [jvm.dll+0x248fa3]
V  [jvm.dll+0x1c9ca1]
V  [jvm.dll+0x2586b9]
V  [jvm.dll+0x256c9a]
V  [jvm.dll+0x3ef1b6]
V  [jvm.dll+0x7fd728]
V  [jvm.dll+0x6c777d]
C  [ucrtbase.dll+0x29333]
C  [KERNEL32.DLL+0x1257d]
C  [ntdll.dll+0x5af28]


---------------  P R O C E S S  ---------------

Threads class SMR info:
_java_thread_list=0x00000244e490cf40, length=39, elements={
0x000002449d69ebe0, 0x000002449d69f930, 0x000002449d6a1710, 0x000002449d6a2870,
0x000002449d6a64e0, 0x000002449d6a8080, 0x00000244e300a0a0, 0x00000244e300ab40,
0x000002449d6689a0, 0x00000244e332a220, 0x00000244e36b74a0, 0x00000244e46161e0,
0x00000244e4616870, 0x00000244e46147a0, 0x00000244e4614e30, 0x00000244e910c010,
0x00000244e910da50, 0x00000244e910ac60, 0x00000244e910e0e0, 0x00000244e910b2f0,
0x00000244e4613a80, 0x00000244e55aba00, 0x00000244e55aace0, 0x00000244e55aee80,
0x00000244e55a92a0, 0x00000244e55ab370, 0x00000244e55ac090, 0x00000244e55a8580,
0x00000244e55adad0, 0x00000244e55a9930, 0x00000244e55af510, 0x00000244e336aa80,
0x00000244e55acdb0, 0x00000244e55ae7f0, 0x00000244e55aa650, 0x00000244e910b980,
0x00000244e910cd30, 0x00000244e4616f00, 0x00000244e5518460
}

Java Threads: ( => current thread )
  0x000002449d69ebe0 JavaThread "Reference Handler"          daemon [_thread_blocked, id=9740, stack(0x0000005b2d800000,0x0000005b2d900000) (1024K)]
  0x000002449d69f930 JavaThread "Finalizer"                  daemon [_thread_blocked, id=3232, stack(0x0000005b2d900000,0x0000005b2da00000) (1024K)]
  0x000002449d6a1710 JavaThread "Signal Dispatcher"          daemon [_thread_blocked, id=19824, stack(0x0000005b2da00000,0x0000005b2db00000) (1024K)]
  0x000002449d6a2870 JavaThread "Attach Listener"            daemon [_thread_blocked, id=4720, stack(0x0000005b2db00000,0x0000005b2dc00000) (1024K)]
  0x000002449d6a64e0 JavaThread "Service Thread"             daemon [_thread_blocked, id=11612, stack(0x0000005b2dc00000,0x0000005b2dd00000) (1024K)]
  0x000002449d6a8080 JavaThread "Monitor Deflation Thread"   daemon [_thread_blocked, id=3760, stack(0x0000005b2dd00000,0x0000005b2de00000) (1024K)]
  0x00000244e300a0a0 JavaThread "C2 CompilerThread0"         daemon [_thread_blocked, id=11952, stack(0x0000005b2de00000,0x0000005b2df00000) (1024K)]
  0x00000244e300ab40 JavaThread "C1 CompilerThread0"         daemon [_thread_blocked, id=23216, stack(0x0000005b2df00000,0x0000005b2e000000) (1024K)]
  0x000002449d6689a0 JavaThread "Common-Cleaner"             daemon [_thread_blocked, id=14296, stack(0x0000005b2e000000,0x0000005b2e100000) (1024K)]
  0x00000244e332a220 JavaThread "Monitor Ctrl-Break"         daemon [_thread_in_native, id=8716, stack(0x0000005b2e200000,0x0000005b2e300000) (1024K)]
  0x00000244e36b74a0 JavaThread "Notification Thread"        daemon [_thread_blocked, id=13208, stack(0x0000005b2e300000,0x0000005b2e400000) (1024K)]
  0x00000244e46161e0 JavaThread "mysql-cj-abandoned-connection-cleanup" daemon [_thread_blocked, id=18396, stack(0x0000005b2f200000,0x0000005b2f300000) (1024K)]
  0x00000244e4616870 JavaThread "HikariPool-1 housekeeper"   daemon [_thread_blocked, id=9996, stack(0x0000005b2f400000,0x0000005b2f500000) (1024K)]
  0x00000244e46147a0 JavaThread "Catalina-utility-1"                [_thread_blocked, id=10496, stack(0x0000005b2f600000,0x0000005b2f700000) (1024K)]
  0x00000244e4614e30 JavaThread "Catalina-utility-2"                [_thread_blocked, id=16916, stack(0x0000005b2f700000,0x0000005b2f800000) (1024K)]
  0x00000244e910c010 JavaThread "container-0"                       [_thread_blocked, id=4440, stack(0x0000005b2f800000,0x0000005b2f900000) (1024K)]
  0x00000244e910da50 JavaThread "File Watcher"               daemon [_thread_blocked, id=7136, stack(0x0000005b2f900000,0x0000005b2fa00000) (1024K)]
  0x00000244e910ac60 JavaThread "Live Reload Server"         daemon [_thread_in_native, id=16112, stack(0x0000005b2fb00000,0x0000005b2fc00000) (1024K)]
  0x00000244e910e0e0 JavaThread "http-nio-8080-exec-1"       daemon [_thread_in_vm, id=17992, stack(0x0000005b2fa00000,0x0000005b2fb00000) (1024K)]
  0x00000244e910b2f0 JavaThread "http-nio-8080-exec-2"       daemon [_thread_blocked, id=11276, stack(0x0000005b2fc00000,0x0000005b2fd00000) (1024K)]
  0x00000244e4613a80 JavaThread "http-nio-8080-exec-3"       daemon [_thread_blocked, id=6560, stack(0x0000005b2fd00000,0x0000005b2fe00000) (1024K)]
  0x00000244e55aba00 JavaThread "http-nio-8080-exec-4"       daemon [_thread_blocked, id=12544, stack(0x0000005b2fe00000,0x0000005b2ff00000) (1024K)]
  0x00000244e55aace0 JavaThread "http-nio-8080-exec-5"       daemon [_thread_blocked, id=14360, stack(0x0000005b2ff00000,0x0000005b30000000) (1024K)]
  0x00000244e55aee80 JavaThread "http-nio-8080-exec-6"       daemon [_thread_blocked, id=11336, stack(0x0000005b30000000,0x0000005b30100000) (1024K)]
  0x00000244e55a92a0 JavaThread "http-nio-8080-exec-7"       daemon [_thread_blocked, id=22896, stack(0x0000005b30100000,0x0000005b30200000) (1024K)]
  0x00000244e55ab370 JavaThread "http-nio-8080-exec-8"       daemon [_thread_blocked, id=11676, stack(0x0000005b30200000,0x0000005b30300000) (1024K)]
  0x00000244e55ac090 JavaThread "http-nio-8080-exec-9"       daemon [_thread_blocked, id=13980, stack(0x0000005b30300000,0x0000005b30400000) (1024K)]
  0x00000244e55a8580 JavaThread "http-nio-8080-exec-10"      daemon [_thread_blocked, id=17356, stack(0x0000005b30400000,0x0000005b30500000) (1024K)]
  0x00000244e55adad0 JavaThread "http-nio-8080-Poller"       daemon [_thread_in_native, id=18512, stack(0x0000005b30500000,0x0000005b30600000) (1024K)]
  0x00000244e55a9930 JavaThread "http-nio-8080-Acceptor"     daemon [_thread_in_native, id=2712, stack(0x0000005b30600000,0x0000005b30700000) (1024K)]
  0x00000244e55af510 JavaThread "DestroyJavaVM"                     [_thread_blocked, id=12080, stack(0x0000005b2d000000,0x0000005b2d100000) (1024K)]
=>0x00000244e336aa80 JavaThread "C2 CompilerThread1"         daemon [_thread_in_native, id=23072, stack(0x0000005b2cd00000,0x0000005b2ce00000) (1024K)]
  0x00000244e55acdb0 JavaThread "ForkJoinPool.commonPool-worker-1" daemon [_thread_blocked, id=4796, stack(0x0000005b2ce00000,0x0000005b2cf00000) (1024K)]
  0x00000244e55ae7f0 JavaThread "ForkJoinPool.commonPool-worker-2" daemon [_thread_blocked, id=11040, stack(0x0000005b2cf00000,0x0000005b2d000000) (1024K)]
  0x00000244e55aa650 JavaThread "ForkJoinPool.commonPool-worker-3" daemon [_thread_blocked, id=8432, stack(0x0000005b2e100000,0x0000005b2e200000) (1024K)]
  0x00000244e910b980 JavaThread "ForkJoinPool.commonPool-worker-4" daemon [_thread_blocked, id=11968, stack(0x0000005b2e900000,0x0000005b2ea00000) (1024K)]
  0x00000244e910cd30 JavaThread "ForkJoinPool.commonPool-worker-5" daemon [_thread_blocked, id=12712, stack(0x0000005b2ea00000,0x0000005b2eb00000) (1024K)]
  0x00000244e4616f00 JavaThread "ForkJoinPool.commonPool-worker-6" daemon [_thread_blocked, id=15260, stack(0x0000005b2ef00000,0x0000005b2f000000) (1024K)]
  0x00000244e5518460 JavaThread "C2 CompilerThread2"         daemon [_thread_in_native, id=6460, stack(0x0000005b2f300000,0x0000005b2f400000) (1024K)]
Total: 39

Other Threads:
  0x000002449d67f230 VMThread "VM Thread"                           [id=20440, stack(0x0000005b2d700000,0x0000005b2d800000) (1024K)]
  0x000002449d6677a0 WatcherThread "VM Periodic Task Thread"        [id=16920, stack(0x0000005b2d600000,0x0000005b2d700000) (1024K)]
  0x00000244fe6ceb60 WorkerThread "GC Thread#0"                     [id=9324, stack(0x0000005b2d100000,0x0000005b2d200000) (1024K)]
  0x00000244e3c304e0 WorkerThread "GC Thread#1"                     [id=17016, stack(0x0000005b2e400000,0x0000005b2e500000) (1024K)]
  0x00000244e3c30880 WorkerThread "GC Thread#2"                     [id=20984, stack(0x0000005b2e500000,0x0000005b2e600000) (1024K)]
  0x00000244e3c30c20 WorkerThread "GC Thread#3"                     [id=3116, stack(0x0000005b2e600000,0x0000005b2e700000) (1024K)]
  0x00000244e3cdeec0 WorkerThread "GC Thread#4"                     [id=17652, stack(0x0000005b2e700000,0x0000005b2e800000) (1024K)]
  0x00000244e3cdf260 WorkerThread "GC Thread#5"                     [id=3572, stack(0x0000005b2e800000,0x0000005b2e900000) (1024K)]
  0x00000244e4097240 WorkerThread "GC Thread#6"                     [id=20896, stack(0x0000005b2ec00000,0x0000005b2ed00000) (1024K)]
  0x00000244e4098800 WorkerThread "GC Thread#7"                     [id=23300, stack(0x0000005b2ed00000,0x0000005b2ee00000) (1024K)]
  0x00000244e40975e0 WorkerThread "GC Thread#8"                     [id=12348, stack(0x0000005b2ee00000,0x0000005b2ef00000) (1024K)]
  0x00000244e4097d20 WorkerThread "GC Thread#9"                     [id=4268, stack(0x0000005b2eb00000,0x0000005b2ec00000) (1024K)]
  0x00000244fe6e0900 ConcurrentGCThread "G1 Main Marker"            [id=1488, stack(0x0000005b2d200000,0x0000005b2d300000) (1024K)]
  0x00000244fe6e1400 WorkerThread "G1 Conc#0"                       [id=17252, stack(0x0000005b2d300000,0x0000005b2d400000) (1024K)]
  0x00000244e4096ea0 WorkerThread "G1 Conc#1"                       [id=14732, stack(0x0000005b2f000000,0x0000005b2f100000) (1024K)]
  0x00000244e4098460 WorkerThread "G1 Conc#2"                       [id=16152, stack(0x0000005b2f100000,0x0000005b2f200000) (1024K)]
  0x000002449d536fe0 ConcurrentGCThread "G1 Refine#0"               [id=20928, stack(0x0000005b2d400000,0x0000005b2d500000) (1024K)]
  0x000002449d537a60 ConcurrentGCThread "G1 Service"                [id=22704, stack(0x0000005b2d500000,0x0000005b2d600000) (1024K)]
Total: 18

Threads with active compile tasks:
C2 CompilerThread1  2184247 12766       4       org.springframework.beans.factory.support.DefaultListableBeanFactory::findAnnotationOnBean (174 bytes)
C2 CompilerThread2  2184247 12765   !   4       org.springframework.core.annotation.AnnotationsScanner::processClassHierarchy (234 bytes)
Total: 2

VM state: not at safepoint (normal execution)

VM Mutex/Monitor currently owned by a thread: None

Heap address: 0x0000000704000000, size: 4032 MB, Compressed Oops mode: Zero based, Oop shift amount: 3

CDS archive(s) mapped at: [0x000002449e000000-0x000002449ec90000-0x000002449ec90000), size 13172736, SharedBaseAddress: 0x000002449e000000, ArchiveRelocationMode: 1.
Compressed class space mapped at: 0x000002449f000000-0x00000244df000000, reserved size: 1073741824
Narrow klass base: 0x000002449e000000, Narrow klass shift: 0, Narrow klass range: 0x100000000

GC Precious Log:
 CardTable entry size: 512
 Card Set container configuration: InlinePtr #cards 4 size 8 Array Of Cards #cards 16 size 48 Howl #buckets 8 coarsen threshold 3686 Howl Bitmap #cards 512 size 80 coarsen threshold 460 Card regions per heap region 1 cards per card region 4096
 CPUs: 12 total, 12 available
 Memory: 16122M
 Large Page Support: Disabled
 NUMA Support: Disabled
 Compressed Oops: Enabled (Zero based)
 Heap Region Size: 2M
 Heap Min Capacity: 8M
 Heap Initial Capacity: 252M
 Heap Max Capacity: 4032M
 Pre-touch: Disabled
 Parallel Workers: 10
 Concurrent Workers: 3
 Concurrent Refinement Workers: 10
 Periodic GC: Disabled

Heap:
 garbage-first heap   total 108544K, used 62634K [0x0000000704000000, 0x0000000800000000)
  region size 2048K, 10 young (20480K), 2 survivors (4096K)
 Metaspace       used 93424K, committed 94400K, reserved 1179648K
  class space    used 12420K, committed 12864K, reserved 1048576K

Heap Regions: E=young(eden), S=young(survivor), O=old, HS=humongous(starts), HC=humongous(continues), CS=collection set, F=free, TAMS=top-at-mark-start, PB=parsable bottom
|   0|0x0000000704000000, 0x0000000704200000, 0x0000000704200000|100%| O|  |TAMS 0x0000000704000000| PB 0x0000000704000000| Untracked 
|   1|0x0000000704200000, 0x0000000704400000, 0x0000000704400000|100%| O|  |TAMS 0x0000000704200000| PB 0x0000000704200000| Untracked 
|   2|0x0000000704400000, 0x0000000704600000, 0x0000000704600000|100%| O|  |TAMS 0x0000000704400000| PB 0x0000000704400000| Untracked 
|   3|0x0000000704600000, 0x0000000704800000, 0x0000000704800000|100%| O|  |TAMS 0x0000000704600000| PB 0x0000000704600000| Untracked 
|   4|0x0000000704800000, 0x0000000704a00000, 0x0000000704a00000|100%| O|  |TAMS 0x0000000704800000| PB 0x0000000704800000| Untracked 
|   5|0x0000000704a00000, 0x0000000704c00000, 0x0000000704c00000|100%| O|  |TAMS 0x0000000704a00000| PB 0x0000000704a00000| Untracked 
|   6|0x0000000704c00000, 0x0000000704e00000, 0x0000000704e00000|100%| O|  |TAMS 0x0000000704c00000| PB 0x0000000704c00000| Untracked 
|   7|0x0000000704e00000, 0x0000000705000000, 0x0000000705000000|100%| O|  |TAMS 0x0000000704e00000| PB 0x0000000704e00000| Untracked 
|   8|0x0000000705000000, 0x0000000705200000, 0x0000000705200000|100%| O|  |TAMS 0x0000000705000000| PB 0x0000000705000000| Untracked 
|   9|0x0000000705200000, 0x0000000705400000, 0x0000000705400000|100%| O|  |TAMS 0x0000000705200000| PB 0x0000000705200000| Untracked 
|  10|0x0000000705400000, 0x0000000705600000, 0x0000000705600000|100%| O|  |TAMS 0x0000000705400000| PB 0x0000000705400000| Untracked 
|  11|0x0000000705600000, 0x0000000705800000, 0x0000000705800000|100%| O|  |TAMS 0x0000000705600000| PB 0x0000000705600000| Untracked 
|  12|0x0000000705800000, 0x0000000705a00000, 0x0000000705a00000|100%| O|  |TAMS 0x0000000705800000| PB 0x0000000705800000| Untracked 
|  13|0x0000000705a00000, 0x0000000705c00000, 0x0000000705c00000|100%| O|  |TAMS 0x0000000705a00000| PB 0x0000000705a00000| Untracked 
|  14|0x0000000705c00000, 0x0000000705e00000, 0x0000000705e00000|100%| O|  |TAMS 0x0000000705c00000| PB 0x0000000705c00000| Untracked 
|  15|0x0000000705e00000, 0x0000000706000000, 0x0000000706000000|100%| O|  |TAMS 0x0000000705e00000| PB 0x0000000705e00000| Untracked 
|  16|0x0000000706000000, 0x0000000706000000, 0x0000000706200000|  0%| F|  |TAMS 0x0000000706000000| PB 0x0000000706000000| Untracked 
|  17|0x0000000706200000, 0x0000000706400000, 0x0000000706400000|100%| O|  |TAMS 0x0000000706200000| PB 0x0000000706200000| Untracked 
|  18|0x0000000706400000, 0x0000000706600000, 0x0000000706600000|100%| O|  |TAMS 0x0000000706400000| PB 0x0000000706400000| Untracked 
|  19|0x0000000706600000, 0x0000000706800000, 0x0000000706800000|100%| O|  |TAMS 0x0000000706600000| PB 0x0000000706600000| Untracked 
|  20|0x0000000706800000, 0x0000000706a00000, 0x0000000706a00000|100%| O|  |TAMS 0x0000000706800000| PB 0x0000000706800000| Untracked 
|  21|0x0000000706a00000, 0x0000000706c00000, 0x0000000706c00000|100%| O|  |TAMS 0x0000000706a00000| PB 0x0000000706a00000| Untracked 
|  22|0x0000000706c00000, 0x0000000706e00000, 0x0000000706e00000|100%| O|  |TAMS 0x0000000706c00000| PB 0x0000000706c00000| Untracked 
|  23|0x0000000706e00000, 0x0000000706e471d8, 0x0000000707000000| 13%| O|  |TAMS 0x0000000706e00000| PB 0x0000000706e00000| Untracked 
|  24|0x0000000707000000, 0x0000000707000000, 0x0000000707200000|  0%| F|  |TAMS 0x0000000707000000| PB 0x0000000707000000| Untracked 
|  25|0x0000000707200000, 0x0000000707200000, 0x0000000707400000|  0%| F|  |TAMS 0x0000000707200000| PB 0x0000000707200000| Untracked 
|  26|0x0000000707400000, 0x0000000707400000, 0x0000000707600000|  0%| F|  |TAMS 0x0000000707400000| PB 0x0000000707400000| Untracked 
|  27|0x0000000707600000, 0x00000007076e38b0, 0x0000000707800000| 44%| S|CS|TAMS 0x0000000707600000| PB 0x0000000707600000| Complete 
|  28|0x0000000707800000, 0x0000000707a00000, 0x0000000707a00000|100%| S|CS|TAMS 0x0000000707800000| PB 0x0000000707800000| Complete 
|  29|0x0000000707a00000, 0x0000000707a00000, 0x0000000707c00000|  0%| F|  |TAMS 0x0000000707a00000| PB 0x0000000707a00000| Untracked 
|  30|0x0000000707c00000, 0x0000000707c00000, 0x0000000707e00000|  0%| F|  |TAMS 0x0000000707c00000| PB 0x0000000707c00000| Untracked 
|  31|0x0000000707e00000, 0x0000000707e00000, 0x0000000708000000|  0%| F|  |TAMS 0x0000000707e00000| PB 0x0000000707e00000| Untracked 
|  32|0x0000000708000000, 0x0000000708000000, 0x0000000708200000|  0%| F|  |TAMS 0x0000000708000000| PB 0x0000000708000000| Untracked 
|  33|0x0000000708200000, 0x0000000708200000, 0x0000000708400000|  0%| F|  |TAMS 0x0000000708200000| PB 0x0000000708200000| Untracked 
|  34|0x0000000708400000, 0x0000000708400000, 0x0000000708600000|  0%| F|  |TAMS 0x0000000708400000| PB 0x0000000708400000| Untracked 
|  35|0x0000000708600000, 0x0000000708600000, 0x0000000708800000|  0%| F|  |TAMS 0x0000000708600000| PB 0x0000000708600000| Untracked 
|  36|0x0000000708800000, 0x0000000708800000, 0x0000000708a00000|  0%| F|  |TAMS 0x0000000708800000| PB 0x0000000708800000| Untracked 
|  37|0x0000000708a00000, 0x0000000708a00000, 0x0000000708c00000|  0%| F|  |TAMS 0x0000000708a00000| PB 0x0000000708a00000| Untracked 
|  38|0x0000000708c00000, 0x0000000708c00000, 0x0000000708e00000|  0%| F|  |TAMS 0x0000000708c00000| PB 0x0000000708c00000| Untracked 
|  39|0x0000000708e00000, 0x0000000708e00000, 0x0000000709000000|  0%| F|  |TAMS 0x0000000708e00000| PB 0x0000000708e00000| Untracked 
|  40|0x0000000709000000, 0x0000000709000000, 0x0000000709200000|  0%| F|  |TAMS 0x0000000709000000| PB 0x0000000709000000| Untracked 
|  41|0x0000000709200000, 0x0000000709200000, 0x0000000709400000|  0%| F|  |TAMS 0x0000000709200000| PB 0x0000000709200000| Untracked 
|  42|0x0000000709400000, 0x0000000709400000, 0x0000000709600000|  0%| F|  |TAMS 0x0000000709400000| PB 0x0000000709400000| Untracked 
|  43|0x0000000709600000, 0x0000000709600000, 0x0000000709800000|  0%| F|  |TAMS 0x0000000709600000| PB 0x0000000709600000| Untracked 
|  44|0x0000000709800000, 0x0000000709800000, 0x0000000709a00000|  0%| F|  |TAMS 0x0000000709800000| PB 0x0000000709800000| Untracked 
|  45|0x0000000709a00000, 0x0000000709a77ad0, 0x0000000709c00000| 23%| E|  |TAMS 0x0000000709a00000| PB 0x0000000709a00000| Complete 
|  46|0x0000000709c00000, 0x0000000709e00000, 0x0000000709e00000|100%| E|CS|TAMS 0x0000000709c00000| PB 0x0000000709c00000| Complete 
|  47|0x0000000709e00000, 0x000000070a000000, 0x000000070a000000|100%| E|CS|TAMS 0x0000000709e00000| PB 0x0000000709e00000| Complete 
|  98|0x0000000710400000, 0x0000000710600000, 0x0000000710600000|100%| E|CS|TAMS 0x0000000710400000| PB 0x0000000710400000| Complete 
|  99|0x0000000710600000, 0x0000000710800000, 0x0000000710800000|100%| E|CS|TAMS 0x0000000710600000| PB 0x0000000710600000| Complete 
| 100|0x0000000710800000, 0x0000000710a00000, 0x0000000710a00000|100%| E|CS|TAMS 0x0000000710800000| PB 0x0000000710800000| Complete 
| 101|0x0000000710a00000, 0x0000000710c00000, 0x0000000710c00000|100%| E|CS|TAMS 0x0000000710a00000| PB 0x0000000710a00000| Complete 
| 125|0x0000000713a00000, 0x0000000713c00000, 0x0000000713c00000|100%| E|CS|TAMS 0x0000000713a00000| PB 0x0000000713a00000| Complete 

Card table byte_map: [0x00000244ff450000,0x00000244ffc30000] _byte_map_base: 0x00000244fbc30000

Marking Bits: (CMBitMap*) 0x00000244fe6cf260
 Bits: [0x0000024497390000, 0x000002449b290000)

Polling page: 0x00000244fde20000

Metaspace:

Usage:
  Non-class:     79.11 MB used.
      Class:     12.13 MB used.
       Both:     91.24 MB used.

Virtual space:
  Non-class space:      128.00 MB reserved,      79.62 MB ( 62%) committed,  2 nodes.
      Class space:        1.00 GB reserved,      12.56 MB (  1%) committed,  1 nodes.
             Both:        1.12 GB reserved,      92.19 MB (  8%) committed. 

Chunk freelists:
   Non-Class:  80.00 KB
       Class:  3.44 MB
        Both:  3.52 MB

MaxMetaspaceSize: unlimited
CompressedClassSpaceSize: 1.00 GB
Initial GC threshold: 21.00 MB
Current GC threshold: 150.00 MB
CDS: on
 - commit_granule_bytes: 65536.
 - commit_granule_words: 8192.
 - virtual_space_node_default_size: 8388608.
 - enlarge_chunks_in_place: 1.
 - use_allocation_guard: 0.


Internal statistics:

num_allocs_failed_limit: 9.
num_arena_births: 1488.
num_arena_deaths: 4.
num_vsnodes_births: 3.
num_vsnodes_deaths: 0.
num_space_committed: 1475.
num_space_uncommitted: 0.
num_chunks_returned_to_freelist: 15.
num_chunks_taken_from_freelist: 4882.
num_chunk_merges: 9.
num_chunk_splits: 3445.
num_chunks_enlarged: 2628.
num_inconsistent_stats: 0.

CodeHeap 'non-profiled nmethods': size=120000Kb used=7976Kb max_used=7976Kb free=112023Kb
 bounds [0x000002448fe60000, 0x0000024490630000, 0x0000024497390000]
CodeHeap 'profiled nmethods': size=120000Kb used=21145Kb max_used=21145Kb free=98854Kb
 bounds [0x0000024488390000, 0x0000024489840000, 0x000002448f8c0000]
CodeHeap 'non-nmethods': size=5760Kb used=2021Kb max_used=2066Kb free=3739Kb
 bounds [0x000002448f8c0000, 0x000002448fb30000, 0x000002448fe60000]
 total_blobs=11928 nmethods=11133 adapters=697
 compilation: enabled
              stopped_count=0, restarted_count=0
 full_count=0

Compilation events (20 events):
Event: 2184.148 Thread 0x00000244e300ab40 12779       1       org.springframework.web.util.pattern.PathPattern::toString (5 bytes)
Event: 2184.149 Thread 0x00000244e300ab40 nmethod 12779 0x0000024490616410 code [0x00000244906165a0, 0x0000024490616670]
Event: 2184.149 Thread 0x00000244e300ab40 12780       1       org.springframework.web.servlet.mvc.condition.PathPatternsRequestCondition::getToStringInfix (3 bytes)
Event: 2184.149 Thread 0x00000244e300ab40 nmethod 12780 0x0000024490616710 code [0x00000244906168a0, 0x0000024490616970]
Event: 2184.149 Thread 0x00000244e5518460 12765   !   4       org.springframework.core.annotation.AnnotationsScanner::processClassHierarchy (234 bytes)
Event: 2184.156 Thread 0x00000244e336aa80 nmethod 12759 0x0000024490616a10 code [0x0000024490616f60, 0x0000024490619518]
Event: 2184.156 Thread 0x00000244e336aa80 12778       4       java.lang.StringBuilder::<init> (6 bytes)
Event: 2184.161 Thread 0x00000244e336aa80 nmethod 12778 0x000002449061bf90 code [0x000002449061c180, 0x000002449061c8b0]
Event: 2184.161 Thread 0x00000244e336aa80 12766       4       org.springframework.beans.factory.support.DefaultListableBeanFactory::findAnnotationOnBean (174 bytes)
Event: 2184.171 Thread 0x00000244e300ab40 12781       3       org.springframework.core.annotation.AnnotationTypeMapping$MirrorSets$MirrorSet::update (67 bytes)
Event: 2184.171 Thread 0x00000244e300ab40 nmethod 12781 0x0000024489835090 code [0x0000024489835260, 0x0000024489835500]
Event: 2184.205 Thread 0x00000244e300a0a0 nmethod 12745 0x000002449061cc90 code [0x000002449061d620, 0x00000244906234e0]
Event: 2184.206 Thread 0x00000244e300a0a0 12782       4       java.util.HashMap::keysToArray (81 bytes)
Event: 2184.209 Thread 0x00000244e300a0a0 nmethod 12782 0x0000024490628710 code [0x00000244906288a0, 0x0000024490628ba0]
Event: 2184.209 Thread 0x00000244e300a0a0 12764       4       java.lang.invoke.MemberName::init (53 bytes)
Event: 2184.211 Thread 0x00000244e300a0a0 nmethod 12764 0x0000024490628d10 code [0x0000024490628ea0, 0x0000024490629208]
Event: 2184.211 Thread 0x00000244e300a0a0 12763       4       java.lang.invoke.MemberName::flagsMods (45 bytes)
Event: 2184.211 Thread 0x00000244e300a0a0 nmethod 12763 0x0000024490629290 code [0x0000024490629400, 0x0000024490629478]
Event: 2184.211 Thread 0x00000244e300a0a0 12760       4       org.springframework.beans.factory.support.AbstractBeanDefinition::getBeanClass (51 bytes)
Event: 2184.211 Thread 0x00000244e300a0a0 nmethod 12760 0x0000024490629590 code [0x0000024490629720, 0x00000244906297f0]

GC Heap History (20 events):
Event: 7.829 GC heap before
{Heap before GC invocations=17 (full 0):
 garbage-first heap   total 90112K, used 74170K [0x0000000704000000, 0x0000000800000000)
  region size 2048K, 22 young (45056K), 3 survivors (6144K)
 Metaspace       used 74531K, committed 75264K, reserved 1114112K
  class space    used 9940K, committed 10240K, reserved 1048576K
}
Event: 7.832 GC heap after
{Heap after GC invocations=18 (full 0):
 garbage-first heap   total 90112K, used 37042K [0x0000000704000000, 0x0000000800000000)
  region size 2048K, 2 young (4096K), 2 survivors (4096K)
 Metaspace       used 74531K, committed 75264K, reserved 1114112K
  class space    used 9940K, committed 10240K, reserved 1048576K
}
Event: 8.323 GC heap before
{Heap before GC invocations=19 (full 0):
 garbage-first heap   total 90112K, used 78002K [0x0000000704000000, 0x0000000800000000)
  region size 2048K, 22 young (45056K), 2 survivors (4096K)
 Metaspace       used 75703K, committed 76416K, reserved 1179648K
  class space    used 10128K, committed 10432K, reserved 1048576K
}
Event: 8.328 GC heap after
{Heap after GC invocations=20 (full 0):
 garbage-first heap   total 90112K, used 39340K [0x0000000704000000, 0x0000000800000000)
  region size 2048K, 3 young (6144K), 3 survivors (6144K)
 Metaspace       used 75703K, committed 76416K, reserved 1179648K
  class space    used 10128K, committed 10432K, reserved 1048576K
}
Event: 8.724 GC heap before
{Heap before GC invocations=20 (full 0):
 garbage-first heap   total 90112K, used 74156K [0x0000000704000000, 0x0000000800000000)
  region size 2048K, 20 young (40960K), 3 survivors (6144K)
 Metaspace       used 76672K, committed 77504K, reserved 1179648K
  class space    used 10288K, committed 10688K, reserved 1048576K
}
Event: 8.730 GC heap after
{Heap after GC invocations=21 (full 0):
 garbage-first heap   total 90112K, used 40687K [0x0000000704000000, 0x0000000800000000)
  region size 2048K, 2 young (4096K), 2 survivors (4096K)
 Metaspace       used 76672K, committed 77504K, reserved 1179648K
  class space    used 10288K, committed 10688K, reserved 1048576K
}
Event: 9.076 GC heap before
{Heap before GC invocations=21 (full 0):
 garbage-first heap   total 90112K, used 79599K [0x0000000704000000, 0x0000000800000000)
  region size 2048K, 21 young (43008K), 2 survivors (4096K)
 Metaspace       used 78094K, committed 78912K, reserved 1179648K
  class space    used 10474K, committed 10880K, reserved 1048576K
}
Event: 9.080 GC heap after
{Heap after GC invocations=22 (full 0):
 garbage-first heap   total 90112K, used 42388K [0x0000000704000000, 0x0000000800000000)
  region size 2048K, 2 young (4096K), 2 survivors (4096K)
 Metaspace       used 78094K, committed 78912K, reserved 1179648K
  class space    used 10474K, committed 10880K, reserved 1048576K
}
Event: 9.465 GC heap before
{Heap before GC invocations=23 (full 0):
 garbage-first heap   total 90112K, used 79252K [0x0000000704000000, 0x0000000800000000)
  region size 2048K, 20 young (40960K), 2 survivors (4096K)
 Metaspace       used 79547K, committed 80448K, reserved 1179648K
  class space    used 10713K, committed 11136K, reserved 1048576K
}
Event: 9.469 GC heap after
{Heap after GC invocations=24 (full 0):
 garbage-first heap   total 90112K, used 43869K [0x0000000704000000, 0x0000000800000000)
  region size 2048K, 2 young (4096K), 2 survivors (4096K)
 Metaspace       used 79547K, committed 80448K, reserved 1179648K
  class space    used 10713K, committed 11136K, reserved 1048576K
}
Event: 125.574 GC heap before
{Heap before GC invocations=24 (full 0):
 garbage-first heap   total 90112K, used 76637K [0x0000000704000000, 0x0000000800000000)
  region size 2048K, 19 young (38912K), 2 survivors (4096K)
 Metaspace       used 86482K, committed 87296K, reserved 1179648K
  class space    used 11689K, committed 12032K, reserved 1048576K
}
Event: 125.582 GC heap after
{Heap after GC invocations=25 (full 0):
 garbage-first heap   total 108544K, used 45630K [0x0000000704000000, 0x0000000800000000)
  region size 2048K, 3 young (6144K), 3 survivors (6144K)
 Metaspace       used 86482K, committed 87296K, reserved 1179648K
  class space    used 11689K, committed 12032K, reserved 1048576K
}
Event: 622.761 GC heap before
{Heap before GC invocations=25 (full 0):
 garbage-first heap   total 108544K, used 88638K [0x0000000704000000, 0x0000000800000000)
  region size 2048K, 25 young (51200K), 3 survivors (6144K)
 Metaspace       used 89637K, committed 90560K, reserved 1179648K
  class space    used 12086K, committed 12480K, reserved 1048576K
}
Event: 622.767 GC heap after
{Heap after GC invocations=26 (full 0):
 garbage-first heap   total 108544K, used 47519K [0x0000000704000000, 0x0000000800000000)
  region size 2048K, 3 young (6144K), 3 survivors (6144K)
 Metaspace       used 89637K, committed 90560K, reserved 1179648K
  class space    used 12086K, committed 12480K, reserved 1048576K
}
Event: 1134.375 GC heap before
{Heap before GC invocations=26 (full 0):
 garbage-first heap   total 108544K, used 92575K [0x0000000704000000, 0x0000000800000000)
  region size 2048K, 25 young (51200K), 3 survivors (6144K)
 Metaspace       used 91308K, committed 92160K, reserved 1179648K
  class space    used 12250K, committed 12608K, reserved 1048576K
}
Event: 1134.400 GC heap after
{Heap after GC invocations=27 (full 0):
 garbage-first heap   total 108544K, used 47658K [0x0000000704000000, 0x0000000800000000)
  region size 2048K, 3 young (6144K), 3 survivors (6144K)
 Metaspace       used 91308K, committed 92160K, reserved 1179648K
  class space    used 12250K, committed 12608K, reserved 1048576K
}
Event: 1565.615 GC heap before
{Heap before GC invocations=28 (full 0):
 garbage-first heap   total 108544K, used 90666K [0x0000000704000000, 0x0000000800000000)
  region size 2048K, 24 young (49152K), 3 survivors (6144K)
 Metaspace       used 92115K, committed 92992K, reserved 1179648K
  class space    used 12274K, committed 12672K, reserved 1048576K
}
Event: 1565.626 GC heap after
{Heap after GC invocations=29 (full 0):
 garbage-first heap   total 108544K, used 47910K [0x0000000704000000, 0x0000000800000000)
  region size 2048K, 2 young (4096K), 2 survivors (4096K)
 Metaspace       used 92115K, committed 92992K, reserved 1179648K
  class space    used 12274K, committed 12672K, reserved 1048576K
}
Event: 2042.489 GC heap before
{Heap before GC invocations=29 (full 0):
 garbage-first heap   total 108544K, used 92966K [0x0000000704000000, 0x0000000800000000)
  region size 2048K, 24 young (49152K), 2 survivors (4096K)
 Metaspace       used 92706K, committed 93696K, reserved 1179648K
  class space    used 12292K, committed 12800K, reserved 1048576K
}
Event: 2042.508 GC heap after
{Heap after GC invocations=30 (full 0):
 garbage-first heap   total 108544K, used 48298K [0x0000000704000000, 0x0000000800000000)
  region size 2048K, 2 young (4096K), 2 survivors (4096K)
 Metaspace       used 92706K, committed 93696K, reserved 1179648K
  class space    used 12292K, committed 12800K, reserved 1048576K
}

Dll operation events (14 events):
Event: 0.008 Loaded shared library C:\Program Files\Java\jdk-21\bin\java.dll
Event: 0.042 Loaded shared library C:\Program Files\Java\jdk-21\bin\jsvml.dll
Event: 0.108 Loaded shared library C:\Program Files\Java\jdk-21\bin\zip.dll
Event: 0.111 Loaded shared library C:\Program Files\Java\jdk-21\bin\instrument.dll
Event: 0.116 Loaded shared library C:\Program Files\Java\jdk-21\bin\net.dll
Event: 0.117 Loaded shared library C:\Program Files\Java\jdk-21\bin\nio.dll
Event: 0.120 Loaded shared library C:\Program Files\Java\jdk-21\bin\zip.dll
Event: 0.359 Loaded shared library C:\Program Files\JetBrains\IntelliJ IDEA Community Edition 2023.2.5\bin\breakgen64.dll
Event: 0.368 Loaded shared library C:\Program Files\Java\jdk-21\bin\extnet.dll
Event: 0.415 Loaded shared library C:\Program Files\Java\jdk-21\bin\jimage.dll
Event: 0.795 Loaded shared library C:\Program Files\Java\jdk-21\bin\management.dll
Event: 0.797 Loaded shared library C:\Program Files\Java\jdk-21\bin\management_ext.dll
Event: 1.792 Loaded shared library C:\Program Files\Java\jdk-21\bin\sunmscapi.dll
Event: 4.848 Loaded shared library C:\Program Files\Java\jdk-21\bin\verify.dll

Deoptimization events (20 events):
Event: 2184.092 Thread 0x00000244e910e0e0 Uncommon trap: trap_request=0xffffff45 fr.pc=0x000002449007a9d4 relative=0x0000000000000134
Event: 2184.092 Thread 0x00000244e910e0e0 Uncommon trap: reason=unstable_if action=reinterpret pc=0x000002449007a9d4 method=java.util.stream.AbstractPipeline.sourceSpliterator(I)Ljava/util/Spliterator; @ 82 c2
Event: 2184.092 Thread 0x00000244e910e0e0 DEOPT PACKING pc=0x000002449007a9d4 sp=0x0000005b2faf7500
Event: 2184.092 Thread 0x00000244e910e0e0 DEOPT UNPACKING pc=0x000002448f917da2 sp=0x0000005b2faf7490 mode 2
Event: 2184.107 Thread 0x00000244e910e0e0 Uncommon trap: trap_request=0xffffffc6 fr.pc=0x00000244902c4830 relative=0x0000000000003590
Event: 2184.107 Thread 0x00000244e910e0e0 Uncommon trap: reason=bimorphic_or_optimized_type_check action=maybe_recompile pc=0x00000244902c4830 method=org.springframework.core.annotation.AnnotationsScanner.processClassHierarchy(Ljava/lang/Object;[ILjava/lang/Class;Lorg/springframework/core/annotat
Event: 2184.107 Thread 0x00000244e910e0e0 DEOPT PACKING pc=0x00000244902c4830 sp=0x0000005b2faf7200
Event: 2184.107 Thread 0x00000244e910e0e0 DEOPT UNPACKING pc=0x000002448f917da2 sp=0x0000005b2faf7248 mode 2
Event: 2184.107 Thread 0x00000244e910e0e0 Uncommon trap: trap_request=0xffffffc6 fr.pc=0x00000244902c4830 relative=0x0000000000003590
Event: 2184.107 Thread 0x00000244e910e0e0 Uncommon trap: reason=bimorphic_or_optimized_type_check action=maybe_recompile pc=0x00000244902c4830 method=org.springframework.core.annotation.AnnotationsScanner.processClassHierarchy(Ljava/lang/Object;[ILjava/lang/Class;Lorg/springframework/core/annotat
Event: 2184.107 Thread 0x00000244e910e0e0 DEOPT PACKING pc=0x00000244902c4830 sp=0x0000005b2faf7110
Event: 2184.107 Thread 0x00000244e910e0e0 DEOPT UNPACKING pc=0x000002448f917da2 sp=0x0000005b2faf7188 mode 2
Event: 2184.107 Thread 0x00000244e910e0e0 Uncommon trap: trap_request=0xffffffc6 fr.pc=0x00000244902c4830 relative=0x0000000000003590
Event: 2184.107 Thread 0x00000244e910e0e0 Uncommon trap: reason=bimorphic_or_optimized_type_check action=maybe_recompile pc=0x00000244902c4830 method=org.springframework.core.annotation.AnnotationsScanner.processClassHierarchy(Ljava/lang/Object;[ILjava/lang/Class;Lorg/springframework/core/annotat
Event: 2184.107 Thread 0x00000244e910e0e0 DEOPT PACKING pc=0x00000244902c4830 sp=0x0000005b2faf7050
Event: 2184.107 Thread 0x00000244e910e0e0 DEOPT UNPACKING pc=0x000002448f917da2 sp=0x0000005b2faf70c8 mode 2
Event: 2184.107 Thread 0x00000244e910e0e0 Uncommon trap: trap_request=0xffffffc6 fr.pc=0x00000244902c4830 relative=0x0000000000003590
Event: 2184.107 Thread 0x00000244e910e0e0 Uncommon trap: reason=bimorphic_or_optimized_type_check action=maybe_recompile pc=0x00000244902c4830 method=org.springframework.core.annotation.AnnotationsScanner.processClassHierarchy(Ljava/lang/Object;[ILjava/lang/Class;Lorg/springframework/core/annotat
Event: 2184.107 Thread 0x00000244e910e0e0 DEOPT PACKING pc=0x00000244902c4830 sp=0x0000005b2faf6f90
Event: 2184.107 Thread 0x00000244e910e0e0 DEOPT UNPACKING pc=0x000002448f917da2 sp=0x0000005b2faf7008 mode 2

Classes loaded (20 events):
Event: 544.700 Loading class java/io/PushbackInputStream
Event: 544.701 Loading class java/io/PushbackInputStream done
Event: 622.836 Loading class sun/reflect/annotation/TypeAnnotation$TypeAnnotationTargetInfo
Event: 622.836 Loading class sun/reflect/annotation/TypeAnnotation$TypeAnnotationTargetInfo done
Event: 773.053 Loading class java/util/ArrayList$SubList$2
Event: 773.053 Loading class java/util/ArrayList$SubList$2 done
Event: 1761.138 Loading class sun/security/ssl/Alert
Event: 1761.157 Loading class sun/security/ssl/Alert done
Event: 1761.158 Loading class sun/security/ssl/Alert$AlertConsumer
Event: 1761.165 Loading class sun/security/ssl/Alert$AlertConsumer done
Event: 1761.165 Loading class sun/security/ssl/Alert$Level
Event: 1761.167 Loading class sun/security/ssl/Alert$Level done
Event: 1761.170 Loading class sun/net/ConnectionResetException
Event: 1761.172 Loading class sun/net/ConnectionResetException done
Event: 2183.719 Loading class java/util/TreeMap$EntrySpliterator
Event: 2183.722 Loading class java/util/TreeMap$EntrySpliterator done
Event: 2184.155 Loading class java/text/CharacterIterator
Event: 2184.156 Loading class java/text/CharacterIterator done
Event: 2184.156 Loading class java/text/StringCharacterIterator
Event: 2184.157 Loading class java/text/StringCharacterIterator done

Classes unloaded (2 events):
Event: 9.104 Thread 0x000002449d67f230 Unloading class 0x000002449f9d4c00 'jdk/internal/reflect/GeneratedSerializationConstructorAccessor2'
Event: 9.104 Thread 0x000002449d67f230 Unloading class 0x000002449f9d4000 'jdk/internal/reflect/GeneratedSerializationConstructorAccessor1'

Classes redefined (0 events):
No events

Internal exceptions (20 events):
Event: 9.454 Thread 0x00000244e38633c0 Exception <a 'java/lang/NoSuchMethodError'{0x000000070747e948}: 'java.lang.Object java.lang.invoke.DirectMethodHandle$Holder.invokeSpecial(java.lang.Object, java.lang.Object, int, java.lang.Object, int, java.lang.Object)'> (0x000000070747e948) 
thrown [s\open\src\hotspot\share\interpreter\linkResolver.cpp, line 773]
Event: 9.454 Thread 0x00000244e38633c0 Exception <a 'java/lang/NoSuchMethodError'{0x00000007074859a8}: 'java.lang.Object java.lang.invoke.DirectMethodHandle$Holder.newInvokeSpecial(java.lang.Object, java.lang.Object, int, java.lang.Object, int)'> (0x00000007074859a8) 
thrown [s\open\src\hotspot\share\interpreter\linkResolver.cpp, line 773]
Event: 9.454 Thread 0x00000244e38633c0 Exception <a 'java/lang/NoSuchMethodError'{0x00000007074897d0}: 'java.lang.Object java.lang.invoke.DirectMethodHandle$Holder.invokeSpecial(java.lang.Object, java.lang.Object, java.lang.Object, int, java.lang.Object, int)'> (0x00000007074897d0) 
thrown [s\open\src\hotspot\share\interpreter\linkResolver.cpp, line 773]
Event: 9.508 Thread 0x00000244e38633c0 Exception <a 'java/lang/IncompatibleClassChangeError'{0x0000000713a9d0c0}: Found class java.lang.Object, but interface was expected> (0x0000000713a9d0c0) 
thrown [s\open\src\hotspot\share\interpreter\linkResolver.cpp, line 840]
Event: 9.530 Thread 0x00000244e38633c0 Implicit null exception at 0x0000024490048ef1 to 0x00000244900491c5
Event: 125.237 Thread 0x00000244e4613a80 Exception <a 'java/lang/NoSuchMethodError'{0x000000070861ca48}: 'java.lang.Object java.lang.invoke.DirectMethodHandle$Holder.invokeSpecial(java.lang.Object, java.lang.Object, java.lang.Object, java.lang.Object, java.lang.Object, long)'> (0x000000070861ca48) 
thrown [s\open\src\hotspot\share\interpreter\linkResolver.cpp, line 773]
Event: 125.237 Thread 0x00000244e4613a80 Exception <a 'java/lang/NoSuchMethodError'{0x0000000708620410}: 'java.lang.Object java.lang.invoke.Invokers$Holder.linkToTargetMethod(java.lang.Object, java.lang.Object, java.lang.Object, long, java.lang.Object)'> (0x0000000708620410) 
thrown [s\open\src\hotspot\share\interpreter\linkResolver.cpp, line 773]
Event: 125.411 Thread 0x00000244e55aba00 Exception <a 'java/lang/NoSuchMethodError'{0x00000007083afd28}: 'java.lang.Object java.lang.invoke.DelegatingMethodHandle$Holder.reinvoke_L(java.lang.Object, java.lang.Object, int, int, java.lang.Object, java.lang.Object)'> (0x00000007083afd28) 
thrown [s\open\src\hotspot\share\interpreter\linkResolver.cpp, line 773]
Event: 125.421 Thread 0x00000244e910b2f0 Exception <a 'java/lang/NoSuchMethodError'{0x00000007080a69a8}: 'java.lang.Object java.lang.invoke.DirectMethodHandle$Holder.invokeInterface(java.lang.Object, java.lang.Object, java.lang.Object, java.lang.Object, java.lang.Object)'> (0x00000007080a69a8) 
thrown [s\open\src\hotspot\share\interpreter\linkResolver.cpp, line 773]
Event: 125.434 Thread 0x00000244e910b2f0 Exception <a 'java/lang/NoSuchMethodError'{0x00000007081e6060}: 'void java.lang.invoke.DirectMethodHandle$Holder.invokeSpecialIFC(java.lang.Object, java.lang.Object, int, java.lang.Object, java.lang.Object, java.lang.Object, java.lang.Object)'> (0x00000007081e6060) 
thrown [s\open\src\hotspot\share\interpreter\linkResolver.cpp, line 773]
Event: 125.506 Thread 0x00000244e910b2f0 Exception <a 'java/lang/NoSuchMethodError'{0x0000000707b09ee8}: 'java.lang.Object java.lang.invoke.DirectMethodHandle$Holder.newInvokeSpecial(java.lang.Object, java.lang.Object, java.lang.Object, long)'> (0x0000000707b09ee8) 
thrown [s\open\src\hotspot\share\interpreter\linkResolver.cpp, line 773]
Event: 125.507 Thread 0x00000244e910b2f0 Exception <a 'java/lang/NoSuchMethodError'{0x0000000707b0ea10}: 'java.lang.Object java.lang.invoke.DirectMethodHandle$Holder.invokeSpecial(java.lang.Object, java.lang.Object, java.lang.Object, java.lang.Object, long)'> (0x0000000707b0ea10) 
thrown [s\open\src\hotspot\share\interpreter\linkResolver.cpp, line 773]
Event: 125.507 Thread 0x00000244e910b2f0 Exception <a 'java/lang/NoSuchMethodError'{0x0000000707b12e98}: 'java.lang.Object java.lang.invoke.Invokers$Holder.linkToTargetMethod(java.lang.Object, java.lang.Object, long, java.lang.Object)'> (0x0000000707b12e98) 
thrown [s\open\src\hotspot\share\interpreter\linkResolver.cpp, line 773]
Event: 125.526 Thread 0x00000244e4613a80 Exception <a 'java/lang/IncompatibleClassChangeError'{0x0000000707bfb6e0}: Found class java.lang.Object, but interface was expected> (0x0000000707bfb6e0) 
thrown [s\open\src\hotspot\share\interpreter\linkResolver.cpp, line 840]
Event: 622.981 Thread 0x00000244e910e0e0 Exception <a 'java/lang/NoSuchMethodError'{0x00000007106f7528}: 'int java.lang.invoke.DirectMethodHandle$Holder.invokeStatic(java.lang.Object, java.lang.Object, int, int)'> (0x00000007106f7528) 
thrown [s\open\src\hotspot\share\interpreter\linkResolver.cpp, line 773]
Event: 773.051 Thread 0x00000244e910e0e0 Exception <a 'java/lang/NoSuchMethodError'{0x0000000709a90b90}: 'java.lang.Object java.lang.invoke.DirectMethodHandle$Holder.invokeStatic(java.lang.Object, int, int)'> (0x0000000709a90b90) 
thrown [s\open\src\hotspot\share\interpreter\linkResolver.cpp, line 773]
Event: 1761.169 Thread 0x00000244e89885c0 Exception <a 'java/io/IOException'{0x0000000709075050}> (0x0000000709075050) 
thrown [s\open\src\hotspot\share\prims\jni.cpp, line 520]
Event: 1761.170 Thread 0x00000244e89885c0 Exception <a 'java/io/IOException'{0x00000007090764a8}> (0x00000007090764a8) 
thrown [s\open\src\hotspot\share\prims\jni.cpp, line 520]
Event: 1799.247 Thread 0x00000244e898a000 Exception <a 'java/io/IOException'{0x0000000708d6df70}> (0x0000000708d6df70) 
thrown [s\open\src\hotspot\share\prims\jni.cpp, line 520]
Event: 1799.247 Thread 0x00000244e898a000 Exception <a 'java/io/IOException'{0x0000000708d6eb90}> (0x0000000708d6eb90) 
thrown [s\open\src\hotspot\share\prims\jni.cpp, line 520]

ZGC Phase Switch (0 events):
No events

VM Operations (20 events):
Event: 1765.206 Executing VM operation: Cleanup
Event: 1765.206 Executing VM operation: Cleanup done
Event: 1776.310 Executing VM operation: Cleanup
Event: 1776.310 Executing VM operation: Cleanup done
Event: 1780.335 Executing VM operation: Cleanup
Event: 1780.335 Executing VM operation: Cleanup done
Event: 1783.361 Executing VM operation: Cleanup
Event: 1783.361 Executing VM operation: Cleanup done
Event: 1792.429 Executing VM operation: Cleanup
Event: 1792.429 Executing VM operation: Cleanup done
Event: 2042.489 Executing VM operation: G1CollectForAllocation (G1 Evacuation Pause)
Event: 2042.508 Executing VM operation: G1CollectForAllocation (G1 Evacuation Pause) done
Event: 2043.518 Executing VM operation: Cleanup
Event: 2043.519 Executing VM operation: Cleanup done
Event: 2183.674 Executing VM operation: Cleanup
Event: 2183.674 Executing VM operation: Cleanup done
Event: 2183.743 Executing VM operation: HandshakeAllThreads (Deoptimize)
Event: 2183.743 Executing VM operation: HandshakeAllThreads (Deoptimize) done
Event: 2184.210 Executing VM operation: HandshakeAllThreads (Deoptimize)
Event: 2184.210 Executing VM operation: HandshakeAllThreads (Deoptimize) done

Events (20 events):
Event: 1775.890 Thread 0x00000244e8989970 Thread added: 0x00000244e8989970
Event: 1775.891 Thread 0x00000244e898a000 Thread added: 0x00000244e898a000
Event: 1788.024 Thread 0x00000244e8989970 Thread exited: 0x00000244e8989970
Event: 1788.056 Thread 0x00000244e898a000 Thread exited: 0x00000244e898a000
Event: 1792.102 Thread 0x00000244e89885c0 Thread added: 0x00000244e89885c0
Event: 1792.102 Thread 0x00000244e8989970 Thread added: 0x00000244e8989970
Event: 1797.113 Thread 0x00000244e89885c0 Thread exited: 0x00000244e89885c0
Event: 1797.144 Thread 0x00000244e8989970 Thread exited: 0x00000244e8989970
Event: 1799.246 Thread 0x00000244e898a000 Thread added: 0x00000244e898a000
Event: 1799.246 Thread 0x00000244e898b3b0 Thread added: 0x00000244e898b3b0
Event: 1810.732 Thread 0x00000244e898a000 Thread exited: 0x00000244e898a000
Event: 1810.763 Thread 0x00000244e898b3b0 Thread exited: 0x00000244e898b3b0
Event: 2184.084 Thread 0x00000244e336aa80 Thread added: 0x00000244e336aa80
Event: 2184.099 Thread 0x00000244e55acdb0 Thread added: 0x00000244e55acdb0
Event: 2184.099 Thread 0x00000244e55ae7f0 Thread added: 0x00000244e55ae7f0
Event: 2184.099 Thread 0x00000244e55aa650 Thread added: 0x00000244e55aa650
Event: 2184.099 Thread 0x00000244e910b980 Thread added: 0x00000244e910b980
Event: 2184.100 Thread 0x00000244e910cd30 Thread added: 0x00000244e910cd30
Event: 2184.100 Thread 0x00000244e4616f00 Thread added: 0x00000244e4616f00
Event: 2184.148 Thread 0x00000244e5518460 Thread added: 0x00000244e5518460


Dynamic libraries:
0x00007ff7e7820000 - 0x00007ff7e7830000 	C:\Program Files\Java\jdk-21\bin\java.exe
0x00007ff94b510000 - 0x00007ff94b727000 	C:\Windows\SYSTEM32\ntdll.dll
0x00007ff94a370000 - 0x00007ff94a434000 	C:\Windows\System32\KERNEL32.DLL
0x00007ff948a20000 - 0x00007ff948dcc000 	C:\Windows\System32\KERNELBASE.dll
0x00007ff949010000 - 0x00007ff949121000 	C:\Windows\System32\ucrtbase.dll
0x00007ff8e9a40000 - 0x00007ff8e9a59000 	C:\Program Files\Java\jdk-21\bin\jli.dll
0x00007ff8eaae0000 - 0x00007ff8eaafb000 	C:\Program Files\Java\jdk-21\bin\VCRUNTIME140.dll
0x00007ff949e10000 - 0x00007ff949ec2000 	C:\Windows\System32\ADVAPI32.dll
0x00007ff9497f0000 - 0x00007ff949897000 	C:\Windows\System32\msvcrt.dll
0x00007ff949950000 - 0x00007ff9499fa000 	C:\Windows\System32\sechost.dll
0x00007ff948fe0000 - 0x00007ff949008000 	C:\Windows\System32\bcrypt.dll
0x00007ff94a960000 - 0x00007ff94aa75000 	C:\Windows\System32\RPCRT4.dll
0x00007ff949640000 - 0x00007ff9497ee000 	C:\Windows\System32\USER32.dll
0x00007ff948dd0000 - 0x00007ff948df6000 	C:\Windows\System32\win32u.dll
0x00007ff92c8c0000 - 0x00007ff92cb53000 	C:\Windows\WinSxS\amd64_microsoft.windows.common-controls_6595b64144ccf1df_6.0.22621.3672_none_2713b9d173822955\COMCTL32.dll
0x00007ff94a930000 - 0x00007ff94a959000 	C:\Windows\System32\GDI32.dll
0x00007ff949130000 - 0x00007ff949249000 	C:\Windows\System32\gdi32full.dll
0x00007ff948980000 - 0x00007ff948a1a000 	C:\Windows\System32\msvcp_win.dll
0x00007ff940570000 - 0x00007ff94057a000 	C:\Windows\SYSTEM32\VERSION.dll
0x00007ff949560000 - 0x00007ff949591000 	C:\Windows\System32\IMM32.DLL
0x00007ff90b030000 - 0x00007ff90b03c000 	C:\Program Files\Java\jdk-21\bin\vcruntime140_1.dll
0x00007ff8e99b0000 - 0x00007ff8e9a3e000 	C:\Program Files\Java\jdk-21\bin\msvcp140.dll
0x00007ff896ec0000 - 0x00007ff897bd5000 	C:\Program Files\Java\jdk-21\bin\server\jvm.dll
0x00007ff949250000 - 0x00007ff9492c1000 	C:\Windows\System32\WS2_32.dll
0x00007ff947690000 - 0x00007ff9476dd000 	C:\Windows\SYSTEM32\POWRPROF.dll
0x00007ff9400d0000 - 0x00007ff940104000 	C:\Windows\SYSTEM32\WINMM.dll
0x00007ff947670000 - 0x00007ff947683000 	C:\Windows\SYSTEM32\UMPDC.dll
0x00007ff947930000 - 0x00007ff947948000 	C:\Windows\SYSTEM32\kernel.appcore.dll
0x00007ff90af60000 - 0x00007ff90af6a000 	C:\Program Files\Java\jdk-21\bin\jimage.dll
0x00007ff946210000 - 0x00007ff946442000 	C:\Windows\SYSTEM32\DBGHELP.DLL
0x00007ff94a4a0000 - 0x00007ff94a828000 	C:\Windows\System32\combase.dll
0x00007ff949a00000 - 0x00007ff949ad7000 	C:\Windows\System32\OLEAUT32.dll
0x00007ff928900000 - 0x00007ff928932000 	C:\Windows\SYSTEM32\dbgcore.DLL
0x00007ff948840000 - 0x00007ff9488bb000 	C:\Windows\System32\bcryptPrimitives.dll
0x00007ff907f40000 - 0x00007ff907f4f000 	C:\Program Files\Java\jdk-21\bin\instrument.dll
0x00007ff8e9990000 - 0x00007ff8e99af000 	C:\Program Files\Java\jdk-21\bin\java.dll
0x00007ff94aa80000 - 0x00007ff94b2dc000 	C:\Windows\System32\SHELL32.dll
0x00007ff946750000 - 0x00007ff947047000 	C:\Windows\SYSTEM32\windows.storage.dll
0x00007ff946610000 - 0x00007ff94674f000 	C:\Windows\SYSTEM32\wintypes.dll
0x00007ff949d10000 - 0x00007ff949e04000 	C:\Windows\System32\SHCORE.dll
0x00007ff949ae0000 - 0x00007ff949b3e000 	C:\Windows\System32\shlwapi.dll
0x00007ff948770000 - 0x00007ff948791000 	C:\Windows\SYSTEM32\profapi.dll
0x00007ff8b51f0000 - 0x00007ff8b52c7000 	C:\Program Files\Java\jdk-21\bin\jsvml.dll
0x00007ff8e9950000 - 0x00007ff8e9968000 	C:\Program Files\Java\jdk-21\bin\zip.dll
0x00007ff909830000 - 0x00007ff909840000 	C:\Program Files\Java\jdk-21\bin\net.dll
0x00007ff9419a0000 - 0x00007ff941ad6000 	C:\Windows\SYSTEM32\WINHTTP.dll
0x00007ff947db0000 - 0x00007ff947e19000 	C:\Windows\system32\mswsock.dll
0x00007ff8e9970000 - 0x00007ff8e9986000 	C:\Program Files\Java\jdk-21\bin\nio.dll
0x00007ff8e9930000 - 0x00007ff8e994a000 	C:\Program Files\JetBrains\IntelliJ IDEA Community Edition 2023.2.5\bin\breakgen64.dll
0x00007ff909530000 - 0x00007ff909537000 	C:\Program Files\Java\jdk-21\bin\extnet.dll
0x00007ff907140000 - 0x00007ff90714a000 	C:\Program Files\Java\jdk-21\bin\management.dll
0x00007ff903d40000 - 0x00007ff903d4b000 	C:\Program Files\Java\jdk-21\bin\management_ext.dll
0x00007ff949b40000 - 0x00007ff949b48000 	C:\Windows\System32\PSAPI.DLL
0x00007ff9036f0000 - 0x00007ff9036fe000 	C:\Program Files\Java\jdk-21\bin\sunmscapi.dll
0x00007ff948e70000 - 0x00007ff948fd7000 	C:\Windows\System32\CRYPT32.dll
0x00007ff9481d0000 - 0x00007ff9481fe000 	C:\Windows\SYSTEM32\ncrypt.dll
0x00007ff948190000 - 0x00007ff9481c7000 	C:\Windows\SYSTEM32\NTASN1.dll
0x00007ff948030000 - 0x00007ff94804b000 	C:\Windows\SYSTEM32\CRYPTSP.dll
0x00007ff947890000 - 0x00007ff9478c5000 	C:\Windows\system32\rsaenh.dll
0x00007ff947ed0000 - 0x00007ff947ef8000 	C:\Windows\SYSTEM32\USERENV.dll
0x00007ff948050000 - 0x00007ff94805c000 	C:\Windows\SYSTEM32\CRYPTBASE.dll
0x00007ff947320000 - 0x00007ff94734d000 	C:\Windows\SYSTEM32\IPHLPAPI.DLL
0x00007ff949b50000 - 0x00007ff949b59000 	C:\Windows\System32\NSI.dll
0x00007ff908b40000 - 0x00007ff908b50000 	C:\Program Files\Java\jdk-21\bin\verify.dll
0x00007ff947390000 - 0x00007ff947488000 	C:\Windows\SYSTEM32\DNSAPI.dll
0x00007ff940030000 - 0x00007ff94003a000 	C:\Windows\System32\rasadhlp.dll
0x00007ff940040000 - 0x00007ff9400c3000 	C:\Windows\System32\fwpuclnt.dll
0x00007ff9360c0000 - 0x00007ff9360c8000 	C:\Windows\system32\wshunix.dll

dbghelp: loaded successfully - version: 4.0.5 - missing functions: none
symbol engine: initialized successfully - sym options: 0x614 - pdb path: .;C:\Program Files\Java\jdk-21\bin;C:\Windows\SYSTEM32;C:\Windows\WinSxS\amd64_microsoft.windows.common-controls_6595b64144ccf1df_6.0.22621.3672_none_2713b9d173822955;C:\Program Files\Java\jdk-21\bin\server;C:\Program Files\JetBrains\IntelliJ IDEA Community Edition 2023.2.5\bin

VM Arguments:
jvm_args: -javaagent:C:\Program Files\JetBrains\IntelliJ IDEA Community Edition 2023.2.5\lib\idea_rt.jar=63202:C:\Program Files\JetBrains\IntelliJ IDEA Community Edition 2023.2.5\bin -Dfile.encoding=UTF-8 -Dsun.stdout.encoding=UTF-8 -Dsun.stderr.encoding=UTF-8 
java_command: com.springboot.blog.SpringbootBlogRestApiApplication
java_class_path (initial): D:\Learning\springBoot\Course\RameshUdemy\springboot-blog-rest-api\target\classes;C:\Users\dd397\.m2\repository\org\springframework\boot\spring-boot-starter-actuator\3.2.1\spring-boot-starter-actuator-3.2.1.jar;C:\Users\dd397\.m2\repository\org\springframework\boot\spring-boot-starter\3.2.1\spring-boot-starter-3.2.1.jar;C:\Users\dd397\.m2\repository\org\springframework\boot\spring-boot-starter-logging\3.2.1\spring-boot-starter-logging-3.2.1.jar;C:\Users\dd397\.m2\repository\ch\qos\logback\logback-classic\1.4.14\logback-classic-1.4.14.jar;C:\Users\dd397\.m2\repository\ch\qos\logback\logback-core\1.4.14\logback-core-1.4.14.jar;C:\Users\dd397\.m2\repository\org\apache\logging\log4j\log4j-to-slf4j\2.21.1\log4j-to-slf4j-2.21.1.jar;C:\Users\dd397\.m2\repository\org\apache\logging\log4j\log4j-api\2.21.1\log4j-api-2.21.1.jar;C:\Users\dd397\.m2\repository\org\slf4j\jul-to-slf4j\2.0.9\jul-to-slf4j-2.0.9.jar;C:\Users\dd397\.m2\repository\jakarta\annotation\jakarta.annotation-api\2.1.1\jakarta.annotation-api-2.1.1.jar;C:\Users\dd397\.m2\repository\org\yaml\snakeyaml\2.2\snakeyaml-2.2.jar;C:\Users\dd397\.m2\repository\org\springframework\boot\spring-boot-actuator-autoconfigure\3.2.1\spring-boot-actuator-autoconfigure-3.2.1.jar;C:\Users\dd397\.m2\repository\org\springframework\boot\spring-boot-actuator\3.2.1\spring-boot-actuator-3.2.1.jar;C:\Users\dd397\.m2\repository\com\fasterxml\jackson\datatype\jackson-datatype-jsr310\2.15.3\jackson-datatype-jsr310-2.15.3.jar;C:\Users\dd397\.m2\repository\io\micrometer\micrometer-observation\1.12.1\micrometer-observation-1.12.1.jar;C:\Users\dd397\.m2\repository\io\micrometer\micrometer-commons\1.12.1\micrometer-commons-1.12.1.jar;C:\Users\dd397\.m2\repository\io\micrometer\micrometer-jakarta9\1.12.1\micrometer-jakarta9-1.12.1.jar;C:\Users\dd397\.m2\repository\io\micrometer\micrometer-core\1.12.1\micrometer-core-1.12.1.jar;C:\Users\dd397\.m2\repository\org\hdrhistogram\HdrHistogram\2.1.12\HdrHistogram-2.1.12.jar;C:\Users\dd397\.m2\repository\org\latencyutils\LatencyUtils\2.0.3\LatencyUtils-2.0.3.jar;C:\Users\dd397\.m2\repository\org\springframework\boot\spring-boot-starter-data-jpa\3.2.1\spring-boot-starter-data-jpa-3.2.1.jar;C:\Users\dd397\.m2\repository\org\springframework\boot\spring-boot-starter-aop\3.2.1\spring-boot-starter-aop-3.2.1.jar;C:\Users\dd397\.m2\repository\org\aspectj\aspectjweaver\1.9.21\aspectjweaver-1.9.21.jar;C:\Users\dd397\.m2\repository\org\springframework\boot\spring-boot-starter-jdbc\3.2.1\spring-boot-starter-jdbc-3.2.1.jar;C:\Users\dd397\.m2\repository\com\zaxxer\HikariCP\5.0.1\HikariCP-5.0.1.jar;C:\Users\dd397\.m2\repository\org\springframework\spring-jdbc\6.1.2\spring-jdbc-6.1.2.jar;C:\Users\dd397\.m2\repository\org\hibernate\orm\hibernate-core\6.4.1.Final\hibernate-core-6.4.1.Final.jar;C:\Users\dd397\.m2\repository\jakarta\persistence\jakarta.persistence-api\3.1.0\jakarta.persistence-api-3.1.0.jar;C:\Users\dd397\.m2\repository\jakarta\transaction\jakarta.transaction-api\2.0.1\jakarta.transaction-api-2.0.1.jar;C:\Users\dd397\.m2\repository\org\jboss\logging\jboss-logging\3.5.3.Final\jboss-logging-3.5.3.Final.jar;C:\Users\dd397\.m2\repository\org\hibernate\common\hibernate-commons-annotations\6.0.6.Final\hibernate-commons-annotations-6.0.6.Final.jar;C:\Users\dd397\.m2\repository\io\smallrye\jandex\3.1.2\jandex-3.1.2.jar;C:\Users\dd397\.m2\repository\com\fasterxml\classmate\1.6.0\classmate-1.6.0.jar;C:\Users\dd397\.m2\repository\net\bytebuddy\byte-buddy\1.14.10\byte-buddy-1.14.10.jar;C:\Users\dd397\.m2\repository\org\glassfish\jaxb\jaxb-runtime\4.0.4\jaxb-runtime-4.0.4.jar;C:\Users\dd397\.m2\repository\org\glassfish\jaxb\jaxb-core\4.0.4\jaxb-core-4.0.4.jar;C:\Users\dd397\.m2\repository\org\eclipse\angus\angus-activation\2.0.1\angus-activation-2.0.1.jar;C:\Users\dd397\.m2\repository\org\glassfish\jaxb\txw2\4.0.4\txw2-4.0.4.jar;C:\Users\dd397\.m2\repository\com\sun\istack\istack-commons-runtime\4.1.2\istack-commons-runtime-4.1.2.jar;C:\Users\dd397\.m2\repository\jakarta\inject\jakarta.inject-api\2.0.1\jakarta.inject-api-2.0.1.jar;C:\Users\dd397\.m2\repository\org\antlr\antlr4-runtime\4.13.0\antlr4-runtime-4.13.0.jar;C:\Users\dd397\.m2\repository\org\springframework\data\spring-data-jpa\3.2.1\spring-data-jpa-3.2.1.jar;C:\Users\dd397\.m2\repository\org\springframework\data\spring-data-commons\3.2.1\spring-data-commons-3.2.1.jar;C:\Users\dd397\.m2\repository\org\springframework\spring-orm\6.1.2\spring-orm-6.1.2.jar;C:\Users\dd397\.m2\repository\org\springframework\spring-context\6.1.2\spring-context-6.1.2.jar;C:\Users\dd397\.m2\repository\org\springframework\spring-tx\6.1.2\spring-tx-6.1.2.jar;C:\Users\dd397\.m2\repository\org\springframework\spring-beans\6.1.2\spring-beans-6.1.2.jar;C:\Users\dd397\.m2\repository\org\slf4j\slf4j-api\2.0.9\slf4j-api-2.0.9.jar;C:\Users\dd397\.m2\repository\org\springframework\spring-aspects\6.1.2\spring-aspects-6.1.2.jar;C:\Users\dd397\.m2\repository\org\springframework\boot\spring-boot-starter-web\3.2.1\spring-boot-starter-web-3.2.1.jar;C:\Users\dd397\.m2\repository\org\springframework\boot\spring-boot-starter-json\3.2.1\spring-boot-starter-json-3.2.1.jar;C:\Users\dd397\.m2\repository\com\fasterxml\jackson\datatype\jackson-datatype-jdk8\2.15.3\jackson-datatype-jdk8-2.15.3.jar;C:\Users\dd397\.m2\repository\com\fasterxml\jackson\module\jackson-module-parameter-names\2.15.3\jackson-module-parameter-names-2.15.3.jar;C:\Users\dd397\.m2\repository\org\springframework\boot\spring-boot-starter-tomcat\3.2.1\spring-boot-starter-tomcat-3.2.1.jar;C:\Users\dd397\.m2\repository\org\apache\tomcat\embed\tomcat-embed-core\10.1.17\tomcat-embed-core-10.1.17.jar;C:\Users\dd397\.m2\repository\org\apache\tomcat\embed\tomcat-embed-websocket\10.1.17\tomcat-embed-websocket-10.1.17.jar;C:\Users\dd397\.m2\repository\org\springframework\spring-web\6.1.2\spring-web-6.1.2.jar;C:\Users\dd397\.m2\repository\org\springframework\spring-webmvc\6.1.2\spring-webmvc-6.1.2.jar;C:\Users\dd397\.m2\repository\org\springframework\spring-expression\6.1.2\spring-expression-6.1.2.jar;C:\Users\dd397\.m2\repository\org\springframework\boot\spring-boot-starter-validation\3.2.1\spring-boot-starter-validation-3.2.1.jar;C:\Users\dd397\.m2\repository\org\apache\tomcat\embed\tomcat-embed-el\10.1.17\tomcat-embed-el-10.1.17.jar;C:\Users\dd397\.m2\repository\org\hibernate\validator\hibernate-validator\8.0.1.Final\hibernate-validator-8.0.1.Final.jar;C:\Users\dd397\.m2\repository\jakarta\validation\jakarta.validation-api\3.0.2\jakarta.validation-api-3.0.2.jar;C:\Users\dd397\.m2\repository\org\springframework\boot\spring-boot-devtools\3.2.1\spring-boot-devtools-3.2.1.jar;C:\Users\dd397\.m2\repository\org\springframework\boot\spring-boot\3.2.1\spring-boot-3.2.1.jar;C:\Users\dd397\.m2\repository\org\springframework\boot\spring-boot-autoconfigure\3.2.1\spring-boot-autoconfigure-3.2.1.jar;C:\Users\dd397\.m2\repository\com\mysql\mysql-connector-j\8.2.0\mysql-connector-j-8.2.0.jar;C:\Users\dd397\.m2\repository\org\projectlombok\lombok\1.18.30\lombok-1.18.30.jar;C:\Users\dd397\.m2\repository\org\modelmapper\modelmapper\3.2.0\modelmapper-3.2.0.jar;C:\Users\dd397\.m2\repository\jakarta\xml\bind\jakarta.xml.bind-api\4.0.1\jakarta.xml.bind-api-4.0.1.jar;C:\Users\dd397\.m2\repository\jakarta\activation\jakarta.activation-api\2.1.2\jakarta.activation-api-2.1.2.jar;C:\Users\dd397\.m2\repository\org\springframework\spring-core\6.1.2\spring-core-6.1.2.jar;C:\Users\dd397\.m2\repository\org\springframework\spring-jcl\6.1.2\spring-jcl-6.1.2.jar;C:\Users\dd397\.m2\repository\org\springframework\boot\spring-boot-starter-security\3.2.1\spring-boot-starter-security-3.2.1.jar;C:\Users\dd397\.m2\repository\org\springframework\spring-aop\6.1.2\spring-aop-6.1.2.jar;C:\Users\dd397\.m2\repository\org\springframework\security\spring-security-config\6.2.1\spring-security-config-6.2.1.jar;C:\Users\dd397\.m2\repository\org\springframework\security\spring-security-core\6.2.1\spring-security-core-6.2.1.jar;C:\Users\dd397\.m2\repository\org\springframework\security\spring-security-crypto\6.2.1\spring-security-crypto-6.2.1.jar;C:\Users\dd397\.m2\repository\org\springframework\security\spring-security-web\6.2.1\spring-security-web-6.2.1.jar;C:\Users\dd397\.m2\repository\io\jsonwebtoken\jjwt-jackson\0.12.3\jjwt-jackson-0.12.3.jar;C:\Users\dd397\.m2\repository\com\fasterxml\jackson\core\jackson-databind\2.15.3\jackson-databind-2.15.3.jar;C:\Users\dd397\.m2\repository\com\fasterxml\jackson\core\jackson-annotations\2.15.3\jackson-annotations-2.15.3.jar;C:\Users\dd397\.m2\repository\com\fasterxml\jackson\core\jackson-core\2.15.3\jackson-core-2.15.3.jar;C:\Users\dd397\.m2\repository\io\jsonwebtoken\jjwt-api\0.12.3\jjwt-api-0.12.3.jar;C:\Users\dd397\.m2\repository\io\jsonwebtoken\jjwt-impl\0.12.3\jjwt-impl-0.12.3.jar;C:\Users\dd397\.m2\repository\org\springdoc\springdoc-openapi-starter-webmvc-ui\2.3.0\springdoc-openapi-starter-webmvc-ui-2.3.0.jar;C:\Users\dd397\.m2\repository\org\springdoc\springdoc-openapi-starter-webmvc-api\2.3.0\springdoc-openapi-starter-webmvc-api-2.3.0.jar;C:\Users\dd397\.m2\repository\org\springdoc\springdoc-openapi-starter-common\2.3.0\springdoc-openapi-starter-common-2.3.0.jar;C:\Users\dd397\.m2\repository\io\swagger\core\v3\swagger-core-jakarta\2.2.19\swagger-core-jakarta-2.2.19.jar;C:\Users\dd397\.m2\repository\org\apache\commons\commons-lang3\3.13.0\commons-lang3-3.13.0.jar;C:\Users\dd397\.m2\repository\io\swagger\core\v3\swagger-annotations-jakarta\2.2.19\swagger-annotations-jakarta-2.2.19.jar;C:\Users\dd397\.m2\repository\io\swagger\core\v3\swagger-models-jakarta\2.2.19\swagger-models-jakarta-2.2.19.jar;C:\Users\dd397\.m2\repository\com\fasterxml\jackson\dataformat\jackson-dataformat-yaml\2.15.3\jackson-dataformat-yaml-2.15.3.jar;C:\Users\dd397\.m2\repository\org\webjars\swagger-ui\5.10.3\swagger-ui-5.10.3.jar
Launcher Type: SUN_STANDARD

[Global flags]
     intx CICompilerCount                          = 4                                         {product} {ergonomic}
     uint ConcGCThreads                            = 3                                         {product} {ergonomic}
     uint G1ConcRefinementThreads                  = 10                                        {product} {ergonomic}
   size_t G1HeapRegionSize                         = 2097152                                   {product} {ergonomic}
    uintx GCDrainStackTargetSize                   = 64                                        {product} {ergonomic}
   size_t InitialHeapSize                          = 264241152                                 {product} {ergonomic}
   size_t MarkStackSize                            = 4194304                                   {product} {ergonomic}
   size_t MaxHeapSize                              = 4227858432                                {product} {ergonomic}
   size_t MaxNewSize                               = 2535456768                                {product} {ergonomic}
   size_t MinHeapDeltaBytes                        = 2097152                                   {product} {ergonomic}
   size_t MinHeapSize                              = 8388608                                   {product} {ergonomic}
    uintx NonNMethodCodeHeapSize                   = 5839372                                {pd product} {ergonomic}
    uintx NonProfiledCodeHeapSize                  = 122909434                              {pd product} {ergonomic}
    uintx ProfiledCodeHeapSize                     = 122909434                              {pd product} {ergonomic}
    uintx ReservedCodeCacheSize                    = 251658240                              {pd product} {ergonomic}
     bool SegmentedCodeCache                       = true                                      {product} {ergonomic}
   size_t SoftMaxHeapSize                          = 4227858432                             {manageable} {ergonomic}
     bool UseCompressedOops                        = true                           {product lp64_product} {ergonomic}
     bool UseG1GC                                  = true                                      {product} {ergonomic}
     bool UseLargePagesIndividualAllocation        = false                                  {pd product} {ergonomic}

Logging:
Log output configuration:
 #0: stdout all=warning uptime,level,tags foldmultilines=false
 #1: stderr all=off uptime,level,tags foldmultilines=false

Environment Variables:
JAVA_HOME=C:\Program Files\Microsoft\jdk-17.0.10.7-hotspot\
PATH=C:\Program Files\Microsoft\jdk-17.0.10.7-hotspot\bin;C:\Program Files\Common Files\Oracle\Java\javapath;C:\Windows\system32;C:\Windows;C:\Windows\System32\Wbem;C:\Windows\System32\WindowsPowerShell\v1.0\;C:\Windows\System32\OpenSSH\;C:\Program Files (x86)\NVIDIA Corporation\PhysX\Common;C:\Program Files\NVIDIA Corporation\NVIDIA NvDLISR;C:\Program Files\dotnet\;C:\Program Files\MySQL\MySQL Server 8.0\bin;C:\Program Files\Microsoft\jdk-17.0.10.7-hotspot\\bin;C:\Program Files\Docker\Docker\resources\bin;C:\Program Files\nodejs\;C:\ProgramData\chocolatey\bin;C:\Program Files\MySQL\MySQL Shell 8.0\bin\;C:\Users\dd397\AppData\Local\Microsoft\WindowsApps;C:\Users\dd397\AppData\Local\Programs\Microsoft VS Code\bin;C:\Users\dd397\AppData\Roaming\npm;C:\Users\dd397\AppData\Local\JetBrains\Toolbox\scripts;C:\Users\dd397\AppData\Local\Android\Sdk\platform-tools;C:\Users\dd397\AppData\Local\Android\Sdk\emulator;
USERNAME=dd397
OS=Windows_NT
PROCESSOR_IDENTIFIER=Intel64 Family 6 Model 141 Stepping 1, GenuineIntel
TMP=C:\Users\dd397\AppData\Local\Temp
TEMP=C:\Users\dd397\AppData\Local\Temp




Periodic native trim disabled

---------------  S Y S T E M  ---------------

OS:
 Windows 11 , 64 bit Build 22621 (10.0.22621.3672)
OS uptime: 1 days 1:18 hours
Hyper-V role detected

CPU: total 12 (initial active 12) (6 cores per cpu, 2 threads per core) family 6 model 141 stepping 1 microcode 0x34, cx8, cmov, fxsr, ht, mmx, 3dnowpref, sse, sse2, sse3, ssse3, sse4.1, sse4.2, popcnt, lzcnt, tsc, tscinvbit, avx, avx2, aes, erms, clmul, bmi1, bmi2, adx, avx512f, avx512dq, avx512cd, avx512bw, avx512vl, sha, fma, vzeroupper, avx512_vpopcntdq, avx512_vpclmulqdq, avx512_vaes, avx512_vnni, clflush, clflushopt, clwb, avx512_vbmi2, avx512_vbmi, hv, rdtscp, rdpid, fsrm, gfni, avx512_bitalg, f16c, cet_ibt, cet_ss, avx512_ifma
Processor Information for all 12 processors :
  Max Mhz: 2688, Current Mhz: 2688, Mhz Limit: 2688

Memory: 4k page, system-wide physical 16122M (4389M free)
TotalPageFile size 44496M (AvailPageFile size 4M)
current process WorkingSet (physical memory assigned to process): 176M, peak: 356M
current process commit charge ("private bytes"): 413M, peak: 413M

vm_info: Java HotSpot(TM) 64-Bit Server VM (21.0.1+12-LTS-29) for windows-amd64 JRE (21.0.1+12-LTS-29), built on 2023-10-05T13:27:09Z by "mach5one" with MS VC++ 17.1 (VS2022)

END.
