#
# There is insufficient memory for the Java Runtime Environment to continue.
# Native memory allocation (malloc) failed to allocate 32744 bytes for Chunk::new
# Possible reasons:
#   The system is out of physical RAM or swap space
#   The process is running with CompressedOops enabled, and the Java Heap may be blocking the growth of the native heap
# Possible solutions:
#   Reduce memory load on the system
#   Increase physical memory or swap space
#   Check if swap backing store is full
#   Decrease Java heap size (-Xmx/-Xms)
#   Decrease number of Java threads
#   Decrease Java thread stack sizes (-Xss)
#   Set larger code cache with -XX:ReservedCodeCacheSize=
#   JVM is running with Zero Based Compressed Oops mode in which the Java heap is
#     placed in the first 32GB address space. The Java Heap base address is the
#     maximum limit for the native heap growth. Please use -XX:HeapBaseMinAddress
#     to set the Java Heap base and to place the Java Heap above 32GB virtual address.
# This output file may be truncated or incomplete.
#
#  Out of Memory Error (arena.cpp:168), pid=19624, tid=17340
#
# JRE version: Java(TM) SE Runtime Environment (21.0.1+12) (build 21.0.1+12-LTS-29)
# Java VM: Java HotSpot(TM) 64-Bit Server VM (21.0.1+12-LTS-29, mixed mode, sharing, tiered, compressed oops, compressed class ptrs, g1 gc, windows-amd64)
# No core dump will be written. Minidumps are not enabled by default on client versions of Windows
#

---------------  S U M M A R Y ------------

Command Line: -javaagent:C:\Program Files\JetBrains\IntelliJ IDEA Community Edition 2023.2.5\lib\idea_rt.jar=61079:C:\Program Files\JetBrains\IntelliJ IDEA Community Edition 2023.2.5\bin -Dfile.encoding=UTF-8 -Dsun.stdout.encoding=UTF-8 -Dsun.stderr.encoding=UTF-8 com.springboot.blog.SpringbootBlogRestApiApplication

Host: 11th Gen Intel(R) Core(TM) i5-11400H @ 2.70GHz, 12 cores, 15G,  Windows 11 , 64 bit Build 22621 (10.0.22621.3527)
Time: Sat Jun  1 12:43:32 2024 India Standard Time elapsed time: 247.163440 seconds (0d 0h 4m 7s)

---------------  T H R E A D  ---------------

Current thread (0x0000023d7fd2e510):  JavaThread "C2 CompilerThread0" daemon [_thread_in_native, id=17340, stack(0x000000e171f00000,0x000000e172000000) (1024K)]


Current CompileTask:
C2: 247163 8507       4       org.springframework.boot.devtools.filewatch.DirectorySnapshot::collectFiles (99 bytes)

Stack: [0x000000e171f00000,0x000000e172000000]
Native frames: (J=compiled Java code, j=interpreted, Vv=VM code, C=native code)
V  [jvm.dll+0x6c9029]
V  [jvm.dll+0x854b81]
V  [jvm.dll+0x856e5e]
V  [jvm.dll+0x857543]
V  [jvm.dll+0x280c06]
V  [jvm.dll+0xc3ead]
V  [jvm.dll+0xc43c3]
V  [jvm.dll+0x3baa38]
V  [jvm.dll+0x5d59b8]
V  [jvm.dll+0x5d4a96]
V  [jvm.dll+0x5d5315]
V  [jvm.dll+0x3824a4]
V  [jvm.dll+0x3818ea]
V  [jvm.dll+0x249ad0]
V  [jvm.dll+0x2490b1]
V  [jvm.dll+0x1c9ca1]
V  [jvm.dll+0x2586b9]
V  [jvm.dll+0x256c9a]
V  [jvm.dll+0x3ef1b6]
V  [jvm.dll+0x7fd728]
V  [jvm.dll+0x6c777d]
C  [ucrtbase.dll+0x29333]
C  [KERNEL32.DLL+0x1257d]
C  [ntdll.dll+0x5aa48]


---------------  P R O C E S S  ---------------

Threads class SMR info:
_java_thread_list=0x0000023d46a53650, length=31, elements={
0x0000023d7fd20950, 0x0000023d7fd21960, 0x0000023d7fd249c0, 0x0000023d7fd27af0,
0x0000023d7fd2a650, 0x0000023d7fd2cef0, 0x0000023d7fd2e510, 0x0000023d7fd33d90,
0x0000023d450e3500, 0x0000023d454405f0, 0x0000023d45443d70, 0x0000023d47b26aa0,
0x0000023d495e2be0, 0x0000023d48549bf0, 0x0000023d48549560, 0x0000023d4854c350,
0x0000023d4854afa0, 0x0000023d4854b630, 0x0000023d4854c9e0, 0x0000023d4b4cccb0,
0x0000023d4b4cc620, 0x0000023d4b4cd340, 0x0000023d4b4cd9d0, 0x0000023d4b4c9830,
0x0000023d4b4ce060, 0x0000023d4b4ce6f0, 0x0000023d4b4d0130, 0x0000023d4b4c9ec0,
0x0000023d4b4c91a0, 0x0000023d4b4ca550, 0x0000023d4b4ced80
}

Java Threads: ( => current thread )
  0x0000023d7fd20950 JavaThread "Reference Handler"          daemon [_thread_blocked, id=18796, stack(0x000000e171900000,0x000000e171a00000) (1024K)]
  0x0000023d7fd21960 JavaThread "Finalizer"                  daemon [_thread_blocked, id=23208, stack(0x000000e171a00000,0x000000e171b00000) (1024K)]
  0x0000023d7fd249c0 JavaThread "Signal Dispatcher"          daemon [_thread_blocked, id=17900, stack(0x000000e171b00000,0x000000e171c00000) (1024K)]
  0x0000023d7fd27af0 JavaThread "Attach Listener"            daemon [_thread_blocked, id=19588, stack(0x000000e171c00000,0x000000e171d00000) (1024K)]
  0x0000023d7fd2a650 JavaThread "Service Thread"             daemon [_thread_blocked, id=3140, stack(0x000000e171d00000,0x000000e171e00000) (1024K)]
  0x0000023d7fd2cef0 JavaThread "Monitor Deflation Thread"   daemon [_thread_blocked, id=21852, stack(0x000000e171e00000,0x000000e171f00000) (1024K)]
=>0x0000023d7fd2e510 JavaThread "C2 CompilerThread0"         daemon [_thread_in_native, id=17340, stack(0x000000e171f00000,0x000000e172000000) (1024K)]
  0x0000023d7fd33d90 JavaThread "C1 CompilerThread0"         daemon [_thread_blocked, id=18216, stack(0x000000e172000000,0x000000e172100000) (1024K)]
  0x0000023d450e3500 JavaThread "Common-Cleaner"             daemon [_thread_blocked, id=4116, stack(0x000000e172100000,0x000000e172200000) (1024K)]
  0x0000023d454405f0 JavaThread "Monitor Ctrl-Break"         daemon [_thread_in_native, id=15076, stack(0x000000e172400000,0x000000e172500000) (1024K)]
  0x0000023d45443d70 JavaThread "Notification Thread"        daemon [_thread_blocked, id=7588, stack(0x000000e172500000,0x000000e172600000) (1024K)]
  0x0000023d47b26aa0 JavaThread "mysql-cj-abandoned-connection-cleanup" daemon [_thread_blocked, id=18132, stack(0x000000e172d00000,0x000000e172e00000) (1024K)]
  0x0000023d495e2be0 JavaThread "HikariPool-1 housekeeper"   daemon [_thread_blocked, id=15352, stack(0x000000e173500000,0x000000e173600000) (1024K)]
  0x0000023d48549bf0 JavaThread "Catalina-utility-1"                [_thread_blocked, id=3192, stack(0x000000e173700000,0x000000e173800000) (1024K)]
  0x0000023d48549560 JavaThread "Catalina-utility-2"                [_thread_blocked, id=11712, stack(0x000000e173800000,0x000000e173900000) (1024K)]
  0x0000023d4854c350 JavaThread "container-0"                       [_thread_blocked, id=8852, stack(0x000000e173900000,0x000000e173a00000) (1024K)]
  0x0000023d4854afa0 JavaThread "File Watcher"               daemon [_thread_blocked, id=24324, stack(0x000000e173a00000,0x000000e173b00000) (1024K)]
  0x0000023d4854b630 JavaThread "Live Reload Server"         daemon [_thread_in_native, id=16076, stack(0x000000e173c00000,0x000000e173d00000) (1024K)]
  0x0000023d4854c9e0 JavaThread "http-nio-8080-exec-1"       daemon [_thread_blocked, id=21960, stack(0x000000e173b00000,0x000000e173c00000) (1024K)]
  0x0000023d4b4cccb0 JavaThread "http-nio-8080-exec-2"       daemon [_thread_blocked, id=12548, stack(0x000000e173d00000,0x000000e173e00000) (1024K)]
  0x0000023d4b4cc620 JavaThread "http-nio-8080-exec-3"       daemon [_thread_blocked, id=10344, stack(0x000000e173e00000,0x000000e173f00000) (1024K)]
  0x0000023d4b4cd340 JavaThread "http-nio-8080-exec-4"       daemon [_thread_blocked, id=16292, stack(0x000000e173f00000,0x000000e174000000) (1024K)]
  0x0000023d4b4cd9d0 JavaThread "http-nio-8080-exec-5"       daemon [_thread_blocked, id=3704, stack(0x000000e174000000,0x000000e174100000) (1024K)]
  0x0000023d4b4c9830 JavaThread "http-nio-8080-exec-6"       daemon [_thread_blocked, id=19004, stack(0x000000e174100000,0x000000e174200000) (1024K)]
  0x0000023d4b4ce060 JavaThread "http-nio-8080-exec-7"       daemon [_thread_blocked, id=1852, stack(0x000000e174200000,0x000000e174300000) (1024K)]
  0x0000023d4b4ce6f0 JavaThread "http-nio-8080-exec-8"       daemon [_thread_blocked, id=4420, stack(0x000000e174300000,0x000000e174400000) (1024K)]
  0x0000023d4b4d0130 JavaThread "http-nio-8080-exec-9"       daemon [_thread_blocked, id=13664, stack(0x000000e174400000,0x000000e174500000) (1024K)]
  0x0000023d4b4c9ec0 JavaThread "http-nio-8080-exec-10"      daemon [_thread_blocked, id=15428, stack(0x000000e174500000,0x000000e174600000) (1024K)]
  0x0000023d4b4c91a0 JavaThread "http-nio-8080-Poller"       daemon [_thread_in_native, id=21640, stack(0x000000e174600000,0x000000e174700000) (1024K)]
  0x0000023d4b4ca550 JavaThread "http-nio-8080-Acceptor"     daemon [_thread_in_native, id=15304, stack(0x000000e174700000,0x000000e174800000) (1024K)]
  0x0000023d4b4ced80 JavaThread "DestroyJavaVM"                     [_thread_blocked, id=19916, stack(0x000000e171100000,0x000000e171200000) (1024K)]
Total: 31

Other Threads:
  0x0000023d7fd03830 VMThread "VM Thread"                           [id=13156, stack(0x000000e171800000,0x000000e171900000) (1024K)]
  0x0000023d7fcea860 WatcherThread "VM Periodic Task Thread"        [id=16760, stack(0x000000e171700000,0x000000e171800000) (1024K)]
  0x0000023d608af2a0 WorkerThread "GC Thread#0"                     [id=11024, stack(0x000000e171200000,0x000000e171300000) (1024K)]
  0x0000023d45cb1ef0 WorkerThread "GC Thread#1"                     [id=13316, stack(0x000000e172600000,0x000000e172700000) (1024K)]
  0x0000023d45cb2290 WorkerThread "GC Thread#2"                     [id=15588, stack(0x000000e172700000,0x000000e172800000) (1024K)]
  0x0000023d45cbcfd0 WorkerThread "GC Thread#3"                     [id=24508, stack(0x000000e172800000,0x000000e172900000) (1024K)]
  0x0000023d45cbdfa0 WorkerThread "GC Thread#4"                     [id=3532, stack(0x000000e172900000,0x000000e172a00000) (1024K)]
  0x0000023d45cbe340 WorkerThread "GC Thread#5"                     [id=18988, stack(0x000000e172a00000,0x000000e172b00000) (1024K)]
  0x0000023d45ef3010 WorkerThread "GC Thread#6"                     [id=7404, stack(0x000000e172e00000,0x000000e172f00000) (1024K)]
  0x0000023d45ef1a50 WorkerThread "GC Thread#7"                     [id=14588, stack(0x000000e172f00000,0x000000e173000000) (1024K)]
  0x0000023d45ef2530 WorkerThread "GC Thread#8"                     [id=19724, stack(0x000000e173000000,0x000000e173100000) (1024K)]
  0x0000023d45ef16b0 WorkerThread "GC Thread#9"                     [id=16536, stack(0x000000e173100000,0x000000e173200000) (1024K)]
  0x0000023d608c0030 ConcurrentGCThread "G1 Main Marker"            [id=8292, stack(0x000000e171300000,0x000000e171400000) (1024K)]
  0x0000023d608c0b30 WorkerThread "G1 Conc#0"                       [id=22488, stack(0x000000e171400000,0x000000e171500000) (1024K)]
  0x0000023d45ef2c70 WorkerThread "G1 Conc#1"                       [id=22760, stack(0x000000e173200000,0x000000e173300000) (1024K)]
  0x0000023d46aea9b0 WorkerThread "G1 Conc#2"                       [id=23656, stack(0x000000e173300000,0x000000e173400000) (1024K)]
  0x0000023d7fbbc260 ConcurrentGCThread "G1 Refine#0"               [id=20552, stack(0x000000e171500000,0x000000e171600000) (1024K)]
  0x0000023d7fbbcbe0 ConcurrentGCThread "G1 Service"                [id=10508, stack(0x000000e171600000,0x000000e171700000) (1024K)]
Total: 18

Threads with active compile tasks:
C2 CompilerThread0   247177 8507       4       org.springframework.boot.devtools.filewatch.DirectorySnapshot::collectFiles (99 bytes)
Total: 1

VM state: not at safepoint (normal execution)

VM Mutex/Monitor currently owned by a thread: None

Heap address: 0x0000000704000000, size: 4032 MB, Compressed Oops mode: Zero based, Oop shift amount: 3

CDS archive(s) mapped at: [0x0000023d00000000-0x0000023d00c90000-0x0000023d00c90000), size 13172736, SharedBaseAddress: 0x0000023d00000000, ArchiveRelocationMode: 1.
Compressed class space mapped at: 0x0000023d01000000-0x0000023d41000000, reserved size: 1073741824
Narrow klass base: 0x0000023d00000000, Narrow klass shift: 0, Narrow klass range: 0x100000000

GC Precious Log:
 CardTable entry size: 512
 Card Set container configuration: InlinePtr #cards 4 size 8 Array Of Cards #cards 16 size 48 Howl #buckets 8 coarsen threshold 3686 Howl Bitmap #cards 512 size 80 coarsen threshold 460 Card regions per heap region 1 cards per card region 4096
 CPUs: 12 total, 12 available
 Memory: 16122M
 Large Page Support: Disabled
 NUMA Support: Disabled
 Compressed Oops: Enabled (Zero based)
 Heap Region Size: 2M
 Heap Min Capacity: 8M
 Heap Initial Capacity: 252M
 Heap Max Capacity: 4032M
 Pre-touch: Disabled
 Parallel Workers: 10
 Concurrent Workers: 3
 Concurrent Refinement Workers: 10
 Periodic GC: Disabled

Heap:
 garbage-first heap   total 98304K, used 68268K [0x0000000704000000, 0x0000000800000000)
  region size 2048K, 15 young (30720K), 3 survivors (6144K)
 Metaspace       used 87497K, committed 88320K, reserved 1179648K
  class space    used 11790K, committed 12160K, reserved 1048576K

Heap Regions: E=young(eden), S=young(survivor), O=old, HS=humongous(starts), HC=humongous(continues), CS=collection set, F=free, TAMS=top-at-mark-start, PB=parsable bottom
|   0|0x0000000704000000, 0x0000000704200000, 0x0000000704200000|100%| O|  |TAMS 0x0000000704000000| PB 0x0000000704000000| Untracked 
|   1|0x0000000704200000, 0x0000000704400000, 0x0000000704400000|100%| O|  |TAMS 0x0000000704200000| PB 0x0000000704200000| Untracked 
|   2|0x0000000704400000, 0x0000000704600000, 0x0000000704600000|100%| O|  |TAMS 0x0000000704400000| PB 0x0000000704400000| Untracked 
|   3|0x0000000704600000, 0x0000000704800000, 0x0000000704800000|100%| O|  |TAMS 0x0000000704600000| PB 0x0000000704600000| Untracked 
|   4|0x0000000704800000, 0x0000000704a00000, 0x0000000704a00000|100%| O|  |TAMS 0x0000000704800000| PB 0x0000000704800000| Untracked 
|   5|0x0000000704a00000, 0x0000000704c00000, 0x0000000704c00000|100%| O|  |TAMS 0x0000000704a00000| PB 0x0000000704a00000| Untracked 
|   6|0x0000000704c00000, 0x0000000704e00000, 0x0000000704e00000|100%| O|  |TAMS 0x0000000704c00000| PB 0x0000000704c00000| Untracked 
|   7|0x0000000704e00000, 0x0000000705000000, 0x0000000705000000|100%| O|  |TAMS 0x0000000704e00000| PB 0x0000000704e00000| Untracked 
|   8|0x0000000705000000, 0x0000000705200000, 0x0000000705200000|100%| O|  |TAMS 0x0000000705000000| PB 0x0000000705000000| Untracked 
|   9|0x0000000705200000, 0x0000000705400000, 0x0000000705400000|100%| O|  |TAMS 0x0000000705200000| PB 0x0000000705200000| Untracked 
|  10|0x0000000705400000, 0x0000000705600000, 0x0000000705600000|100%| O|  |TAMS 0x0000000705400000| PB 0x0000000705400000| Untracked 
|  11|0x0000000705600000, 0x0000000705800000, 0x0000000705800000|100%| O|  |TAMS 0x0000000705600000| PB 0x0000000705600000| Untracked 
|  12|0x0000000705800000, 0x0000000705a00000, 0x0000000705a00000|100%| O|  |TAMS 0x0000000705800000| PB 0x0000000705800000| Untracked 
|  13|0x0000000705a00000, 0x0000000705c00000, 0x0000000705c00000|100%| O|Cm|TAMS 0x0000000705a00000| PB 0x0000000705a00000| Complete 
|  14|0x0000000705c00000, 0x0000000705e00000, 0x0000000705e00000|100%| O|  |TAMS 0x0000000705c00000| PB 0x0000000705c00000| Untracked 
|  15|0x0000000705e00000, 0x0000000706000000, 0x0000000706000000|100%| O|  |TAMS 0x0000000705e00000| PB 0x0000000705e00000| Untracked 
|  16|0x0000000706000000, 0x0000000706200000, 0x0000000706200000|100%| O|  |TAMS 0x0000000706000000| PB 0x0000000706000000| Untracked 
|  17|0x0000000706200000, 0x0000000706400000, 0x0000000706400000|100%| O|  |TAMS 0x0000000706200000| PB 0x0000000706200000| Untracked 
|  18|0x0000000706400000, 0x0000000706600000, 0x0000000706600000|100%| O|  |TAMS 0x0000000706400000| PB 0x0000000706400000| Untracked 
|  19|0x0000000706600000, 0x0000000706800000, 0x0000000706800000|100%| O|  |TAMS 0x0000000706600000| PB 0x0000000706600000| Untracked 
|  20|0x0000000706800000, 0x0000000706835298, 0x0000000706a00000| 10%| O|  |TAMS 0x0000000706800000| PB 0x0000000706800000| Untracked 
|  21|0x0000000706a00000, 0x0000000706a00000, 0x0000000706c00000|  0%| F|  |TAMS 0x0000000706a00000| PB 0x0000000706a00000| Untracked 
|  22|0x0000000706c00000, 0x0000000706c00000, 0x0000000706e00000|  0%| F|  |TAMS 0x0000000706c00000| PB 0x0000000706c00000| Untracked 
|  23|0x0000000706e00000, 0x0000000706e00000, 0x0000000707000000|  0%| F|  |TAMS 0x0000000706e00000| PB 0x0000000706e00000| Untracked 
|  24|0x0000000707000000, 0x0000000707000000, 0x0000000707200000|  0%| F|  |TAMS 0x0000000707000000| PB 0x0000000707000000| Untracked 
|  25|0x0000000707200000, 0x0000000707200000, 0x0000000707400000|  0%| F|  |TAMS 0x0000000707200000| PB 0x0000000707200000| Untracked 
|  26|0x0000000707400000, 0x00000007074760e8, 0x0000000707600000| 23%| S|CS|TAMS 0x0000000707400000| PB 0x0000000707400000| Complete 
|  27|0x0000000707600000, 0x0000000707800000, 0x0000000707800000|100%| S|CS|TAMS 0x0000000707600000| PB 0x0000000707600000| Complete 
|  28|0x0000000707800000, 0x0000000707a00000, 0x0000000707a00000|100%| S|CS|TAMS 0x0000000707800000| PB 0x0000000707800000| Complete 
|  29|0x0000000707a00000, 0x0000000707a00000, 0x0000000707c00000|  0%| F|  |TAMS 0x0000000707a00000| PB 0x0000000707a00000| Untracked 
|  30|0x0000000707c00000, 0x0000000707c00000, 0x0000000707e00000|  0%| F|  |TAMS 0x0000000707c00000| PB 0x0000000707c00000| Untracked 
|  31|0x0000000707e00000, 0x0000000707e00000, 0x0000000708000000|  0%| F|  |TAMS 0x0000000707e00000| PB 0x0000000707e00000| Untracked 
|  32|0x0000000708000000, 0x0000000708000000, 0x0000000708200000|  0%| F|  |TAMS 0x0000000708000000| PB 0x0000000708000000| Untracked 
|  33|0x0000000708200000, 0x0000000708200000, 0x0000000708400000|  0%| F|  |TAMS 0x0000000708200000| PB 0x0000000708200000| Untracked 
|  34|0x0000000708400000, 0x0000000708400000, 0x0000000708600000|  0%| F|  |TAMS 0x0000000708400000| PB 0x0000000708400000| Untracked 
|  35|0x0000000708600000, 0x0000000708600000, 0x0000000708800000|  0%| F|  |TAMS 0x0000000708600000| PB 0x0000000708600000| Untracked 
|  36|0x0000000708800000, 0x000000070892a860, 0x0000000708a00000| 58%| E|  |TAMS 0x0000000708800000| PB 0x0000000708800000| Complete 
|  37|0x0000000708a00000, 0x0000000708c00000, 0x0000000708c00000|100%| E|CS|TAMS 0x0000000708a00000| PB 0x0000000708a00000| Complete 
|  38|0x0000000708c00000, 0x0000000708e00000, 0x0000000708e00000|100%| E|CS|TAMS 0x0000000708c00000| PB 0x0000000708c00000| Complete 
|  39|0x0000000708e00000, 0x0000000709000000, 0x0000000709000000|100%| E|CS|TAMS 0x0000000708e00000| PB 0x0000000708e00000| Complete 
|  40|0x0000000709000000, 0x0000000709200000, 0x0000000709200000|100%| E|CS|TAMS 0x0000000709000000| PB 0x0000000709000000| Complete 
|  41|0x0000000709200000, 0x0000000709400000, 0x0000000709400000|100%| E|CS|TAMS 0x0000000709200000| PB 0x0000000709200000| Complete 
|  98|0x0000000710400000, 0x0000000710600000, 0x0000000710600000|100%| E|CS|TAMS 0x0000000710400000| PB 0x0000000710400000| Complete 
|  99|0x0000000710600000, 0x0000000710800000, 0x0000000710800000|100%| E|CS|TAMS 0x0000000710600000| PB 0x0000000710600000| Complete 
| 100|0x0000000710800000, 0x0000000710a00000, 0x0000000710a00000|100%| E|CS|TAMS 0x0000000710800000| PB 0x0000000710800000| Complete 
| 101|0x0000000710a00000, 0x0000000710c00000, 0x0000000710c00000|100%| E|CS|TAMS 0x0000000710a00000| PB 0x0000000710a00000| Complete 
| 124|0x0000000713800000, 0x0000000713a00000, 0x0000000713a00000|100%| E|CS|TAMS 0x0000000713800000| PB 0x0000000713800000| Complete 
| 125|0x0000000713a00000, 0x0000000713c00000, 0x0000000713c00000|100%| E|CS|TAMS 0x0000000713a00000| PB 0x0000000713a00000| Complete 

Card table byte_map: [0x0000023d789d0000,0x0000023d791b0000] _byte_map_base: 0x0000023d751b0000

Marking Bits: (CMBitMap*) 0x0000023d608af9a0
 Bits: [0x0000023d791b0000, 0x0000023d7d0b0000)

Polling page: 0x0000023d60000000

Metaspace:

Usage:
  Non-class:     73.93 MB used.
      Class:     11.51 MB used.
       Both:     85.45 MB used.

Virtual space:
  Non-class space:      128.00 MB reserved,      74.38 MB ( 58%) committed,  2 nodes.
      Class space:        1.00 GB reserved,      11.88 MB (  1%) committed,  1 nodes.
             Both:        1.12 GB reserved,      86.25 MB (  7%) committed. 

Chunk freelists:
   Non-Class:  4.70 MB
       Class:  4.14 MB
        Both:  8.84 MB

MaxMetaspaceSize: unlimited
CompressedClassSpaceSize: 1.00 GB
Initial GC threshold: 21.00 MB
Current GC threshold: 129.50 MB
CDS: on
 - commit_granule_bytes: 65536.
 - commit_granule_words: 8192.
 - virtual_space_node_default_size: 8388608.
 - enlarge_chunks_in_place: 1.
 - use_allocation_guard: 0.


Internal statistics:

num_allocs_failed_limit: 12.
num_arena_births: 1290.
num_arena_deaths: 2.
num_vsnodes_births: 3.
num_vsnodes_deaths: 0.
num_space_committed: 1380.
num_space_uncommitted: 0.
num_chunks_returned_to_freelist: 15.
num_chunks_taken_from_freelist: 4372.
num_chunk_merges: 12.
num_chunk_splits: 3144.
num_chunks_enlarged: 2439.
num_inconsistent_stats: 0.

CodeHeap 'non-profiled nmethods': size=120000Kb used=6012Kb max_used=6012Kb free=113987Kb
 bounds [0x0000023d70760000, 0x0000023d70d40000, 0x0000023d77c90000]
CodeHeap 'profiled nmethods': size=120000Kb used=13473Kb max_used=13473Kb free=106526Kb
 bounds [0x0000023d68c90000, 0x0000023d699c0000, 0x0000023d701c0000]
CodeHeap 'non-nmethods': size=5760Kb used=2011Kb max_used=2065Kb free=3748Kb
 bounds [0x0000023d701c0000, 0x0000023d70430000, 0x0000023d70760000]
 total_blobs=7891 nmethods=7104 adapters=690
 compilation: enabled
              stopped_count=0, restarted_count=0
 full_count=0

Compilation events (20 events):
Event: 235.031 Thread 0x0000023d7fd33d90 nmethod 8497 0x0000023d699b4210 code [0x0000023d699b44c0, 0x0000023d699b5400]
Event: 235.031 Thread 0x0000023d7fd33d90 8498       3       java.util.concurrent.locks.ReentrantReadWriteLock$Sync::sharedCount (5 bytes)
Event: 235.031 Thread 0x0000023d7fd33d90 nmethod 8498 0x0000023d69111390 code [0x0000023d69111520, 0x0000023d69111610]
Event: 235.031 Thread 0x0000023d7fd33d90 8499       3       java.util.concurrent.locks.ReentrantReadWriteLock$ReadLock::unlock (10 bytes)
Event: 235.031 Thread 0x0000023d7fd33d90 nmethod 8499 0x0000023d699b5910 code [0x0000023d699b5ae0, 0x0000023d699b5dd0]
Event: 235.031 Thread 0x0000023d7fd33d90 8500       3       java.util.concurrent.locks.ReentrantReadWriteLock$Sync::tryReleaseShared (146 bytes)
Event: 235.032 Thread 0x0000023d7fd33d90 nmethod 8500 0x0000023d699b5f10 code [0x0000023d699b6180, 0x0000023d699b6dd0]
Event: 238.072 Thread 0x0000023d7fd33d90 8501       3       org.apache.juli.logging.DirectJDKLog::isTraceEnabled (11 bytes)
Event: 238.072 Thread 0x0000023d7fd33d90 nmethod 8501 0x0000023d699b7290 code [0x0000023d699b7440, 0x0000023d699b76f8]
Event: 239.383 Thread 0x0000023d7fd33d90 8502       3       java.util.concurrent.locks.AbstractQueuedSynchronizer$ConditionObject::unlinkCancelledWaiters (91 bytes)
Event: 239.384 Thread 0x0000023d7fd33d90 nmethod 8502 0x0000023d699b7810 code [0x0000023d699b79e0, 0x0000023d699b7eb8]
Event: 243.277 Thread 0x0000023d7fd2e510 8503       4       java.lang.StringLatin1::indexOf (25 bytes)
Event: 243.278 Thread 0x0000023d7fd2e510 nmethod 8503 0x0000023d70d3de10 code [0x0000023d70d3dfa0, 0x0000023d70d3e1a8]
Event: 245.046 Thread 0x0000023d7fd33d90 8504       3       org.apache.catalina.util.LifecycleBase::fireLifecycleEvent (56 bytes)
Event: 245.046 Thread 0x0000023d7fd33d90 nmethod 8504 0x0000023d699b8010 code [0x0000023d699b8240, 0x0000023d699b8af8]
Event: 245.046 Thread 0x0000023d7fd33d90 8505       3       org.apache.catalina.LifecycleEvent::<init> (16 bytes)
Event: 245.046 Thread 0x0000023d7fd33d90 nmethod 8505 0x0000023d699b8d90 code [0x0000023d699b8f60, 0x0000023d699b9368]
Event: 247.085 Thread 0x0000023d7fd2e510 8506       4       java.io.File::listFiles (52 bytes)
Event: 247.091 Thread 0x0000023d7fd2e510 nmethod 8506 0x0000023d70d3e290 code [0x0000023d70d3e4a0, 0x0000023d70d3ed08]
Event: 247.091 Thread 0x0000023d7fd2e510 8507       4       org.springframework.boot.devtools.filewatch.DirectorySnapshot::collectFiles (99 bytes)

GC Heap History (20 events):
Event: 3.702 GC heap before
{Heap before GC invocations=9 (full 0):
 garbage-first heap   total 81920K, used 66354K [0x0000000704000000, 0x0000000800000000)
  region size 2048K, 23 young (47104K), 3 survivors (6144K)
 Metaspace       used 53160K, committed 53760K, reserved 1114112K
  class space    used 6887K, committed 7168K, reserved 1048576K
}
Event: 3.708 GC heap after
{Heap after GC invocations=10 (full 0):
 garbage-first heap   total 81920K, used 28348K [0x0000000704000000, 0x0000000800000000)
  region size 2048K, 3 young (6144K), 3 survivors (6144K)
 Metaspace       used 53160K, committed 53760K, reserved 1114112K
  class space    used 6887K, committed 7168K, reserved 1048576K
}
Event: 4.042 GC heap before
{Heap before GC invocations=10 (full 0):
 garbage-first heap   total 81920K, used 52924K [0x0000000704000000, 0x0000000800000000)
  region size 2048K, 17 young (34816K), 3 survivors (6144K)
 Metaspace       used 59999K, committed 60608K, reserved 1114112K
  class space    used 7824K, committed 8128K, reserved 1048576K
}
Event: 4.046 GC heap after
{Heap after GC invocations=11 (full 0):
 garbage-first heap   total 81920K, used 30360K [0x0000000704000000, 0x0000000800000000)
  region size 2048K, 2 young (4096K), 2 survivors (4096K)
 Metaspace       used 59999K, committed 60608K, reserved 1114112K
  class space    used 7824K, committed 8128K, reserved 1048576K
}
Event: 4.529 GC heap before
{Heap before GC invocations=12 (full 0):
 garbage-first heap   total 81920K, used 69272K [0x0000000704000000, 0x0000000800000000)
  region size 2048K, 21 young (43008K), 2 survivors (4096K)
 Metaspace       used 67658K, committed 68416K, reserved 1114112K
  class space    used 9026K, committed 9344K, reserved 1048576K
}
Event: 4.532 GC heap after
{Heap after GC invocations=13 (full 0):
 garbage-first heap   total 81920K, used 31726K [0x0000000704000000, 0x0000000800000000)
  region size 2048K, 2 young (4096K), 2 survivors (4096K)
 Metaspace       used 67658K, committed 68416K, reserved 1114112K
  class space    used 9026K, committed 9344K, reserved 1048576K
}
Event: 4.885 GC heap before
{Heap before GC invocations=13 (full 0):
 garbage-first heap   total 81920K, used 70638K [0x0000000704000000, 0x0000000800000000)
  region size 2048K, 21 young (43008K), 2 survivors (4096K)
 Metaspace       used 71420K, committed 72128K, reserved 1114112K
  class space    used 9551K, committed 9856K, reserved 1048576K
}
Event: 4.890 GC heap after
{Heap after GC invocations=14 (full 0):
 garbage-first heap   total 81920K, used 33960K [0x0000000704000000, 0x0000000800000000)
  region size 2048K, 3 young (6144K), 3 survivors (6144K)
 Metaspace       used 71420K, committed 72128K, reserved 1114112K
  class space    used 9551K, committed 9856K, reserved 1048576K
}
Event: 5.084 GC heap before
{Heap before GC invocations=14 (full 0):
 garbage-first heap   total 81920K, used 68776K [0x0000000704000000, 0x0000000800000000)
  region size 2048K, 20 young (40960K), 3 survivors (6144K)
 Metaspace       used 72529K, committed 73216K, reserved 1114112K
  class space    used 9692K, committed 9984K, reserved 1048576K
}
Event: 5.087 GC heap after
{Heap after GC invocations=15 (full 0):
 garbage-first heap   total 81920K, used 35447K [0x0000000704000000, 0x0000000800000000)
  region size 2048K, 2 young (4096K), 2 survivors (4096K)
 Metaspace       used 72529K, committed 73216K, reserved 1114112K
  class space    used 9692K, committed 9984K, reserved 1048576K
}
Event: 5.279 GC heap before
{Heap before GC invocations=15 (full 0):
 garbage-first heap   total 81920K, used 72311K [0x0000000704000000, 0x0000000800000000)
  region size 2048K, 20 young (40960K), 2 survivors (4096K)
 Metaspace       used 73786K, committed 74496K, reserved 1114112K
  class space    used 9846K, committed 10176K, reserved 1048576K
}
Event: 5.283 GC heap after
{Heap after GC invocations=16 (full 0):
 garbage-first heap   total 98304K, used 36735K [0x0000000704000000, 0x0000000800000000)
  region size 2048K, 2 young (4096K), 2 survivors (4096K)
 Metaspace       used 73786K, committed 74496K, reserved 1114112K
  class space    used 9846K, committed 10176K, reserved 1048576K
}
Event: 5.658 GC heap before
{Heap before GC invocations=17 (full 0):
 garbage-first heap   total 98304K, used 85887K [0x0000000704000000, 0x0000000800000000)
  region size 2048K, 26 young (53248K), 2 survivors (4096K)
 Metaspace       used 75765K, committed 76480K, reserved 1179648K
  class space    used 10144K, committed 10432K, reserved 1048576K
}
Event: 5.662 GC heap after
{Heap after GC invocations=18 (full 0):
 garbage-first heap   total 98304K, used 39454K [0x0000000704000000, 0x0000000800000000)
  region size 2048K, 3 young (6144K), 3 survivors (6144K)
 Metaspace       used 75765K, committed 76480K, reserved 1179648K
  class space    used 10144K, committed 10432K, reserved 1048576K
}
Event: 5.951 GC heap before
{Heap before GC invocations=18 (full 0):
 garbage-first heap   total 98304K, used 84510K [0x0000000704000000, 0x0000000800000000)
  region size 2048K, 25 young (51200K), 3 survivors (6144K)
 Metaspace       used 77203K, committed 78016K, reserved 1179648K
  class space    used 10360K, committed 10752K, reserved 1048576K
}
Event: 5.956 GC heap after
{Heap after GC invocations=19 (full 0):
 garbage-first heap   total 98304K, used 40957K [0x0000000704000000, 0x0000000800000000)
  region size 2048K, 3 young (6144K), 3 survivors (6144K)
 Metaspace       used 77203K, committed 78016K, reserved 1179648K
  class space    used 10360K, committed 10752K, reserved 1048576K
}
Event: 6.209 GC heap before
{Heap before GC invocations=19 (full 0):
 garbage-first heap   total 98304K, used 86013K [0x0000000704000000, 0x0000000800000000)
  region size 2048K, 25 young (51200K), 3 survivors (6144K)
 Metaspace       used 78380K, committed 79232K, reserved 1179648K
  class space    used 10527K, committed 10944K, reserved 1048576K
}
Event: 6.214 GC heap after
{Heap after GC invocations=20 (full 0):
 garbage-first heap   total 98304K, used 43412K [0x0000000704000000, 0x0000000800000000)
  region size 2048K, 3 young (6144K), 3 survivors (6144K)
 Metaspace       used 78380K, committed 79232K, reserved 1179648K
  class space    used 10527K, committed 10944K, reserved 1048576K
}
Event: 11.031 GC heap before
{Heap before GC invocations=21 (full 0):
 garbage-first heap   total 98304K, used 80276K [0x0000000704000000, 0x0000000800000000)
  region size 2048K, 22 young (45056K), 3 survivors (6144K)
 Metaspace       used 84765K, committed 85632K, reserved 1179648K
  class space    used 11387K, committed 11776K, reserved 1048576K
}
Event: 11.036 GC heap after
{Heap after GC invocations=22 (full 0):
 garbage-first heap   total 98304K, used 45740K [0x0000000704000000, 0x0000000800000000)
  region size 2048K, 3 young (6144K), 3 survivors (6144K)
 Metaspace       used 84765K, committed 85632K, reserved 1179648K
  class space    used 11387K, committed 11776K, reserved 1048576K
}

Dll operation events (14 events):
Event: 0.006 Loaded shared library C:\Program Files\Java\jdk-21\bin\java.dll
Event: 0.035 Loaded shared library C:\Program Files\Java\jdk-21\bin\jsvml.dll
Event: 0.100 Loaded shared library C:\Program Files\Java\jdk-21\bin\zip.dll
Event: 0.103 Loaded shared library C:\Program Files\Java\jdk-21\bin\instrument.dll
Event: 0.106 Loaded shared library C:\Program Files\Java\jdk-21\bin\net.dll
Event: 0.107 Loaded shared library C:\Program Files\Java\jdk-21\bin\nio.dll
Event: 0.110 Loaded shared library C:\Program Files\Java\jdk-21\bin\zip.dll
Event: 0.180 Loaded shared library C:\Program Files\JetBrains\IntelliJ IDEA Community Edition 2023.2.5\bin\breakgen64.dll
Event: 0.185 Loaded shared library C:\Program Files\Java\jdk-21\bin\extnet.dll
Event: 0.205 Loaded shared library C:\Program Files\Java\jdk-21\bin\jimage.dll
Event: 0.396 Loaded shared library C:\Program Files\Java\jdk-21\bin\management.dll
Event: 0.398 Loaded shared library C:\Program Files\Java\jdk-21\bin\management_ext.dll
Event: 1.071 Loaded shared library C:\Program Files\Java\jdk-21\bin\sunmscapi.dll
Event: 3.201 Loaded shared library C:\Program Files\Java\jdk-21\bin\verify.dll

Deoptimization events (20 events):
Event: 10.925 Thread 0x0000023d4b4cccb0 DEOPT PACKING pc=0x0000023d69544ccd sp=0x000000e173df9b40
Event: 10.925 Thread 0x0000023d4b4cccb0 DEOPT UNPACKING pc=0x0000023d702188e2 sp=0x000000e173df9020 mode 0
Event: 10.926 Thread 0x0000023d4b4cccb0 DEOPT PACKING pc=0x0000023d69544ccd sp=0x000000e173df9b40
Event: 10.926 Thread 0x0000023d4b4cccb0 DEOPT UNPACKING pc=0x0000023d702188e2 sp=0x000000e173df9020 mode 0
Event: 10.926 Thread 0x0000023d4b4cccb0 DEOPT PACKING pc=0x0000023d69544ccd sp=0x000000e173df9b40
Event: 10.926 Thread 0x0000023d4b4cccb0 DEOPT UNPACKING pc=0x0000023d702188e2 sp=0x000000e173df9020 mode 0
Event: 10.927 Thread 0x0000023d4b4cccb0 DEOPT PACKING pc=0x0000023d69544ccd sp=0x000000e173df9b40
Event: 10.927 Thread 0x0000023d4b4cccb0 DEOPT UNPACKING pc=0x0000023d702188e2 sp=0x000000e173df9020 mode 0
Event: 10.927 Thread 0x0000023d4b4cccb0 DEOPT PACKING pc=0x0000023d69544ccd sp=0x000000e173df9b40
Event: 10.927 Thread 0x0000023d4b4cccb0 DEOPT UNPACKING pc=0x0000023d702188e2 sp=0x000000e173df9020 mode 0
Event: 10.928 Thread 0x0000023d4b4cccb0 DEOPT PACKING pc=0x0000023d69544ccd sp=0x000000e173df9b40
Event: 10.928 Thread 0x0000023d4b4cccb0 DEOPT UNPACKING pc=0x0000023d702188e2 sp=0x000000e173df9020 mode 0
Event: 11.208 Thread 0x0000023d4b4cccb0 Uncommon trap: trap_request=0xffffff45 fr.pc=0x0000023d708e92b0 relative=0x0000000000000350
Event: 11.208 Thread 0x0000023d4b4cccb0 Uncommon trap: reason=unstable_if action=reinterpret pc=0x0000023d708e92b0 method=java.util.HashMap.getNode(Ljava/lang/Object;)Ljava/util/HashMap$Node; @ 66 c2
Event: 11.208 Thread 0x0000023d4b4cccb0 DEOPT PACKING pc=0x0000023d708e92b0 sp=0x000000e173df8f40
Event: 11.208 Thread 0x0000023d4b4cccb0 DEOPT UNPACKING pc=0x0000023d70217da2 sp=0x000000e173df8e70 mode 2
Event: 11.208 Thread 0x0000023d4b4cccb0 Uncommon trap: trap_request=0xffffff45 fr.pc=0x0000023d70886fac relative=0x00000000000001cc
Event: 11.208 Thread 0x0000023d4b4cccb0 Uncommon trap: reason=unstable_if action=reinterpret pc=0x0000023d70886fac method=java.util.HashMap.getNode(Ljava/lang/Object;)Ljava/util/HashMap$Node; @ 66 c2
Event: 11.208 Thread 0x0000023d4b4cccb0 DEOPT PACKING pc=0x0000023d70886fac sp=0x000000e173df8ef0
Event: 11.208 Thread 0x0000023d4b4cccb0 DEOPT UNPACKING pc=0x0000023d70217da2 sp=0x000000e173df8e70 mode 2

Classes loaded (20 events):
Event: 10.794 Loading class java/util/concurrent/ArrayBlockingQueue
Event: 10.794 Loading class java/util/concurrent/ArrayBlockingQueue done
Event: 10.794 Loading class java/util/concurrent/ArrayBlockingQueue$Itr
Event: 10.794 Loading class java/util/concurrent/ArrayBlockingQueue$Itr done
Event: 10.824 Loading class java/util/ArrayDeque$DescendingIterator
Event: 10.824 Loading class java/util/ArrayDeque$DescendingIterator done
Event: 10.846 Loading class java/time/format/DateTimeFormatterBuilder$ZoneTextPrinterParser
Event: 10.846 Loading class java/time/format/DateTimeFormatterBuilder$ZoneTextPrinterParser done
Event: 10.846 Loading class java/time/format/DateTimeFormatterBuilder$ReducedPrinterParser
Event: 10.846 Loading class java/time/format/DateTimeFormatterBuilder$ReducedPrinterParser done
Event: 10.848 Loading class java/io/PushbackInputStream
Event: 10.848 Loading class java/io/PushbackInputStream done
Event: 10.854 Loading class org/w3c/dom/Node
Event: 10.854 Loading class org/w3c/dom/Node done
Event: 10.854 Loading class org/w3c/dom/Document
Event: 10.854 Loading class org/w3c/dom/Document done
Event: 11.170 Loading class java/io/SequenceInputStream
Event: 11.170 Loading class java/io/SequenceInputStream done
Event: 11.183 Loading class java/security/interfaces/EdECKey
Event: 11.183 Loading class java/security/interfaces/EdECKey done

Classes unloaded (1 events):
Event: 6.235 Thread 0x0000023d7fd03830 Unloading class 0x0000023d019d8000 'jdk/internal/reflect/GeneratedSerializationConstructorAccessor1'

Classes redefined (0 events):
No events

Internal exceptions (20 events):
Event: 6.085 Thread 0x0000023d45cedf70 Exception <a 'java/lang/IncompatibleClassChangeError'{0x0000000708a31258}: Found class java.lang.Object, but interface was expected> (0x0000000708a31258) 
thrown [s\open\src\hotspot\share\interpreter\linkResolver.cpp, line 840]
Event: 6.158 Thread 0x0000023d45cedf70 Exception <a 'java/lang/NoSuchMethodError'{0x0000000707ea26e0}: 'double java.lang.invoke.DirectMethodHandle$Holder.invokeStatic(java.lang.Object, java.lang.Object)'> (0x0000000707ea26e0) 
thrown [s\open\src\hotspot\share\interpreter\linkResolver.cpp, line 773]
Event: 6.186 Thread 0x0000023d45cedf70 Implicit null exception at 0x0000023d70916208 to 0x0000023d70916474
Event: 6.223 Thread 0x0000023d45443d70 Exception <a 'java/lang/NoSuchMethodError'{0x0000000713afcbb0}: 'long java.lang.invoke.DirectMethodHandle$Holder.invokeStatic(java.lang.Object, java.lang.Object, java.lang.Object)'> (0x0000000713afcbb0) 
thrown [s\open\src\hotspot\share\interpreter\linkResolver.cpp, line 773]
Event: 6.321 Thread 0x0000023d45cedf70 Exception <a 'java/lang/IncompatibleClassChangeError'{0x0000000709007230}: Found class java.lang.Object, but interface was expected> (0x0000000709007230) 
thrown [s\open\src\hotspot\share\interpreter\linkResolver.cpp, line 840]
Event: 6.335 Thread 0x0000023d45cedf70 Exception <a 'java/lang/NoSuchMethodError'{0x00000007091f4fe0}: 'void java.lang.invoke.DirectMethodHandle$Holder.invokeStatic(java.lang.Object, java.lang.Object, double)'> (0x00000007091f4fe0) 
thrown [s\open\src\hotspot\share\interpreter\linkResolver.cpp, line 773]
Event: 6.342 Thread 0x0000023d45cedf70 Exception <a 'java/lang/NoSuchMethodError'{0x0000000708e446f0}: 'double java.lang.invoke.DirectMethodHandle$Holder.invokeStatic(java.lang.Object, java.lang.Object, java.lang.Object)'> (0x0000000708e446f0) 
thrown [s\open\src\hotspot\share\interpreter\linkResolver.cpp, line 773]
Event: 6.359 Thread 0x0000023d45cedf70 Exception <a 'java/lang/IncompatibleClassChangeError'{0x0000000708f1bd60}: Found class java.lang.Object, but interface was expected> (0x0000000708f1bd60) 
thrown [s\open\src\hotspot\share\interpreter\linkResolver.cpp, line 840]
Event: 6.362 Thread 0x0000023d45cedf70 Exception <a 'java/lang/NoSuchMethodError'{0x0000000708f36e70}: 'java.lang.Object java.lang.invoke.DirectMethodHandle$Holder.newInvokeSpecial(java.lang.Object, java.lang.Object, int, java.lang.Object, java.lang.Object)'> (0x0000000708f36e70) 
thrown [s\open\src\hotspot\share\interpreter\linkResolver.cpp, line 773]
Event: 6.363 Thread 0x0000023d45cedf70 Exception <a 'java/lang/NoSuchMethodError'{0x0000000708f418b0}: 'java.lang.Object java.lang.invoke.DirectMethodHandle$Holder.invokeSpecial(java.lang.Object, java.lang.Object, int, java.lang.Object, int, java.lang.Object)'> (0x0000000708f418b0) 
thrown [s\open\src\hotspot\share\interpreter\linkResolver.cpp, line 773]
Event: 6.363 Thread 0x0000023d45cedf70 Exception <a 'java/lang/NoSuchMethodError'{0x0000000708f48910}: 'java.lang.Object java.lang.invoke.DirectMethodHandle$Holder.newInvokeSpecial(java.lang.Object, java.lang.Object, int, java.lang.Object, int)'> (0x0000000708f48910) 
thrown [s\open\src\hotspot\share\interpreter\linkResolver.cpp, line 773]
Event: 6.363 Thread 0x0000023d45cedf70 Exception <a 'java/lang/NoSuchMethodError'{0x0000000708f4c738}: 'java.lang.Object java.lang.invoke.DirectMethodHandle$Holder.invokeSpecial(java.lang.Object, java.lang.Object, java.lang.Object, int, java.lang.Object, int)'> (0x0000000708f4c738) 
thrown [s\open\src\hotspot\share\interpreter\linkResolver.cpp, line 773]
Event: 6.399 Thread 0x0000023d45cedf70 Exception <a 'java/lang/IncompatibleClassChangeError'{0x0000000708adfa58}: Found class java.lang.Object, but interface was expected> (0x0000000708adfa58) 
thrown [s\open\src\hotspot\share\interpreter\linkResolver.cpp, line 840]
Event: 6.413 Thread 0x0000023d45cedf70 Implicit null exception at 0x0000023d70953c71 to 0x0000023d70953f45
Event: 10.764 Thread 0x0000023d4b4cccb0 Exception <a 'java/lang/NoSuchMethodError'{0x00000007085b5708}: 'java.lang.Object java.lang.invoke.DirectMethodHandle$Holder.invokeSpecial(java.lang.Object, java.lang.Object, java.lang.Object, java.lang.Object, java.lang.Object, long)'> (0x00000007085b5708) 
thrown [s\open\src\hotspot\share\interpreter\linkResolver.cpp, line 773]
Event: 10.764 Thread 0x0000023d4b4cccb0 Exception <a 'java/lang/NoSuchMethodError'{0x00000007085b8e80}: 'java.lang.Object java.lang.invoke.Invokers$Holder.linkToTargetMethod(java.lang.Object, java.lang.Object, java.lang.Object, long, java.lang.Object)'> (0x00000007085b8e80) 
thrown [s\open\src\hotspot\share\interpreter\linkResolver.cpp, line 773]
Event: 11.059 Thread 0x0000023d4b4cccb0 Exception <a 'java/lang/NoSuchMethodError'{0x0000000713800c90}: 'void java.lang.invoke.DirectMethodHandle$Holder.invokeSpecialIFC(java.lang.Object, java.lang.Object, int, java.lang.Object, java.lang.Object, java.lang.Object, java.lang.Object)'> (0x0000000713800c90) 
thrown [s\open\src\hotspot\share\interpreter\linkResolver.cpp, line 773]
Event: 11.105 Thread 0x0000023d4b4cccb0 Exception <a 'java/lang/NoSuchMethodError'{0x0000000710acece8}: 'java.lang.Object java.lang.invoke.DirectMethodHandle$Holder.newInvokeSpecial(java.lang.Object, java.lang.Object, java.lang.Object, long)'> (0x0000000710acece8) 
thrown [s\open\src\hotspot\share\interpreter\linkResolver.cpp, line 773]
Event: 11.105 Thread 0x0000023d4b4cccb0 Exception <a 'java/lang/NoSuchMethodError'{0x0000000710ad3560}: 'java.lang.Object java.lang.invoke.DirectMethodHandle$Holder.invokeSpecial(java.lang.Object, java.lang.Object, java.lang.Object, java.lang.Object, long)'> (0x0000000710ad3560) 
thrown [s\open\src\hotspot\share\interpreter\linkResolver.cpp, line 773]
Event: 11.105 Thread 0x0000023d4b4cccb0 Exception <a 'java/lang/NoSuchMethodError'{0x0000000710ad7738}: 'java.lang.Object java.lang.invoke.Invokers$Holder.linkToTargetMethod(java.lang.Object, java.lang.Object, long, java.lang.Object)'> (0x0000000710ad7738) 
thrown [s\open\src\hotspot\share\interpreter\linkResolver.cpp, line 773]

ZGC Phase Switch (0 events):
No events

VM Operations (20 events):
Event: 74.117 Executing VM operation: Cleanup
Event: 74.117 Executing VM operation: Cleanup done
Event: 83.181 Executing VM operation: Cleanup
Event: 83.181 Executing VM operation: Cleanup done
Event: 85.204 Executing VM operation: Cleanup
Event: 85.204 Executing VM operation: Cleanup done
Event: 145.671 Executing VM operation: Cleanup
Event: 145.671 Executing VM operation: Cleanup done
Event: 203.089 Executing VM operation: Cleanup
Event: 203.089 Executing VM operation: Cleanup done
Event: 204.098 Executing VM operation: Cleanup
Event: 204.098 Executing VM operation: Cleanup done
Event: 205.103 Executing VM operation: Cleanup
Event: 205.103 Executing VM operation: Cleanup done
Event: 208.127 Executing VM operation: Cleanup
Event: 208.127 Executing VM operation: Cleanup done
Event: 209.130 Executing VM operation: Cleanup
Event: 209.130 Executing VM operation: Cleanup done
Event: 245.424 Executing VM operation: Cleanup
Event: 245.424 Executing VM operation: Cleanup done

Events (20 events):
Event: 6.369 Thread 0x0000023d4b4cd340 Thread added: 0x0000023d4b4cd340
Event: 6.369 Thread 0x0000023d4b4cd9d0 Thread added: 0x0000023d4b4cd9d0
Event: 6.369 Thread 0x0000023d4b4c9830 Thread added: 0x0000023d4b4c9830
Event: 6.369 Thread 0x0000023d4b4ce060 Thread added: 0x0000023d4b4ce060
Event: 6.369 Thread 0x0000023d4b4ce6f0 Thread added: 0x0000023d4b4ce6f0
Event: 6.369 Thread 0x0000023d4b4d0130 Thread added: 0x0000023d4b4d0130
Event: 6.369 Thread 0x0000023d4b4c9ec0 Thread added: 0x0000023d4b4c9ec0
Event: 6.379 Thread 0x0000023d4b4c91a0 Thread added: 0x0000023d4b4c91a0
Event: 6.380 Thread 0x0000023d4b4ca550 Thread added: 0x0000023d4b4ca550
Event: 6.454 Thread 0x0000023d45cedf70 Thread exited: 0x0000023d45cedf70
Event: 6.456 Thread 0x0000023d451fdad0 Thread exited: 0x0000023d451fdad0
Event: 6.456 Thread 0x0000023d5e5fcdd0 Thread exited: 0x0000023d5e5fcdd0
Event: 6.456 Thread 0x0000023d4b4ced80 Thread added: 0x0000023d4b4ced80
Event: 6.918 Thread 0x0000023d4a394ac0 Thread exited: 0x0000023d4a394ac0
Event: 7.327 Thread 0x0000023d451d2a50 Thread exited: 0x0000023d451d2a50
Event: 8.994 Thread 0x0000023d45860aa0 Thread exited: 0x0000023d45860aa0
Event: 10.784 Thread 0x0000023d4a394ac0 Thread added: 0x0000023d4a394ac0
Event: 10.847 Thread 0x0000023d451e2a30 Thread added: 0x0000023d451e2a30
Event: 11.208 Thread 0x0000023d451e2a30 Thread exited: 0x0000023d451e2a30
Event: 12.022 Thread 0x0000023d4a394ac0 Thread exited: 0x0000023d4a394ac0


Dynamic libraries:
0x00007ff7785e0000 - 0x00007ff7785f0000 	C:\Program Files\Java\jdk-21\bin\java.exe
0x00007fff20c30000 - 0x00007fff20e47000 	C:\Windows\SYSTEM32\ntdll.dll
0x00007fff1fce0000 - 0x00007fff1fda4000 	C:\Windows\System32\KERNEL32.DLL
0x00007fff1e5b0000 - 0x00007fff1e957000 	C:\Windows\System32\KERNELBASE.dll
0x00007fff1e2f0000 - 0x00007fff1e401000 	C:\Windows\System32\ucrtbase.dll
0x00007fff066d0000 - 0x00007fff066e9000 	C:\Program Files\Java\jdk-21\bin\jli.dll
0x00007fff066b0000 - 0x00007fff066cb000 	C:\Program Files\Java\jdk-21\bin\VCRUNTIME140.dll
0x00007fff20ad0000 - 0x00007fff20b82000 	C:\Windows\System32\ADVAPI32.dll
0x00007fff1fa20000 - 0x00007fff1fac7000 	C:\Windows\System32\msvcrt.dll
0x00007fff1fdb0000 - 0x00007fff1fe58000 	C:\Windows\System32\sechost.dll
0x00007fff1e580000 - 0x00007fff1e5a8000 	C:\Windows\System32\bcrypt.dll
0x00007fff1f890000 - 0x00007fff1f9a5000 	C:\Windows\System32\RPCRT4.dll
0x00007fff20390000 - 0x00007fff2053e000 	C:\Windows\System32\USER32.dll
0x00007fff1e160000 - 0x00007fff1e186000 	C:\Windows\System32\win32u.dll
0x00007fff099e0000 - 0x00007fff09c73000 	C:\Windows\WinSxS\amd64_microsoft.windows.common-controls_6595b64144ccf1df_6.0.22621.3527_none_270e469b73872a76\COMCTL32.dll
0x00007fff1fcb0000 - 0x00007fff1fcd9000 	C:\Windows\System32\GDI32.dll
0x00007fff1e040000 - 0x00007fff1e159000 	C:\Windows\System32\gdi32full.dll
0x00007fff1e190000 - 0x00007fff1e22a000 	C:\Windows\System32\msvcp_win.dll
0x00007fff13e40000 - 0x00007fff13e4a000 	C:\Windows\SYSTEM32\VERSION.dll
0x00007fff1f9e0000 - 0x00007fff1fa11000 	C:\Windows\System32\IMM32.DLL
0x00007fff06a70000 - 0x00007fff06a7c000 	C:\Program Files\Java\jdk-21\bin\vcruntime140_1.dll
0x00007ffeed8f0000 - 0x00007ffeed97e000 	C:\Program Files\Java\jdk-21\bin\msvcp140.dll
0x00007ffec7f30000 - 0x00007ffec8c45000 	C:\Program Files\Java\jdk-21\bin\server\jvm.dll
0x00007fff1fe60000 - 0x00007fff1fed1000 	C:\Windows\System32\WS2_32.dll
0x00007fff1cd90000 - 0x00007fff1cddd000 	C:\Windows\SYSTEM32\POWRPROF.dll
0x00007fff13900000 - 0x00007fff13934000 	C:\Windows\SYSTEM32\WINMM.dll
0x00007fff1cd70000 - 0x00007fff1cd83000 	C:\Windows\SYSTEM32\UMPDC.dll
0x00007fff1d030000 - 0x00007fff1d048000 	C:\Windows\SYSTEM32\kernel.appcore.dll
0x00007fff06620000 - 0x00007fff0662a000 	C:\Program Files\Java\jdk-21\bin\jimage.dll
0x00007fff1b7b0000 - 0x00007fff1b9e2000 	C:\Windows\SYSTEM32\DBGHELP.DLL
0x00007fff1f490000 - 0x00007fff1f818000 	C:\Windows\System32\combase.dll
0x00007fff20590000 - 0x00007fff20667000 	C:\Windows\System32\OLEAUT32.dll
0x00007ffefd800000 - 0x00007ffefd832000 	C:\Windows\SYSTEM32\dbgcore.DLL
0x00007fff1df50000 - 0x00007fff1dfc9000 	C:\Windows\System32\bcryptPrimitives.dll
0x00007fff16f70000 - 0x00007fff16f7f000 	C:\Program Files\Java\jdk-21\bin\instrument.dll
0x00007fff06600000 - 0x00007fff0661f000 	C:\Program Files\Java\jdk-21\bin\java.dll
0x00007fff1ea70000 - 0x00007fff1f2cc000 	C:\Windows\System32\SHELL32.dll
0x00007fff1be50000 - 0x00007fff1c746000 	C:\Windows\SYSTEM32\windows.storage.dll
0x00007fff1bd10000 - 0x00007fff1be4e000 	C:\Windows\SYSTEM32\wintypes.dll
0x00007fff20920000 - 0x00007fff20a15000 	C:\Windows\System32\SHCORE.dll
0x00007fff20b90000 - 0x00007fff20bee000 	C:\Windows\System32\shlwapi.dll
0x00007fff1de80000 - 0x00007fff1dea1000 	C:\Windows\SYSTEM32\profapi.dll
0x00007ffeed380000 - 0x00007ffeed457000 	C:\Program Files\Java\jdk-21\bin\jsvml.dll
0x00007fff05cc0000 - 0x00007fff05cd8000 	C:\Program Files\Java\jdk-21\bin\zip.dll
0x00007fff065f0000 - 0x00007fff06600000 	C:\Program Files\Java\jdk-21\bin\net.dll
0x00007fff15d80000 - 0x00007fff15eb6000 	C:\Windows\SYSTEM32\WINHTTP.dll
0x00007fff1d4b0000 - 0x00007fff1d519000 	C:\Windows\system32\mswsock.dll
0x00007fff065d0000 - 0x00007fff065e6000 	C:\Program Files\Java\jdk-21\bin\nio.dll
0x00007fff14f70000 - 0x00007fff14f8a000 	C:\Program Files\JetBrains\IntelliJ IDEA Community Edition 2023.2.5\bin\breakgen64.dll
0x00007fff05cb0000 - 0x00007fff05cb7000 	C:\Program Files\Java\jdk-21\bin\extnet.dll
0x00007fff0b4a0000 - 0x00007fff0b4aa000 	C:\Program Files\Java\jdk-21\bin\management.dll
0x00007fff0b490000 - 0x00007fff0b49b000 	C:\Program Files\Java\jdk-21\bin\management_ext.dll
0x00007fff1e960000 - 0x00007fff1e968000 	C:\Windows\System32\PSAPI.DLL
0x00007fff0b480000 - 0x00007fff0b48e000 	C:\Program Files\Java\jdk-21\bin\sunmscapi.dll
0x00007fff1e410000 - 0x00007fff1e578000 	C:\Windows\System32\CRYPT32.dll
0x00007fff1d8d0000 - 0x00007fff1d8fe000 	C:\Windows\SYSTEM32\ncrypt.dll
0x00007fff1d890000 - 0x00007fff1d8c7000 	C:\Windows\SYSTEM32\NTASN1.dll
0x00007fff1d730000 - 0x00007fff1d74b000 	C:\Windows\SYSTEM32\CRYPTSP.dll
0x00007fff1cf90000 - 0x00007fff1cfc5000 	C:\Windows\system32\rsaenh.dll
0x00007fff1d5d0000 - 0x00007fff1d5f8000 	C:\Windows\SYSTEM32\USERENV.dll
0x00007fff1d750000 - 0x00007fff1d75c000 	C:\Windows\SYSTEM32\CRYPTBASE.dll
0x00007fff1ca20000 - 0x00007fff1ca4d000 	C:\Windows\SYSTEM32\IPHLPAPI.DLL
0x00007fff1f820000 - 0x00007fff1f829000 	C:\Windows\System32\NSI.dll
0x00007fff05c80000 - 0x00007fff05c90000 	C:\Program Files\Java\jdk-21\bin\verify.dll
0x00007fff1ca90000 - 0x00007fff1cb88000 	C:\Windows\SYSTEM32\DNSAPI.dll
0x00007fff13760000 - 0x00007fff1376a000 	C:\Windows\System32\rasadhlp.dll
0x00007fff12f80000 - 0x00007fff13003000 	C:\Windows\System32\fwpuclnt.dll
0x00007fff06b50000 - 0x00007fff06b58000 	C:\Windows\system32\wshunix.dll

dbghelp: loaded successfully - version: 4.0.5 - missing functions: none
symbol engine: initialized successfully - sym options: 0x614 - pdb path: .;C:\Program Files\Java\jdk-21\bin;C:\Windows\SYSTEM32;C:\Windows\WinSxS\amd64_microsoft.windows.common-controls_6595b64144ccf1df_6.0.22621.3527_none_270e469b73872a76;C:\Program Files\Java\jdk-21\bin\server;C:\Program Files\JetBrains\IntelliJ IDEA Community Edition 2023.2.5\bin

VM Arguments:
jvm_args: -javaagent:C:\Program Files\JetBrains\IntelliJ IDEA Community Edition 2023.2.5\lib\idea_rt.jar=61079:C:\Program Files\JetBrains\IntelliJ IDEA Community Edition 2023.2.5\bin -Dfile.encoding=UTF-8 -Dsun.stdout.encoding=UTF-8 -Dsun.stderr.encoding=UTF-8 
java_command: com.springboot.blog.SpringbootBlogRestApiApplication
java_class_path (initial): D:\Learning\springBoot\Course\RameshUdemy\springboot-blog-rest-api\target\classes;C:\Users\dd397\.m2\repository\org\springframework\boot\spring-boot-starter-actuator\3.2.1\spring-boot-starter-actuator-3.2.1.jar;C:\Users\dd397\.m2\repository\org\springframework\boot\spring-boot-starter\3.2.1\spring-boot-starter-3.2.1.jar;C:\Users\dd397\.m2\repository\org\springframework\boot\spring-boot-starter-logging\3.2.1\spring-boot-starter-logging-3.2.1.jar;C:\Users\dd397\.m2\repository\ch\qos\logback\logback-classic\1.4.14\logback-classic-1.4.14.jar;C:\Users\dd397\.m2\repository\ch\qos\logback\logback-core\1.4.14\logback-core-1.4.14.jar;C:\Users\dd397\.m2\repository\org\apache\logging\log4j\log4j-to-slf4j\2.21.1\log4j-to-slf4j-2.21.1.jar;C:\Users\dd397\.m2\repository\org\apache\logging\log4j\log4j-api\2.21.1\log4j-api-2.21.1.jar;C:\Users\dd397\.m2\repository\org\slf4j\jul-to-slf4j\2.0.9\jul-to-slf4j-2.0.9.jar;C:\Users\dd397\.m2\repository\jakarta\annotation\jakarta.annotation-api\2.1.1\jakarta.annotation-api-2.1.1.jar;C:\Users\dd397\.m2\repository\org\yaml\snakeyaml\2.2\snakeyaml-2.2.jar;C:\Users\dd397\.m2\repository\org\springframework\boot\spring-boot-actuator-autoconfigure\3.2.1\spring-boot-actuator-autoconfigure-3.2.1.jar;C:\Users\dd397\.m2\repository\org\springframework\boot\spring-boot-actuator\3.2.1\spring-boot-actuator-3.2.1.jar;C:\Users\dd397\.m2\repository\com\fasterxml\jackson\datatype\jackson-datatype-jsr310\2.15.3\jackson-datatype-jsr310-2.15.3.jar;C:\Users\dd397\.m2\repository\io\micrometer\micrometer-observation\1.12.1\micrometer-observation-1.12.1.jar;C:\Users\dd397\.m2\repository\io\micrometer\micrometer-commons\1.12.1\micrometer-commons-1.12.1.jar;C:\Users\dd397\.m2\repository\io\micrometer\micrometer-jakarta9\1.12.1\micrometer-jakarta9-1.12.1.jar;C:\Users\dd397\.m2\repository\io\micrometer\micrometer-core\1.12.1\micrometer-core-1.12.1.jar;C:\Users\dd397\.m2\repository\org\hdrhistogram\HdrHistogram\2.1.12\HdrHistogram-2.1.12.jar;C:\Users\dd397\.m2\repository\org\latencyutils\LatencyUtils\2.0.3\LatencyUtils-2.0.3.jar;C:\Users\dd397\.m2\repository\org\springframework\boot\spring-boot-starter-data-jpa\3.2.1\spring-boot-starter-data-jpa-3.2.1.jar;C:\Users\dd397\.m2\repository\org\springframework\boot\spring-boot-starter-aop\3.2.1\spring-boot-starter-aop-3.2.1.jar;C:\Users\dd397\.m2\repository\org\aspectj\aspectjweaver\1.9.21\aspectjweaver-1.9.21.jar;C:\Users\dd397\.m2\repository\org\springframework\boot\spring-boot-starter-jdbc\3.2.1\spring-boot-starter-jdbc-3.2.1.jar;C:\Users\dd397\.m2\repository\com\zaxxer\HikariCP\5.0.1\HikariCP-5.0.1.jar;C:\Users\dd397\.m2\repository\org\springframework\spring-jdbc\6.1.2\spring-jdbc-6.1.2.jar;C:\Users\dd397\.m2\repository\org\hibernate\orm\hibernate-core\6.4.1.Final\hibernate-core-6.4.1.Final.jar;C:\Users\dd397\.m2\repository\jakarta\persistence\jakarta.persistence-api\3.1.0\jakarta.persistence-api-3.1.0.jar;C:\Users\dd397\.m2\repository\jakarta\transaction\jakarta.transaction-api\2.0.1\jakarta.transaction-api-2.0.1.jar;C:\Users\dd397\.m2\repository\org\jboss\logging\jboss-logging\3.5.3.Final\jboss-logging-3.5.3.Final.jar;C:\Users\dd397\.m2\repository\org\hibernate\common\hibernate-commons-annotations\6.0.6.Final\hibernate-commons-annotations-6.0.6.Final.jar;C:\Users\dd397\.m2\repository\io\smallrye\jandex\3.1.2\jandex-3.1.2.jar;C:\Users\dd397\.m2\repository\com\fasterxml\classmate\1.6.0\classmate-1.6.0.jar;C:\Users\dd397\.m2\repository\net\bytebuddy\byte-buddy\1.14.10\byte-buddy-1.14.10.jar;C:\Users\dd397\.m2\repository\org\glassfish\jaxb\jaxb-runtime\4.0.4\jaxb-runtime-4.0.4.jar;C:\Users\dd397\.m2\repository\org\glassfish\jaxb\jaxb-core\4.0.4\jaxb-core-4.0.4.jar;C:\Users\dd397\.m2\repository\org\eclipse\angus\angus-activation\2.0.1\angus-activation-2.0.1.jar;C:\Users\dd397\.m2\repository\org\glassfish\jaxb\txw2\4.0.4\txw2-4.0.4.jar;C:\Users\dd397\.m2\repository\com\sun\istack\istack-commons-runtime\4.1.2\istack-commons-runtime-4.1.2.jar;C:\Users\dd397\.m2\repository\jakarta\inject\jakarta.inject-api\2.0.1\jakarta.inject-api-2.0.1.jar;C:\Users\dd397\.m2\repository\org\antlr\antlr4-runtime\4.13.0\antlr4-runtime-4.13.0.jar;C:\Users\dd397\.m2\repository\org\springframework\data\spring-data-jpa\3.2.1\spring-data-jpa-3.2.1.jar;C:\Users\dd397\.m2\repository\org\springframework\data\spring-data-commons\3.2.1\spring-data-commons-3.2.1.jar;C:\Users\dd397\.m2\repository\org\springframework\spring-orm\6.1.2\spring-orm-6.1.2.jar;C:\Users\dd397\.m2\repository\org\springframework\spring-context\6.1.2\spring-context-6.1.2.jar;C:\Users\dd397\.m2\repository\org\springframework\spring-tx\6.1.2\spring-tx-6.1.2.jar;C:\Users\dd397\.m2\repository\org\springframework\spring-beans\6.1.2\spring-beans-6.1.2.jar;C:\Users\dd397\.m2\repository\org\slf4j\slf4j-api\2.0.9\slf4j-api-2.0.9.jar;C:\Users\dd397\.m2\repository\org\springframework\spring-aspects\6.1.2\spring-aspects-6.1.2.jar;C:\Users\dd397\.m2\repository\org\springframework\boot\spring-boot-starter-web\3.2.1\spring-boot-starter-web-3.2.1.jar;C:\Users\dd397\.m2\repository\org\springframework\boot\spring-boot-starter-json\3.2.1\spring-boot-starter-json-3.2.1.jar;C:\Users\dd397\.m2\repository\com\fasterxml\jackson\datatype\jackson-datatype-jdk8\2.15.3\jackson-datatype-jdk8-2.15.3.jar;C:\Users\dd397\.m2\repository\com\fasterxml\jackson\module\jackson-module-parameter-names\2.15.3\jackson-module-parameter-names-2.15.3.jar;C:\Users\dd397\.m2\repository\org\springframework\boot\spring-boot-starter-tomcat\3.2.1\spring-boot-starter-tomcat-3.2.1.jar;C:\Users\dd397\.m2\repository\org\apache\tomcat\embed\tomcat-embed-core\10.1.17\tomcat-embed-core-10.1.17.jar;C:\Users\dd397\.m2\repository\org\apache\tomcat\embed\tomcat-embed-websocket\10.1.17\tomcat-embed-websocket-10.1.17.jar;C:\Users\dd397\.m2\repository\org\springframework\spring-web\6.1.2\spring-web-6.1.2.jar;C:\Users\dd397\.m2\repository\org\springframework\spring-webmvc\6.1.2\spring-webmvc-6.1.2.jar;C:\Users\dd397\.m2\repository\org\springframework\spring-expression\6.1.2\spring-expression-6.1.2.jar;C:\Users\dd397\.m2\repository\org\springframework\boot\spring-boot-starter-validation\3.2.1\spring-boot-starter-validation-3.2.1.jar;C:\Users\dd397\.m2\repository\org\apache\tomcat\embed\tomcat-embed-el\10.1.17\tomcat-embed-el-10.1.17.jar;C:\Users\dd397\.m2\repository\org\hibernate\validator\hibernate-validator\8.0.1.Final\hibernate-validator-8.0.1.Final.jar;C:\Users\dd397\.m2\repository\jakarta\validation\jakarta.validation-api\3.0.2\jakarta.validation-api-3.0.2.jar;C:\Users\dd397\.m2\repository\org\springframework\boot\spring-boot-devtools\3.2.1\spring-boot-devtools-3.2.1.jar;C:\Users\dd397\.m2\repository\org\springframework\boot\spring-boot\3.2.1\spring-boot-3.2.1.jar;C:\Users\dd397\.m2\repository\org\springframework\boot\spring-boot-autoconfigure\3.2.1\spring-boot-autoconfigure-3.2.1.jar;C:\Users\dd397\.m2\repository\com\mysql\mysql-connector-j\8.2.0\mysql-connector-j-8.2.0.jar;C:\Users\dd397\.m2\repository\org\projectlombok\lombok\1.18.30\lombok-1.18.30.jar;C:\Users\dd397\.m2\repository\org\modelmapper\modelmapper\3.2.0\modelmapper-3.2.0.jar;C:\Users\dd397\.m2\repository\jakarta\xml\bind\jakarta.xml.bind-api\4.0.1\jakarta.xml.bind-api-4.0.1.jar;C:\Users\dd397\.m2\repository\jakarta\activation\jakarta.activation-api\2.1.2\jakarta.activation-api-2.1.2.jar;C:\Users\dd397\.m2\repository\org\springframework\spring-core\6.1.2\spring-core-6.1.2.jar;C:\Users\dd397\.m2\repository\org\springframework\spring-jcl\6.1.2\spring-jcl-6.1.2.jar;C:\Users\dd397\.m2\repository\org\springframework\boot\spring-boot-starter-security\3.2.1\spring-boot-starter-security-3.2.1.jar;C:\Users\dd397\.m2\repository\org\springframework\spring-aop\6.1.2\spring-aop-6.1.2.jar;C:\Users\dd397\.m2\repository\org\springframework\security\spring-security-config\6.2.1\spring-security-config-6.2.1.jar;C:\Users\dd397\.m2\repository\org\springframework\security\spring-security-core\6.2.1\spring-security-core-6.2.1.jar;C:\Users\dd397\.m2\repository\org\springframework\security\spring-security-crypto\6.2.1\spring-security-crypto-6.2.1.jar;C:\Users\dd397\.m2\repository\org\springframework\security\spring-security-web\6.2.1\spring-security-web-6.2.1.jar;C:\Users\dd397\.m2\repository\io\jsonwebtoken\jjwt-jackson\0.12.3\jjwt-jackson-0.12.3.jar;C:\Users\dd397\.m2\repository\com\fasterxml\jackson\core\jackson-databind\2.15.3\jackson-databind-2.15.3.jar;C:\Users\dd397\.m2\repository\com\fasterxml\jackson\core\jackson-annotations\2.15.3\jackson-annotations-2.15.3.jar;C:\Users\dd397\.m2\repository\com\fasterxml\jackson\core\jackson-core\2.15.3\jackson-core-2.15.3.jar;C:\Users\dd397\.m2\repository\io\jsonwebtoken\jjwt-api\0.12.3\jjwt-api-0.12.3.jar;C:\Users\dd397\.m2\repository\io\jsonwebtoken\jjwt-impl\0.12.3\jjwt-impl-0.12.3.jar;C:\Users\dd397\.m2\repository\org\springdoc\springdoc-openapi-starter-webmvc-ui\2.3.0\springdoc-openapi-starter-webmvc-ui-2.3.0.jar;C:\Users\dd397\.m2\repository\org\springdoc\springdoc-openapi-starter-webmvc-api\2.3.0\springdoc-openapi-starter-webmvc-api-2.3.0.jar;C:\Users\dd397\.m2\repository\org\springdoc\springdoc-openapi-starter-common\2.3.0\springdoc-openapi-starter-common-2.3.0.jar;C:\Users\dd397\.m2\repository\io\swagger\core\v3\swagger-core-jakarta\2.2.19\swagger-core-jakarta-2.2.19.jar;C:\Users\dd397\.m2\repository\org\apache\commons\commons-lang3\3.13.0\commons-lang3-3.13.0.jar;C:\Users\dd397\.m2\repository\io\swagger\core\v3\swagger-annotations-jakarta\2.2.19\swagger-annotations-jakarta-2.2.19.jar;C:\Users\dd397\.m2\repository\io\swagger\core\v3\swagger-models-jakarta\2.2.19\swagger-models-jakarta-2.2.19.jar;C:\Users\dd397\.m2\repository\com\fasterxml\jackson\dataformat\jackson-dataformat-yaml\2.15.3\jackson-dataformat-yaml-2.15.3.jar;C:\Users\dd397\.m2\repository\org\webjars\swagger-ui\5.10.3\swagger-ui-5.10.3.jar
Launcher Type: SUN_STANDARD

[Global flags]
     intx CICompilerCount                          = 4                                         {product} {ergonomic}
     uint ConcGCThreads                            = 3                                         {product} {ergonomic}
     uint G1ConcRefinementThreads                  = 10                                        {product} {ergonomic}
   size_t G1HeapRegionSize                         = 2097152                                   {product} {ergonomic}
    uintx GCDrainStackTargetSize                   = 64                                        {product} {ergonomic}
   size_t InitialHeapSize                          = 264241152                                 {product} {ergonomic}
   size_t MarkStackSize                            = 4194304                                   {product} {ergonomic}
   size_t MaxHeapSize                              = 4227858432                                {product} {ergonomic}
   size_t MaxNewSize                               = 2535456768                                {product} {ergonomic}
   size_t MinHeapDeltaBytes                        = 2097152                                   {product} {ergonomic}
   size_t MinHeapSize                              = 8388608                                   {product} {ergonomic}
    uintx NonNMethodCodeHeapSize                   = 5839372                                {pd product} {ergonomic}
    uintx NonProfiledCodeHeapSize                  = 122909434                              {pd product} {ergonomic}
    uintx ProfiledCodeHeapSize                     = 122909434                              {pd product} {ergonomic}
    uintx ReservedCodeCacheSize                    = 251658240                              {pd product} {ergonomic}
     bool SegmentedCodeCache                       = true                                      {product} {ergonomic}
   size_t SoftMaxHeapSize                          = 4227858432                             {manageable} {ergonomic}
     bool UseCompressedOops                        = true                           {product lp64_product} {ergonomic}
     bool UseG1GC                                  = true                                      {product} {ergonomic}
     bool UseLargePagesIndividualAllocation        = false                                  {pd product} {ergonomic}

Logging:
Log output configuration:
 #0: stdout all=warning uptime,level,tags foldmultilines=false
 #1: stderr all=off uptime,level,tags foldmultilines=false

Environment Variables:
JAVA_HOME=C:\Program Files\Microsoft\jdk-17.0.10.7-hotspot\
PATH=C:\Program Files\Microsoft\jdk-17.0.10.7-hotspot\bin;C:\Program Files\Common Files\Oracle\Java\javapath;C:\Windows\system32;C:\Windows;C:\Windows\System32\Wbem;C:\Windows\System32\WindowsPowerShell\v1.0\;C:\Windows\System32\OpenSSH\;C:\Program Files (x86)\NVIDIA Corporation\PhysX\Common;C:\Program Files\NVIDIA Corporation\NVIDIA NvDLISR;C:\Program Files\dotnet\;C:\Program Files\MySQL\MySQL Server 8.0\bin;C:\Program Files\Microsoft\jdk-17.0.10.7-hotspot\\bin;C:\Program Files\Docker\Docker\resources\bin;C:\Program Files\nodejs\;C:\ProgramData\chocolatey\bin;C:\Program Files\MySQL\MySQL Shell 8.0\bin\;C:\Users\dd397\AppData\Local\Microsoft\WindowsApps;C:\Users\dd397\AppData\Local\Programs\Microsoft VS Code\bin;C:\Users\dd397\AppData\Roaming\npm;C:\Users\dd397\AppData\Local\JetBrains\Toolbox\scripts;C:\Users\dd397\AppData\Local\Android\Sdk\platform-tools;C:\Users\dd397\AppData\Local\Android\Sdk\emulator;
USERNAME=dd397
OS=Windows_NT
PROCESSOR_IDENTIFIER=Intel64 Family 6 Model 141 Stepping 1, GenuineIntel
TMP=C:\Users\dd397\AppData\Local\Temp
TEMP=C:\Users\dd397\AppData\Local\Temp




Periodic native trim disabled

---------------  S Y S T E M  ---------------

OS:
 Windows 11 , 64 bit Build 22621 (10.0.22621.3527)
OS uptime: 1 days 16:49 hours
Hyper-V role detected

CPU: total 12 (initial active 12) (6 cores per cpu, 2 threads per core) family 6 model 141 stepping 1 microcode 0x34, cx8, cmov, fxsr, ht, mmx, 3dnowpref, sse, sse2, sse3, ssse3, sse4.1, sse4.2, popcnt, lzcnt, tsc, tscinvbit, avx, avx2, aes, erms, clmul, bmi1, bmi2, adx, avx512f, avx512dq, avx512cd, avx512bw, avx512vl, sha, fma, vzeroupper, avx512_vpopcntdq, avx512_vpclmulqdq, avx512_vaes, avx512_vnni, clflush, clflushopt, clwb, avx512_vbmi2, avx512_vbmi, hv, rdtscp, rdpid, fsrm, gfni, avx512_bitalg, f16c, cet_ibt, cet_ss, avx512_ifma
Processor Information for all 12 processors :
  Max Mhz: 2688, Current Mhz: 2688, Mhz Limit: 2688

Memory: 4k page, system-wide physical 16122M (1771M free)
TotalPageFile size 44496M (AvailPageFile size 5M)
current process WorkingSet (physical memory assigned to process): 326M, peak: 356M
current process commit charge ("private bytes"): 366M, peak: 399M

vm_info: Java HotSpot(TM) 64-Bit Server VM (21.0.1+12-LTS-29) for windows-amd64 JRE (21.0.1+12-LTS-29), built on 2023-10-05T13:27:09Z by "mach5one" with MS VC++ 17.1 (VS2022)

END.
